mode: set
github.com/hyperledger/fabric-chaincode-go/contractapi/internal/types/types.go:19.68,21.2 1 1
github.com/hyperledger/fabric-chaincode-go/contractapi/internal/types/types.go:23.48,25.2 1 1
github.com/hyperledger/fabric-chaincode-go/contractapi/internal/types/types.go:29.66,32.17 3 1
github.com/hyperledger/fabric-chaincode-go/contractapi/internal/types/types.go:40.2,40.38 1 1
github.com/hyperledger/fabric-chaincode-go/contractapi/internal/types/types.go:32.17,35.17 2 1
github.com/hyperledger/fabric-chaincode-go/contractapi/internal/types/types.go:35.17,37.4 1 1
github.com/hyperledger/fabric-chaincode-go/contractapi/internal/types/types.go:43.46,45.2 1 1
github.com/hyperledger/fabric-chaincode-go/contractapi/internal/types/types.go:49.65,52.17 3 1
github.com/hyperledger/fabric-chaincode-go/contractapi/internal/types/types.go:60.2,60.37 1 1
github.com/hyperledger/fabric-chaincode-go/contractapi/internal/types/types.go:52.17,55.17 2 1
github.com/hyperledger/fabric-chaincode-go/contractapi/internal/types/types.go:55.17,57.4 1 1
github.com/hyperledger/fabric-chaincode-go/contractapi/internal/types/types.go:63.45,65.2 1 1
github.com/hyperledger/fabric-chaincode-go/contractapi/internal/types/types.go:69.66,71.17 2 1
github.com/hyperledger/fabric-chaincode-go/contractapi/internal/types/types.go:81.2,81.37 1 1
github.com/hyperledger/fabric-chaincode-go/contractapi/internal/types/types.go:71.17,74.17 2 1
github.com/hyperledger/fabric-chaincode-go/contractapi/internal/types/types.go:78.3,78.26 1 1
github.com/hyperledger/fabric-chaincode-go/contractapi/internal/types/types.go:74.17,76.4 1 1
github.com/hyperledger/fabric-chaincode-go/contractapi/internal/types/types.go:84.46,86.2 1 1
github.com/hyperledger/fabric-chaincode-go/contractapi/internal/types/types.go:90.67,92.17 2 1
github.com/hyperledger/fabric-chaincode-go/contractapi/internal/types/types.go:102.2,102.37 1 1
github.com/hyperledger/fabric-chaincode-go/contractapi/internal/types/types.go:92.17,95.17 2 1
github.com/hyperledger/fabric-chaincode-go/contractapi/internal/types/types.go:99.3,99.27 1 1
github.com/hyperledger/fabric-chaincode-go/contractapi/internal/types/types.go:95.17,97.4 1 1
github.com/hyperledger/fabric-chaincode-go/contractapi/internal/types/types.go:105.47,107.2 1 1
github.com/hyperledger/fabric-chaincode-go/contractapi/internal/types/types.go:111.67,113.17 2 1
github.com/hyperledger/fabric-chaincode-go/contractapi/internal/types/types.go:123.2,123.37 1 1
github.com/hyperledger/fabric-chaincode-go/contractapi/internal/types/types.go:113.17,116.17 2 1
github.com/hyperledger/fabric-chaincode-go/contractapi/internal/types/types.go:120.3,120.27 1 1
github.com/hyperledger/fabric-chaincode-go/contractapi/internal/types/types.go:116.17,118.4 1 1
github.com/hyperledger/fabric-chaincode-go/contractapi/internal/types/types.go:126.47,128.2 1 1
github.com/hyperledger/fabric-chaincode-go/contractapi/internal/types/types.go:132.67,135.17 3 1
github.com/hyperledger/fabric-chaincode-go/contractapi/internal/types/types.go:143.2,143.37 1 1
github.com/hyperledger/fabric-chaincode-go/contractapi/internal/types/types.go:135.17,138.17 2 1
github.com/hyperledger/fabric-chaincode-go/contractapi/internal/types/types.go:138.17,140.4 1 1
github.com/hyperledger/fabric-chaincode-go/contractapi/internal/types/types.go:146.47,148.2 1 1
github.com/hyperledger/fabric-chaincode-go/contractapi/internal/types/types.go:152.66,154.17 2 1
github.com/hyperledger/fabric-chaincode-go/contractapi/internal/types/types.go:164.2,164.38 1 1
github.com/hyperledger/fabric-chaincode-go/contractapi/internal/types/types.go:154.17,157.17 2 1
github.com/hyperledger/fabric-chaincode-go/contractapi/internal/types/types.go:161.3,161.28 1 1
github.com/hyperledger/fabric-chaincode-go/contractapi/internal/types/types.go:157.17,159.4 1 1
github.com/hyperledger/fabric-chaincode-go/contractapi/internal/types/types.go:167.46,177.2 8 1
github.com/hyperledger/fabric-chaincode-go/contractapi/internal/types/types.go:181.67,183.17 2 1
github.com/hyperledger/fabric-chaincode-go/contractapi/internal/types/types.go:193.2,193.38 1 1
github.com/hyperledger/fabric-chaincode-go/contractapi/internal/types/types.go:183.17,186.17 2 1
github.com/hyperledger/fabric-chaincode-go/contractapi/internal/types/types.go:190.3,190.29 1 1
github.com/hyperledger/fabric-chaincode-go/contractapi/internal/types/types.go:186.17,188.4 1 1
github.com/hyperledger/fabric-chaincode-go/contractapi/internal/types/types.go:196.47,203.2 6 1
github.com/hyperledger/fabric-chaincode-go/contractapi/internal/types/types.go:207.68,209.17 2 1
github.com/hyperledger/fabric-chaincode-go/contractapi/internal/types/types.go:219.2,219.38 1 1
github.com/hyperledger/fabric-chaincode-go/contractapi/internal/types/types.go:209.17,212.17 2 1
github.com/hyperledger/fabric-chaincode-go/contractapi/internal/types/types.go:216.3,216.30 1 1
github.com/hyperledger/fabric-chaincode-go/contractapi/internal/types/types.go:212.17,214.4 1 1
github.com/hyperledger/fabric-chaincode-go/contractapi/internal/types/types.go:222.48,229.2 6 1
github.com/hyperledger/fabric-chaincode-go/contractapi/internal/types/types.go:233.68,235.17 2 1
github.com/hyperledger/fabric-chaincode-go/contractapi/internal/types/types.go:245.2,245.38 1 1
github.com/hyperledger/fabric-chaincode-go/contractapi/internal/types/types.go:235.17,238.17 2 1
github.com/hyperledger/fabric-chaincode-go/contractapi/internal/types/types.go:242.3,242.30 1 1
github.com/hyperledger/fabric-chaincode-go/contractapi/internal/types/types.go:238.17,240.4 1 1
github.com/hyperledger/fabric-chaincode-go/contractapi/internal/types/types.go:248.48,255.2 6 1
github.com/hyperledger/fabric-chaincode-go/contractapi/internal/types/types.go:259.68,262.17 3 1
github.com/hyperledger/fabric-chaincode-go/contractapi/internal/types/types.go:270.2,270.38 1 1
github.com/hyperledger/fabric-chaincode-go/contractapi/internal/types/types.go:262.17,265.17 2 1
github.com/hyperledger/fabric-chaincode-go/contractapi/internal/types/types.go:265.17,267.4 1 1
github.com/hyperledger/fabric-chaincode-go/contractapi/internal/types/types.go:273.48,282.2 8 1
github.com/hyperledger/fabric-chaincode-go/contractapi/internal/types/types.go:286.69,288.17 2 1
github.com/hyperledger/fabric-chaincode-go/contractapi/internal/types/types.go:298.2,298.39 1 1
github.com/hyperledger/fabric-chaincode-go/contractapi/internal/types/types.go:288.17,291.17 2 1
github.com/hyperledger/fabric-chaincode-go/contractapi/internal/types/types.go:295.3,295.33 1 1
github.com/hyperledger/fabric-chaincode-go/contractapi/internal/types/types.go:291.17,293.4 1 1
github.com/hyperledger/fabric-chaincode-go/contractapi/internal/types/types.go:301.49,303.2 1 1
github.com/hyperledger/fabric-chaincode-go/contractapi/internal/types/types.go:307.69,310.17 3 1
github.com/hyperledger/fabric-chaincode-go/contractapi/internal/types/types.go:318.2,318.39 1 1
github.com/hyperledger/fabric-chaincode-go/contractapi/internal/types/types.go:310.17,313.17 2 1
github.com/hyperledger/fabric-chaincode-go/contractapi/internal/types/types.go:313.17,315.4 1 1
github.com/hyperledger/fabric-chaincode-go/contractapi/internal/types/types.go:321.49,323.2 1 1
github.com/hyperledger/fabric-chaincode-go/contractapi/internal/types/types.go:327.71,329.2 1 1
github.com/hyperledger/fabric-chaincode-go/contractapi/internal/types/types.go:331.51,333.2 1 1
github.com/hyperledger/fabric-chaincode-go/pkg/attrmgr/attrmgr.go:45.17,45.34 1 1
github.com/hyperledger/fabric-chaincode-go/pkg/attrmgr/attrmgr.go:52.132,54.16 2 1
github.com/hyperledger/fabric-chaincode-go/pkg/attrmgr/attrmgr.go:57.2,57.45 1 1
github.com/hyperledger/fabric-chaincode-go/pkg/attrmgr/attrmgr.go:54.16,56.3 1 1
github.com/hyperledger/fabric-chaincode-go/pkg/attrmgr/attrmgr.go:62.116,67.31 4 1
github.com/hyperledger/fabric-chaincode-go/pkg/attrmgr/attrmgr.go:81.2,81.35 1 1
github.com/hyperledger/fabric-chaincode-go/pkg/attrmgr/attrmgr.go:85.2,85.19 1 1
github.com/hyperledger/fabric-chaincode-go/pkg/attrmgr/attrmgr.go:67.31,71.18 3 1
github.com/hyperledger/fabric-chaincode-go/pkg/attrmgr/attrmgr.go:79.3,79.35 1 1
github.com/hyperledger/fabric-chaincode-go/pkg/attrmgr/attrmgr.go:71.18,72.24 1 1
github.com/hyperledger/fabric-chaincode-go/pkg/attrmgr/attrmgr.go:77.4,77.12 1 1
github.com/hyperledger/fabric-chaincode-go/pkg/attrmgr/attrmgr.go:72.24,75.5 1 1
github.com/hyperledger/fabric-chaincode-go/pkg/attrmgr/attrmgr.go:81.35,84.3 1 1
github.com/hyperledger/fabric-chaincode-go/pkg/attrmgr/attrmgr.go:89.86,91.16 2 1
github.com/hyperledger/fabric-chaincode-go/pkg/attrmgr/attrmgr.go:94.2,100.12 3 1
github.com/hyperledger/fabric-chaincode-go/pkg/attrmgr/attrmgr.go:91.16,93.3 1 0
github.com/hyperledger/fabric-chaincode-go/pkg/attrmgr/attrmgr.go:104.84,107.16 2 1
github.com/hyperledger/fabric-chaincode-go/pkg/attrmgr/attrmgr.go:111.2,112.16 2 1
github.com/hyperledger/fabric-chaincode-go/pkg/attrmgr/attrmgr.go:118.2,118.19 1 1
github.com/hyperledger/fabric-chaincode-go/pkg/attrmgr/attrmgr.go:107.16,109.3 1 0
github.com/hyperledger/fabric-chaincode-go/pkg/attrmgr/attrmgr.go:112.16,114.17 2 1
github.com/hyperledger/fabric-chaincode-go/pkg/attrmgr/attrmgr.go:114.17,116.4 1 0
github.com/hyperledger/fabric-chaincode-go/pkg/attrmgr/attrmgr.go:122.78,123.20 1 1
github.com/hyperledger/fabric-chaincode-go/pkg/attrmgr/attrmgr.go:127.2,129.16 3 1
github.com/hyperledger/fabric-chaincode-go/pkg/attrmgr/attrmgr.go:132.2,134.16 3 1
github.com/hyperledger/fabric-chaincode-go/pkg/attrmgr/attrmgr.go:138.2,144.16 4 1
github.com/hyperledger/fabric-chaincode-go/pkg/attrmgr/attrmgr.go:147.2,151.16 4 1
github.com/hyperledger/fabric-chaincode-go/pkg/attrmgr/attrmgr.go:154.2,155.19 2 1
github.com/hyperledger/fabric-chaincode-go/pkg/attrmgr/attrmgr.go:165.2,167.19 2 1
github.com/hyperledger/fabric-chaincode-go/pkg/attrmgr/attrmgr.go:123.20,125.3 1 1
github.com/hyperledger/fabric-chaincode-go/pkg/attrmgr/attrmgr.go:129.16,131.3 1 0
github.com/hyperledger/fabric-chaincode-go/pkg/attrmgr/attrmgr.go:134.16,136.3 1 0
github.com/hyperledger/fabric-chaincode-go/pkg/attrmgr/attrmgr.go:144.16,146.3 1 0
github.com/hyperledger/fabric-chaincode-go/pkg/attrmgr/attrmgr.go:151.16,153.3 1 0
github.com/hyperledger/fabric-chaincode-go/pkg/attrmgr/attrmgr.go:156.9,157.21 1 1
github.com/hyperledger/fabric-chaincode-go/pkg/attrmgr/attrmgr.go:158.9,159.20 1 0
github.com/hyperledger/fabric-chaincode-go/pkg/attrmgr/attrmgr.go:160.9,161.21 1 0
github.com/hyperledger/fabric-chaincode-go/pkg/attrmgr/attrmgr.go:162.9,163.19 1 0
github.com/hyperledger/fabric-chaincode-go/pkg/attrmgr/attrmgr.go:176.39,179.28 3 1
github.com/hyperledger/fabric-chaincode-go/pkg/attrmgr/attrmgr.go:183.2,183.14 1 1
github.com/hyperledger/fabric-chaincode-go/pkg/attrmgr/attrmgr.go:179.28,182.3 2 1
github.com/hyperledger/fabric-chaincode-go/pkg/attrmgr/attrmgr.go:187.49,190.2 2 1
github.com/hyperledger/fabric-chaincode-go/pkg/attrmgr/attrmgr.go:193.63,196.2 2 1
github.com/hyperledger/fabric-chaincode-go/pkg/attrmgr/attrmgr.go:200.46,202.16 2 1
github.com/hyperledger/fabric-chaincode-go/pkg/attrmgr/attrmgr.go:205.2,205.9 1 1
github.com/hyperledger/fabric-chaincode-go/pkg/attrmgr/attrmgr.go:208.2,208.19 1 1
github.com/hyperledger/fabric-chaincode-go/pkg/attrmgr/attrmgr.go:211.2,211.12 1 1
github.com/hyperledger/fabric-chaincode-go/pkg/attrmgr/attrmgr.go:202.16,204.3 1 0
github.com/hyperledger/fabric-chaincode-go/pkg/attrmgr/attrmgr.go:205.9,207.3 1 0
github.com/hyperledger/fabric-chaincode-go/pkg/attrmgr/attrmgr.go:208.19,210.3 1 0
github.com/hyperledger/fabric-chaincode-go/pkg/attrmgr/attrmgr.go:215.68,216.38 1 1
github.com/hyperledger/fabric-chaincode-go/pkg/attrmgr/attrmgr.go:221.2,221.17 1 1
github.com/hyperledger/fabric-chaincode-go/pkg/attrmgr/attrmgr.go:216.38,217.24 1 1
github.com/hyperledger/fabric-chaincode-go/pkg/attrmgr/attrmgr.go:217.24,219.4 1 1
github.com/hyperledger/fabric-chaincode-go/pkg/attrmgr/attrmgr.go:225.48,226.30 1 1
github.com/hyperledger/fabric-chaincode-go/pkg/attrmgr/attrmgr.go:229.2,229.28 1 1
github.com/hyperledger/fabric-chaincode-go/pkg/attrmgr/attrmgr.go:234.2,234.13 1 1
github.com/hyperledger/fabric-chaincode-go/pkg/attrmgr/attrmgr.go:226.30,228.3 1 0
github.com/hyperledger/fabric-chaincode-go/pkg/attrmgr/attrmgr.go:229.28,230.26 1 1
github.com/hyperledger/fabric-chaincode-go/pkg/attrmgr/attrmgr.go:230.26,232.4 1 0
github.com/hyperledger/fabric-chaincode-go/pkg/attrmgr/attrmgr.go:238.62,239.29 1 1
github.com/hyperledger/fabric-chaincode-go/pkg/attrmgr/attrmgr.go:244.2,244.12 1 1
github.com/hyperledger/fabric-chaincode-go/pkg/attrmgr/attrmgr.go:239.29,240.29 1 1
github.com/hyperledger/fabric-chaincode-go/pkg/attrmgr/attrmgr.go:240.29,242.4 1 1
github.com/hyperledger/fabric-chaincode-go/pkg/statebased/interfaces.go:25.52,27.2 1 1
github.com/hyperledger/fabric-chaincode-go/pkg/statebased/statebasedimpl.go:22.62,24.19 2 1
github.com/hyperledger/fabric-chaincode-go/pkg/statebased/statebasedimpl.go:35.2,35.15 1 1
github.com/hyperledger/fabric-chaincode-go/pkg/statebased/statebasedimpl.go:24.19,26.54 2 1
github.com/hyperledger/fabric-chaincode-go/pkg/statebased/statebasedimpl.go:30.3,31.17 2 1
github.com/hyperledger/fabric-chaincode-go/pkg/statebased/statebasedimpl.go:26.54,28.4 1 0
github.com/hyperledger/fabric-chaincode-go/pkg/statebased/statebasedimpl.go:31.17,33.4 1 0
github.com/hyperledger/fabric-chaincode-go/pkg/statebased/statebasedimpl.go:39.44,41.16 2 1
github.com/hyperledger/fabric-chaincode-go/pkg/statebased/statebasedimpl.go:44.2,45.16 2 1
github.com/hyperledger/fabric-chaincode-go/pkg/statebased/statebasedimpl.go:48.2,48.21 1 1
github.com/hyperledger/fabric-chaincode-go/pkg/statebased/statebasedimpl.go:41.16,43.3 1 0
github.com/hyperledger/fabric-chaincode-go/pkg/statebased/statebasedimpl.go:45.16,47.3 1 0
github.com/hyperledger/fabric-chaincode-go/pkg/statebased/statebasedimpl.go:52.67,54.14 2 1
github.com/hyperledger/fabric-chaincode-go/pkg/statebased/statebasedimpl.go:64.2,64.33 1 1
github.com/hyperledger/fabric-chaincode-go/pkg/statebased/statebasedimpl.go:68.2,68.12 1 1
github.com/hyperledger/fabric-chaincode-go/pkg/statebased/statebasedimpl.go:55.22,56.31 1 0
github.com/hyperledger/fabric-chaincode-go/pkg/statebased/statebasedimpl.go:57.20,58.29 1 1
github.com/hyperledger/fabric-chaincode-go/pkg/statebased/statebasedimpl.go:59.10,60.52 1 1
github.com/hyperledger/fabric-chaincode-go/pkg/statebased/statebasedimpl.go:64.33,66.3 1 1
github.com/hyperledger/fabric-chaincode-go/pkg/statebased/statebasedimpl.go:72.46,73.33 1 1
github.com/hyperledger/fabric-chaincode-go/pkg/statebased/statebasedimpl.go:73.33,75.3 1 1
github.com/hyperledger/fabric-chaincode-go/pkg/statebased/statebasedimpl.go:79.39,81.28 2 1
github.com/hyperledger/fabric-chaincode-go/pkg/statebased/statebasedimpl.go:84.2,84.17 1 1
github.com/hyperledger/fabric-chaincode-go/pkg/statebased/statebasedimpl.go:81.28,83.3 1 1
github.com/hyperledger/fabric-chaincode-go/pkg/statebased/statebasedimpl.go:87.77,89.41 1 1
github.com/hyperledger/fabric-chaincode-go/pkg/statebased/statebasedimpl.go:100.2,100.12 1 1
github.com/hyperledger/fabric-chaincode-go/pkg/statebased/statebasedimpl.go:89.41,91.64 1 1
github.com/hyperledger/fabric-chaincode-go/pkg/statebased/statebasedimpl.go:91.64,94.18 3 1
github.com/hyperledger/fabric-chaincode-go/pkg/statebased/statebasedimpl.go:97.4,97.58 1 1
github.com/hyperledger/fabric-chaincode-go/pkg/statebased/statebasedimpl.go:94.18,96.5 1 0
github.com/hyperledger/fabric-chaincode-go/pkg/statebased/statebasedimpl.go:103.79,108.28 5 1
github.com/hyperledger/fabric-chaincode-go/pkg/statebased/statebasedimpl.go:130.2,142.15 2 1
github.com/hyperledger/fabric-chaincode-go/pkg/statebased/statebasedimpl.go:108.28,115.17 2 1
github.com/hyperledger/fabric-chaincode-go/pkg/statebased/statebasedimpl.go:118.3,126.4 2 1
github.com/hyperledger/fabric-chaincode-go/pkg/statebased/statebasedimpl.go:115.17,117.4 1 0
github.com/hyperledger/fabric-chaincode-go/contractapi/internal/utils/utils.go:11.74,14.30 2 1
github.com/hyperledger/fabric-chaincode-go/contractapi/internal/utils/utils.go:18.2,18.37 1 1
github.com/hyperledger/fabric-chaincode-go/contractapi/internal/utils/utils.go:14.30,16.3 1 1
github.com/hyperledger/fabric-chaincode-go/contractapi/internal/utils/utils.go:22.50,23.25 1 1
github.com/hyperledger/fabric-chaincode-go/contractapi/internal/utils/utils.go:28.2,28.14 1 1
github.com/hyperledger/fabric-chaincode-go/contractapi/internal/utils/utils.go:23.25,24.13 1 1
github.com/hyperledger/fabric-chaincode-go/contractapi/internal/utils/utils.go:24.13,26.4 1 1
github.com/hyperledger/fabric-chaincode-go/pkg/cid/cid.go:22.57,24.16 2 1
github.com/hyperledger/fabric-chaincode-go/pkg/cid/cid.go:27.2,27.18 1 1
github.com/hyperledger/fabric-chaincode-go/pkg/cid/cid.go:24.16,26.3 1 0
github.com/hyperledger/fabric-chaincode-go/pkg/cid/cid.go:32.60,34.16 2 1
github.com/hyperledger/fabric-chaincode-go/pkg/cid/cid.go:37.2,37.21 1 1
github.com/hyperledger/fabric-chaincode-go/pkg/cid/cid.go:34.16,36.3 1 0
github.com/hyperledger/fabric-chaincode-go/pkg/cid/cid.go:41.108,43.16 2 1
github.com/hyperledger/fabric-chaincode-go/pkg/cid/cid.go:46.2,46.38 1 1
github.com/hyperledger/fabric-chaincode-go/pkg/cid/cid.go:43.16,45.3 1 0
github.com/hyperledger/fabric-chaincode-go/pkg/cid/cid.go:50.90,52.16 2 1
github.com/hyperledger/fabric-chaincode-go/pkg/cid/cid.go:55.2,55.52 1 1
github.com/hyperledger/fabric-chaincode-go/pkg/cid/cid.go:52.16,54.3 1 0
github.com/hyperledger/fabric-chaincode-go/pkg/cid/cid.go:60.81,62.16 2 1
github.com/hyperledger/fabric-chaincode-go/pkg/cid/cid.go:65.2,65.31 1 1
github.com/hyperledger/fabric-chaincode-go/pkg/cid/cid.go:62.16,64.3 1 0
github.com/hyperledger/fabric-chaincode-go/pkg/cid/cid.go:77.63,80.16 3 1
github.com/hyperledger/fabric-chaincode-go/pkg/cid/cid.go:83.2,83.15 1 1
github.com/hyperledger/fabric-chaincode-go/pkg/cid/cid.go:80.16,82.3 1 1
github.com/hyperledger/fabric-chaincode-go/pkg/cid/cid.go:87.54,93.2 2 1
github.com/hyperledger/fabric-chaincode-go/pkg/cid/cid.go:97.57,99.2 1 1
github.com/hyperledger/fabric-chaincode-go/pkg/cid/cid.go:102.103,103.20 1 1
github.com/hyperledger/fabric-chaincode-go/pkg/cid/cid.go:106.2,106.32 1 1
github.com/hyperledger/fabric-chaincode-go/pkg/cid/cid.go:103.20,105.3 1 0
github.com/hyperledger/fabric-chaincode-go/pkg/cid/cid.go:110.85,112.16 2 1
github.com/hyperledger/fabric-chaincode-go/pkg/cid/cid.go:115.2,115.9 1 1
github.com/hyperledger/fabric-chaincode-go/pkg/cid/cid.go:118.2,118.22 1 1
github.com/hyperledger/fabric-chaincode-go/pkg/cid/cid.go:121.2,121.12 1 1
github.com/hyperledger/fabric-chaincode-go/pkg/cid/cid.go:112.16,114.3 1 0
github.com/hyperledger/fabric-chaincode-go/pkg/cid/cid.go:115.9,117.3 1 1
github.com/hyperledger/fabric-chaincode-go/pkg/cid/cid.go:118.22,120.3 1 1
github.com/hyperledger/fabric-chaincode-go/pkg/cid/cid.go:126.78,128.2 1 1
github.com/hyperledger/fabric-chaincode-go/pkg/cid/cid.go:131.43,133.16 2 1
github.com/hyperledger/fabric-chaincode-go/pkg/cid/cid.go:136.2,139.18 4 1
github.com/hyperledger/fabric-chaincode-go/pkg/cid/cid.go:146.2,147.16 2 1
github.com/hyperledger/fabric-chaincode-go/pkg/cid/cid.go:150.2,152.16 3 1
github.com/hyperledger/fabric-chaincode-go/pkg/cid/cid.go:155.2,156.12 2 1
github.com/hyperledger/fabric-chaincode-go/pkg/cid/cid.go:133.16,135.3 1 1
github.com/hyperledger/fabric-chaincode-go/pkg/cid/cid.go:139.18,141.17 2 1
github.com/hyperledger/fabric-chaincode-go/pkg/cid/cid.go:144.3,144.13 1 1
github.com/hyperledger/fabric-chaincode-go/pkg/cid/cid.go:141.17,143.4 1 0
github.com/hyperledger/fabric-chaincode-go/pkg/cid/cid.go:147.16,149.3 1 0
github.com/hyperledger/fabric-chaincode-go/pkg/cid/cid.go:152.16,154.3 1 0
github.com/hyperledger/fabric-chaincode-go/pkg/cid/cid.go:161.77,164.34 3 1
github.com/hyperledger/fabric-chaincode-go/pkg/cid/cid.go:167.2,168.16 2 1
github.com/hyperledger/fabric-chaincode-go/pkg/cid/cid.go:171.2,171.17 1 1
github.com/hyperledger/fabric-chaincode-go/pkg/cid/cid.go:164.34,166.3 1 1
github.com/hyperledger/fabric-chaincode-go/pkg/cid/cid.go:168.16,170.3 1 1
github.com/hyperledger/fabric-chaincode-go/pkg/cid/cid.go:174.62,177.16 3 1
github.com/hyperledger/fabric-chaincode-go/pkg/cid/cid.go:180.2,181.12 2 1
github.com/hyperledger/fabric-chaincode-go/pkg/cid/cid.go:177.16,179.3 1 0
github.com/hyperledger/fabric-chaincode-go/pkg/cid/cid.go:188.36,191.30 3 1
github.com/hyperledger/fabric-chaincode-go/pkg/cid/cid.go:232.2,232.10 1 1
github.com/hyperledger/fabric-chaincode-go/pkg/cid/cid.go:191.30,193.12 2 1
github.com/hyperledger/fabric-chaincode-go/pkg/cid/cid.go:196.3,196.26 1 1
github.com/hyperledger/fabric-chaincode-go/pkg/cid/cid.go:193.12,195.4 1 1
github.com/hyperledger/fabric-chaincode-go/pkg/cid/cid.go:196.26,197.13 1 1
github.com/hyperledger/fabric-chaincode-go/pkg/cid/cid.go:200.4,202.11 3 1
github.com/hyperledger/fabric-chaincode-go/pkg/cid/cid.go:210.4,213.36 4 1
github.com/hyperledger/fabric-chaincode-go/pkg/cid/cid.go:228.4,229.33 2 1
github.com/hyperledger/fabric-chaincode-go/pkg/cid/cid.go:197.13,199.5 1 0
github.com/hyperledger/fabric-chaincode-go/pkg/cid/cid.go:202.11,204.19 2 0
github.com/hyperledger/fabric-chaincode-go/pkg/cid/cid.go:208.5,208.26 1 0
github.com/hyperledger/fabric-chaincode-go/pkg/cid/cid.go:204.19,206.14 2 0
github.com/hyperledger/fabric-chaincode-go/pkg/cid/cid.go:213.36,215.46 1 1
github.com/hyperledger/fabric-chaincode-go/pkg/cid/cid.go:221.5,221.14 1 1
github.com/hyperledger/fabric-chaincode-go/pkg/cid/cid.go:215.46,219.14 4 0
github.com/hyperledger/fabric-chaincode-go/pkg/cid/cid.go:222.45,225.21 3 0
github.com/hyperledger/fabric-chaincode-go/contractapi/metadata/ioutils.go:19.64,21.2 1 1
github.com/hyperledger/fabric-chaincode-go/contractapi/metadata/ioutils.go:25.54,33.2 4 1
github.com/hyperledger/fabric-chaincode-go/contractapi/metadata/metadata.go:32.47,34.2 1 0
github.com/hyperledger/fabric-chaincode-go/contractapi/metadata/metadata.go:36.57,38.2 1 0
github.com/hyperledger/fabric-chaincode-go/contractapi/metadata/metadata.go:40.45,42.2 1 0
github.com/hyperledger/fabric-chaincode-go/contractapi/metadata/metadata.go:47.38,50.16 2 1
github.com/hyperledger/fabric-chaincode-go/contractapi/metadata/metadata.go:54.2,54.18 1 1
github.com/hyperledger/fabric-chaincode-go/contractapi/metadata/metadata.go:50.16,52.3 1 1
github.com/hyperledger/fabric-chaincode-go/contractapi/metadata/metadata.go:99.80,100.46 1 1
github.com/hyperledger/fabric-chaincode-go/contractapi/metadata/metadata.go:104.2,104.29 1 1
github.com/hyperledger/fabric-chaincode-go/contractapi/metadata/metadata.go:114.2,114.60 1 1
github.com/hyperledger/fabric-chaincode-go/contractapi/metadata/metadata.go:100.46,102.3 1 1
github.com/hyperledger/fabric-chaincode-go/contractapi/metadata/metadata.go:104.29,105.27 1 1
github.com/hyperledger/fabric-chaincode-go/contractapi/metadata/metadata.go:109.3,109.44 1 1
github.com/hyperledger/fabric-chaincode-go/contractapi/metadata/metadata.go:105.27,107.4 1 1
github.com/hyperledger/fabric-chaincode-go/contractapi/metadata/metadata.go:109.44,111.4 1 1
github.com/hyperledger/fabric-chaincode-go/contractapi/metadata/metadata.go:114.60,116.3 1 1
github.com/hyperledger/fabric-chaincode-go/contractapi/metadata/metadata.go:120.60,125.20 3 1
github.com/hyperledger/fabric-chaincode-go/contractapi/metadata/metadata.go:128.2,133.27 4 1
github.com/hyperledger/fabric-chaincode-go/contractapi/metadata/metadata.go:137.2,141.16 3 1
github.com/hyperledger/fabric-chaincode-go/contractapi/metadata/metadata.go:145.2,147.16 2 1
github.com/hyperledger/fabric-chaincode-go/contractapi/metadata/metadata.go:151.2,158.21 5 1
github.com/hyperledger/fabric-chaincode-go/contractapi/metadata/metadata.go:162.2,164.26 2 1
github.com/hyperledger/fabric-chaincode-go/contractapi/metadata/metadata.go:125.20,127.3 1 1
github.com/hyperledger/fabric-chaincode-go/contractapi/metadata/metadata.go:133.27,135.3 1 1
github.com/hyperledger/fabric-chaincode-go/contractapi/metadata/metadata.go:141.16,143.3 1 1
github.com/hyperledger/fabric-chaincode-go/contractapi/metadata/metadata.go:147.16,149.3 1 1
github.com/hyperledger/fabric-chaincode-go/contractapi/metadata/metadata.go:158.21,160.3 1 1
github.com/hyperledger/fabric-chaincode-go/contractapi/metadata/schema.go:16.89,20.51 3 1
github.com/hyperledger/fabric-chaincode-go/contractapi/metadata/schema.go:36.2,36.16 1 1
github.com/hyperledger/fabric-chaincode-go/contractapi/metadata/schema.go:40.2,40.20 1 1
github.com/hyperledger/fabric-chaincode-go/contractapi/metadata/schema.go:20.51,21.36 1 1
github.com/hyperledger/fabric-chaincode-go/contractapi/metadata/schema.go:21.36,23.4 1 1
github.com/hyperledger/fabric-chaincode-go/contractapi/metadata/schema.go:23.9,23.43 1 1
github.com/hyperledger/fabric-chaincode-go/contractapi/metadata/schema.go:23.43,25.4 1 1
github.com/hyperledger/fabric-chaincode-go/contractapi/metadata/schema.go:25.9,25.41 1 1
github.com/hyperledger/fabric-chaincode-go/contractapi/metadata/schema.go:25.41,27.4 1 1
github.com/hyperledger/fabric-chaincode-go/contractapi/metadata/schema.go:27.9,27.118 1 1
github.com/hyperledger/fabric-chaincode-go/contractapi/metadata/schema.go:27.118,29.4 1 1
github.com/hyperledger/fabric-chaincode-go/contractapi/metadata/schema.go:29.9,31.4 1 1
github.com/hyperledger/fabric-chaincode-go/contractapi/metadata/schema.go:32.8,34.3 1 1
github.com/hyperledger/fabric-chaincode-go/contractapi/metadata/schema.go:36.16,38.3 1 1
github.com/hyperledger/fabric-chaincode-go/contractapi/metadata/schema.go:43.97,44.21 1 1
github.com/hyperledger/fabric-chaincode-go/contractapi/metadata/schema.go:48.2,50.16 2 1
github.com/hyperledger/fabric-chaincode-go/contractapi/metadata/schema.go:54.2,54.45 1 1
github.com/hyperledger/fabric-chaincode-go/contractapi/metadata/schema.go:44.21,46.3 1 1
github.com/hyperledger/fabric-chaincode-go/contractapi/metadata/schema.go:50.16,52.3 1 1
github.com/hyperledger/fabric-chaincode-go/contractapi/metadata/schema.go:57.97,58.21 1 1
github.com/hyperledger/fabric-chaincode-go/contractapi/metadata/schema.go:62.2,64.16 2 1
github.com/hyperledger/fabric-chaincode-go/contractapi/metadata/schema.go:68.2,68.45 1 1
github.com/hyperledger/fabric-chaincode-go/contractapi/metadata/schema.go:58.21,60.3 1 1
github.com/hyperledger/fabric-chaincode-go/contractapi/metadata/schema.go:64.16,66.3 1 1
github.com/hyperledger/fabric-chaincode-go/contractapi/metadata/schema.go:71.94,74.16 2 1
github.com/hyperledger/fabric-chaincode-go/contractapi/metadata/schema.go:78.2,78.43 1 1
github.com/hyperledger/fabric-chaincode-go/contractapi/metadata/schema.go:74.16,76.3 1 1
github.com/hyperledger/fabric-chaincode-go/contractapi/metadata/schema.go:81.85,82.31 1 1
github.com/hyperledger/fabric-chaincode-go/contractapi/metadata/schema.go:86.2,86.49 1 1
github.com/hyperledger/fabric-chaincode-go/contractapi/metadata/schema.go:90.2,95.38 5 1
github.com/hyperledger/fabric-chaincode-go/contractapi/metadata/schema.go:119.2,121.12 2 1
github.com/hyperledger/fabric-chaincode-go/contractapi/metadata/schema.go:82.31,84.3 1 1
github.com/hyperledger/fabric-chaincode-go/contractapi/metadata/schema.go:86.49,88.3 1 1
github.com/hyperledger/fabric-chaincode-go/contractapi/metadata/schema.go:95.38,96.79 1 1
github.com/hyperledger/fabric-chaincode-go/contractapi/metadata/schema.go:100.3,102.17 2 1
github.com/hyperledger/fabric-chaincode-go/contractapi/metadata/schema.go:106.3,110.17 3 1
github.com/hyperledger/fabric-chaincode-go/contractapi/metadata/schema.go:114.3,116.40 2 1
github.com/hyperledger/fabric-chaincode-go/contractapi/metadata/schema.go:96.79,97.9 1 1
github.com/hyperledger/fabric-chaincode-go/contractapi/metadata/schema.go:102.17,104.4 1 1
github.com/hyperledger/fabric-chaincode-go/contractapi/metadata/schema.go:110.17,112.4 1 1
github.com/hyperledger/fabric-chaincode-go/contractapi/metadata/schema.go:124.95,125.31 1 1
github.com/hyperledger/fabric-chaincode-go/contractapi/metadata/schema.go:129.2,131.16 2 1
github.com/hyperledger/fabric-chaincode-go/contractapi/metadata/schema.go:135.2,135.66 1 1
github.com/hyperledger/fabric-chaincode-go/contractapi/metadata/schema.go:125.31,127.3 1 1
github.com/hyperledger/fabric-chaincode-go/contractapi/metadata/schema.go:131.16,133.3 1 1
github.com/hyperledger/fabric-chaincode-go/contractapi/internal/contract_function.go:51.192,54.16 2 1
github.com/hyperledger/fabric-chaincode-go/contractapi/internal/contract_function.go:58.2,60.37 2 1
github.com/hyperledger/fabric-chaincode-go/contractapi/internal/contract_function.go:54.16,56.3 1 1
github.com/hyperledger/fabric-chaincode-go/contractapi/internal/contract_function.go:64.134,71.37 5 1
github.com/hyperledger/fabric-chaincode-go/contractapi/internal/contract_function.go:75.2,77.45 2 1
github.com/hyperledger/fabric-chaincode-go/contractapi/internal/contract_function.go:87.2,87.31 1 1
github.com/hyperledger/fabric-chaincode-go/contractapi/internal/contract_function.go:93.2,93.28 1 1
github.com/hyperledger/fabric-chaincode-go/contractapi/internal/contract_function.go:71.37,73.3 1 1
github.com/hyperledger/fabric-chaincode-go/contractapi/internal/contract_function.go:77.45,85.3 5 1
github.com/hyperledger/fabric-chaincode-go/contractapi/internal/contract_function.go:87.31,91.3 2 1
github.com/hyperledger/fabric-chaincode-go/contractapi/internal/contract_function.go:96.162,104.2 6 1
github.com/hyperledger/fabric-chaincode-go/contractapi/internal/contract_function.go:107.129,111.35 3 1
github.com/hyperledger/fabric-chaincode-go/contractapi/internal/contract_function.go:115.2,121.16 5 1
github.com/hyperledger/fabric-chaincode-go/contractapi/internal/contract_function.go:125.2,125.81 1 1
github.com/hyperledger/fabric-chaincode-go/contractapi/internal/contract_function.go:111.35,113.3 1 1
github.com/hyperledger/fabric-chaincode-go/contractapi/internal/contract_function.go:121.16,123.3 1 1
github.com/hyperledger/fabric-chaincode-go/contractapi/internal/contract_function.go:129.170,132.16 2 1
github.com/hyperledger/fabric-chaincode-go/contractapi/internal/contract_function.go:136.2,136.85 1 1
github.com/hyperledger/fabric-chaincode-go/contractapi/internal/contract_function.go:132.16,134.3 1 1
github.com/hyperledger/fabric-chaincode-go/contractapi/internal/contract_function.go:141.135,144.16 2 1
github.com/hyperledger/fabric-chaincode-go/contractapi/internal/contract_function.go:148.2,150.16 2 1
github.com/hyperledger/fabric-chaincode-go/contractapi/internal/contract_function.go:154.2,154.53 1 1
github.com/hyperledger/fabric-chaincode-go/contractapi/internal/contract_function.go:144.16,146.3 1 1
github.com/hyperledger/fabric-chaincode-go/contractapi/internal/contract_function.go:150.16,152.3 1 1
github.com/hyperledger/fabric-chaincode-go/contractapi/internal/contract_function.go:157.129,167.22 6 1
github.com/hyperledger/fabric-chaincode-go/contractapi/internal/contract_function.go:172.2,172.38 1 1
github.com/hyperledger/fabric-chaincode-go/contractapi/internal/contract_function.go:188.2,189.32 2 1
github.com/hyperledger/fabric-chaincode-go/contractapi/internal/contract_function.go:167.22,170.3 2 1
github.com/hyperledger/fabric-chaincode-go/contractapi/internal/contract_function.go:172.38,177.23 3 1
github.com/hyperledger/fabric-chaincode-go/contractapi/internal/contract_function.go:177.23,179.4 1 1
github.com/hyperledger/fabric-chaincode-go/contractapi/internal/contract_function.go:179.9,179.61 1 1
github.com/hyperledger/fabric-chaincode-go/contractapi/internal/contract_function.go:179.61,181.4 1 1
github.com/hyperledger/fabric-chaincode-go/contractapi/internal/contract_function.go:181.9,181.42 1 1
github.com/hyperledger/fabric-chaincode-go/contractapi/internal/contract_function.go:181.42,183.4 1 1
github.com/hyperledger/fabric-chaincode-go/contractapi/internal/contract_function.go:183.9,185.4 1 1
github.com/hyperledger/fabric-chaincode-go/contractapi/internal/contract_function.go:192.98,197.22 3 1
github.com/hyperledger/fabric-chaincode-go/contractapi/internal/contract_function.go:201.2,201.16 1 1
github.com/hyperledger/fabric-chaincode-go/contractapi/internal/contract_function.go:228.2,228.49 1 1
github.com/hyperledger/fabric-chaincode-go/contractapi/internal/contract_function.go:197.22,199.3 1 1
github.com/hyperledger/fabric-chaincode-go/contractapi/internal/contract_function.go:201.16,203.3 1 1
github.com/hyperledger/fabric-chaincode-go/contractapi/internal/contract_function.go:203.8,203.24 1 1
github.com/hyperledger/fabric-chaincode-go/contractapi/internal/contract_function.go:203.24,210.23 4 1
github.com/hyperledger/fabric-chaincode-go/contractapi/internal/contract_function.go:215.3,215.54 1 1
github.com/hyperledger/fabric-chaincode-go/contractapi/internal/contract_function.go:210.23,212.4 1 1
github.com/hyperledger/fabric-chaincode-go/contractapi/internal/contract_function.go:212.9,212.34 1 1
github.com/hyperledger/fabric-chaincode-go/contractapi/internal/contract_function.go:212.34,214.4 1 1
github.com/hyperledger/fabric-chaincode-go/contractapi/internal/contract_function.go:216.8,216.24 1 1
github.com/hyperledger/fabric-chaincode-go/contractapi/internal/contract_function.go:216.24,221.28 4 1
github.com/hyperledger/fabric-chaincode-go/contractapi/internal/contract_function.go:226.3,226.54 1 1
github.com/hyperledger/fabric-chaincode-go/contractapi/internal/contract_function.go:221.28,223.4 1 1
github.com/hyperledger/fabric-chaincode-go/contractapi/internal/contract_function.go:223.9,223.43 1 1
github.com/hyperledger/fabric-chaincode-go/contractapi/internal/contract_function.go:223.43,225.4 1 1
github.com/hyperledger/fabric-chaincode-go/contractapi/internal/contract_function.go:232.192,237.34 3 1
github.com/hyperledger/fabric-chaincode-go/contractapi/internal/contract_function.go:245.2,247.30 2 1
github.com/hyperledger/fabric-chaincode-go/contractapi/internal/contract_function.go:251.2,251.29 1 1
github.com/hyperledger/fabric-chaincode-go/contractapi/internal/contract_function.go:255.2,255.33 1 1
github.com/hyperledger/fabric-chaincode-go/contractapi/internal/contract_function.go:294.2,294.20 1 1
github.com/hyperledger/fabric-chaincode-go/contractapi/internal/contract_function.go:237.34,240.57 2 1
github.com/hyperledger/fabric-chaincode-go/contractapi/internal/contract_function.go:240.57,242.4 1 1
github.com/hyperledger/fabric-chaincode-go/contractapi/internal/contract_function.go:247.30,249.3 1 1
github.com/hyperledger/fabric-chaincode-go/contractapi/internal/contract_function.go:251.29,253.3 1 1
github.com/hyperledger/fabric-chaincode-go/contractapi/internal/contract_function.go:255.33,261.35 3 1
github.com/hyperledger/fabric-chaincode-go/contractapi/internal/contract_function.go:265.3,267.17 2 1
github.com/hyperledger/fabric-chaincode-go/contractapi/internal/contract_function.go:271.3,271.21 1 1
github.com/hyperledger/fabric-chaincode-go/contractapi/internal/contract_function.go:291.3,291.37 1 1
github.com/hyperledger/fabric-chaincode-go/contractapi/internal/contract_function.go:261.35,263.4 1 1
github.com/hyperledger/fabric-chaincode-go/contractapi/internal/contract_function.go:267.17,269.4 1 1
github.com/hyperledger/fabric-chaincode-go/contractapi/internal/contract_function.go:271.21,276.124 3 1
github.com/hyperledger/fabric-chaincode-go/contractapi/internal/contract_function.go:284.4,286.18 2 1
github.com/hyperledger/fabric-chaincode-go/contractapi/internal/contract_function.go:276.124,280.5 3 1
github.com/hyperledger/fabric-chaincode-go/contractapi/internal/contract_function.go:280.10,282.5 1 1
github.com/hyperledger/fabric-chaincode-go/contractapi/internal/contract_function.go:286.18,288.5 1 1
github.com/hyperledger/fabric-chaincode-go/contractapi/internal/contract_function.go:297.93,302.16 3 1
github.com/hyperledger/fabric-chaincode-go/contractapi/internal/contract_function.go:306.2,306.24 1 1
github.com/hyperledger/fabric-chaincode-go/contractapi/internal/contract_function.go:302.16,304.3 1 1
github.com/hyperledger/fabric-chaincode-go/contractapi/internal/contract_function.go:309.83,313.231 3 1
github.com/hyperledger/fabric-chaincode-go/contractapi/internal/contract_function.go:319.2,319.16 1 1
github.com/hyperledger/fabric-chaincode-go/contractapi/internal/contract_function.go:323.2,323.23 1 1
github.com/hyperledger/fabric-chaincode-go/contractapi/internal/contract_function.go:313.231,315.3 1 1
github.com/hyperledger/fabric-chaincode-go/contractapi/internal/contract_function.go:315.8,317.3 1 1
github.com/hyperledger/fabric-chaincode-go/contractapi/internal/contract_function.go:319.16,321.3 1 1
github.com/hyperledger/fabric-chaincode-go/contractapi/internal/contract_function.go:326.139,337.16 8 1
github.com/hyperledger/fabric-chaincode-go/contractapi/internal/contract_function.go:341.2,343.21 2 1
github.com/hyperledger/fabric-chaincode-go/contractapi/internal/contract_function.go:347.2,347.12 1 1
github.com/hyperledger/fabric-chaincode-go/contractapi/internal/contract_function.go:337.16,339.3 1 1
github.com/hyperledger/fabric-chaincode-go/contractapi/internal/contract_function.go:343.21,345.3 1 1
github.com/hyperledger/fabric-chaincode-go/contractapi/internal/contract_function.go:350.103,355.46 3 1
github.com/hyperledger/fabric-chaincode-go/contractapi/internal/contract_function.go:361.2,361.37 1 1
github.com/hyperledger/fabric-chaincode-go/contractapi/internal/contract_function.go:399.2,399.90 1 1
github.com/hyperledger/fabric-chaincode-go/contractapi/internal/contract_function.go:355.46,357.3 1 1
github.com/hyperledger/fabric-chaincode-go/contractapi/internal/contract_function.go:357.8,357.53 1 1
github.com/hyperledger/fabric-chaincode-go/contractapi/internal/contract_function.go:357.53,359.3 1 1
github.com/hyperledger/fabric-chaincode-go/contractapi/internal/contract_function.go:361.37,366.47 3 1
github.com/hyperledger/fabric-chaincode-go/contractapi/internal/contract_function.go:375.3,379.32 4 1
github.com/hyperledger/fabric-chaincode-go/contractapi/internal/contract_function.go:392.3,392.56 1 1
github.com/hyperledger/fabric-chaincode-go/contractapi/internal/contract_function.go:396.3,396.42 1 1
github.com/hyperledger/fabric-chaincode-go/contractapi/internal/contract_function.go:366.47,369.4 2 1
github.com/hyperledger/fabric-chaincode-go/contractapi/internal/contract_function.go:369.9,369.28 1 1
github.com/hyperledger/fabric-chaincode-go/contractapi/internal/contract_function.go:369.28,371.4 1 1
github.com/hyperledger/fabric-chaincode-go/contractapi/internal/contract_function.go:371.9,371.36 1 1
github.com/hyperledger/fabric-chaincode-go/contractapi/internal/contract_function.go:371.36,373.4 1 1
github.com/hyperledger/fabric-chaincode-go/contractapi/internal/contract_function.go:379.32,380.75 1 1
github.com/hyperledger/fabric-chaincode-go/contractapi/internal/contract_function.go:389.4,389.39 1 1
github.com/hyperledger/fabric-chaincode-go/contractapi/internal/contract_function.go:380.75,381.153 1 1
github.com/hyperledger/fabric-chaincode-go/contractapi/internal/contract_function.go:381.153,384.6 2 1
github.com/hyperledger/fabric-chaincode-go/contractapi/internal/contract_function.go:384.11,386.6 1 1
github.com/hyperledger/fabric-chaincode-go/contractapi/internal/contract_function.go:392.56,394.4 1 1
github.com/hyperledger/fabric-chaincode-go/contractapi/internal/text_handling.go:8.50,10.2 1 1
github.com/hyperledger/fabric-chaincode-go/contractapi/internal/transaction_handler.go:26.60,27.13 1 1
github.com/hyperledger/fabric-chaincode-go/contractapi/internal/transaction_handler.go:28.36,29.23 1 1
github.com/hyperledger/fabric-chaincode-go/contractapi/internal/transaction_handler.go:30.35,31.22 1 1
github.com/hyperledger/fabric-chaincode-go/contractapi/internal/transaction_handler.go:32.37,33.24 1 1
github.com/hyperledger/fabric-chaincode-go/contractapi/internal/transaction_handler.go:34.10,35.60 1 1
github.com/hyperledger/fabric-chaincode-go/contractapi/internal/transaction_handler.go:47.101,50.30 2 1
github.com/hyperledger/fabric-chaincode-go/contractapi/internal/transaction_handler.go:54.2,54.81 1 1
github.com/hyperledger/fabric-chaincode-go/contractapi/internal/transaction_handler.go:62.2,64.54 2 1
github.com/hyperledger/fabric-chaincode-go/contractapi/internal/transaction_handler.go:50.30,52.3 1 1
github.com/hyperledger/fabric-chaincode-go/contractapi/internal/transaction_handler.go:54.81,55.18 1 1
github.com/hyperledger/fabric-chaincode-go/contractapi/internal/transaction_handler.go:55.18,57.4 1 1
github.com/hyperledger/fabric-chaincode-go/contractapi/internal/transaction_handler.go:57.9,59.4 1 1
github.com/hyperledger/fabric-chaincode-go/contractapi/internal/transaction_handler.go:68.142,71.16 2 1
github.com/hyperledger/fabric-chaincode-go/contractapi/internal/transaction_handler.go:82.2,87.17 2 1
github.com/hyperledger/fabric-chaincode-go/contractapi/internal/transaction_handler.go:71.16,73.3 1 1
github.com/hyperledger/fabric-chaincode-go/contractapi/internal/transaction_handler.go:73.8,73.84 1 1
github.com/hyperledger/fabric-chaincode-go/contractapi/internal/transaction_handler.go:73.84,76.3 2 1
github.com/hyperledger/fabric-chaincode-go/contractapi/internal/transaction_handler.go:76.8,76.84 1 1
github.com/hyperledger/fabric-chaincode-go/contractapi/internal/transaction_handler.go:76.84,78.3 1 1
github.com/hyperledger/fabric-chaincode-go/contractapi/internal/transaction_handler.go:78.8,78.136 1 1
github.com/hyperledger/fabric-chaincode-go/contractapi/internal/transaction_handler.go:78.136,80.3 1 1
github.com/hyperledger/fabric-chaincode-go/contractapi/internal/types_handler.go:14.35,17.35 2 1
github.com/hyperledger/fabric-chaincode-go/contractapi/internal/types_handler.go:20.2,22.17 2 1
github.com/hyperledger/fabric-chaincode-go/contractapi/internal/types_handler.go:17.35,19.3 1 1
github.com/hyperledger/fabric-chaincode-go/contractapi/internal/types_handler.go:25.30,27.2 1 1
github.com/hyperledger/fabric-chaincode-go/contractapi/internal/types_handler.go:29.82,30.21 1 1
github.com/hyperledger/fabric-chaincode-go/contractapi/internal/types_handler.go:34.2,34.60 1 1
github.com/hyperledger/fabric-chaincode-go/contractapi/internal/types_handler.go:30.21,32.3 1 1
github.com/hyperledger/fabric-chaincode-go/contractapi/internal/types_handler.go:37.80,38.31 1 1
github.com/hyperledger/fabric-chaincode-go/contractapi/internal/types_handler.go:42.2,42.38 1 1
github.com/hyperledger/fabric-chaincode-go/contractapi/internal/types_handler.go:50.2,50.12 1 1
github.com/hyperledger/fabric-chaincode-go/contractapi/internal/types_handler.go:38.31,40.3 1 1
github.com/hyperledger/fabric-chaincode-go/contractapi/internal/types_handler.go:42.38,45.17 2 1
github.com/hyperledger/fabric-chaincode-go/contractapi/internal/types_handler.go:45.17,47.4 1 1
github.com/hyperledger/fabric-chaincode-go/contractapi/internal/types_handler.go:53.60,54.25 1 1
github.com/hyperledger/fabric-chaincode-go/contractapi/internal/types_handler.go:59.2,59.14 1 1
github.com/hyperledger/fabric-chaincode-go/contractapi/internal/types_handler.go:54.25,55.13 1 1
github.com/hyperledger/fabric-chaincode-go/contractapi/internal/types_handler.go:55.13,57.4 1 1
github.com/hyperledger/fabric-chaincode-go/contractapi/internal/types_handler.go:62.72,65.37 2 1
github.com/hyperledger/fabric-chaincode-go/contractapi/internal/types_handler.go:69.2,69.31 1 1
github.com/hyperledger/fabric-chaincode-go/contractapi/internal/types_handler.go:91.2,91.12 1 1
github.com/hyperledger/fabric-chaincode-go/contractapi/internal/types_handler.go:65.37,67.3 1 1
github.com/hyperledger/fabric-chaincode-go/contractapi/internal/types_handler.go:69.31,72.3 2 1
github.com/hyperledger/fabric-chaincode-go/contractapi/internal/types_handler.go:72.8,72.38 1 1
github.com/hyperledger/fabric-chaincode-go/contractapi/internal/types_handler.go:72.38,75.3 2 1
github.com/hyperledger/fabric-chaincode-go/contractapi/internal/types_handler.go:75.8,75.36 1 1
github.com/hyperledger/fabric-chaincode-go/contractapi/internal/types_handler.go:75.36,76.39 1 1
github.com/hyperledger/fabric-chaincode-go/contractapi/internal/types_handler.go:80.3,80.49 1 1
github.com/hyperledger/fabric-chaincode-go/contractapi/internal/types_handler.go:76.39,78.4 1 1
github.com/hyperledger/fabric-chaincode-go/contractapi/internal/types_handler.go:81.8,81.143 1 1
github.com/hyperledger/fabric-chaincode-go/contractapi/internal/types_handler.go:81.143,83.3 1 1
github.com/hyperledger/fabric-chaincode-go/contractapi/internal/types_handler.go:83.8,83.158 1 1
github.com/hyperledger/fabric-chaincode-go/contractapi/internal/types_handler.go:83.158,84.31 1 1
github.com/hyperledger/fabric-chaincode-go/contractapi/internal/types_handler.go:88.3,88.149 1 1
github.com/hyperledger/fabric-chaincode-go/contractapi/internal/types_handler.go:84.31,86.4 1 1
github.com/hyperledger/fabric-chaincode-go/contractapi/internal/types_handler.go:94.45,96.2 1 1
github.com/hyperledger/fabric-chaincode-go/contractapi/internal/types_handler.go:98.47,100.2 1 1
github.com/hyperledger/fabric-chaincode-go/contractapi/contract.go:90.47,92.2 1 1
github.com/hyperledger/fabric-chaincode-go/contractapi/contract.go:95.40,97.2 1 1
github.com/hyperledger/fabric-chaincode-go/contractapi/contract.go:100.58,102.2 1 1
github.com/hyperledger/fabric-chaincode-go/contractapi/contract.go:105.56,107.2 1 1
github.com/hyperledger/fabric-chaincode-go/contractapi/contract.go:110.57,112.2 1 1
github.com/hyperledger/fabric-chaincode-go/contractapi/contract.go:115.55,117.2 1 1
github.com/hyperledger/fabric-chaincode-go/contractapi/contract.go:120.56,122.2 1 1
github.com/hyperledger/fabric-chaincode-go/contractapi/contract.go:125.54,127.2 1 1
github.com/hyperledger/fabric-chaincode-go/contractapi/contract.go:130.41,132.2 1 1
github.com/hyperledger/fabric-chaincode-go/contractapi/contract.go:136.37,138.2 1 1
github.com/hyperledger/fabric-chaincode-go/contractapi/contract.go:142.82,144.2 1 1
github.com/hyperledger/fabric-chaincode-go/contractapi/contract.go:148.79,149.29 1 1
github.com/hyperledger/fabric-chaincode-go/contractapi/contract.go:153.2,153.25 1 1
github.com/hyperledger/fabric-chaincode-go/contractapi/contract.go:149.29,151.3 1 1
github.com/hyperledger/fabric-chaincode-go/contractapi/contract.go:160.51,162.2 1 1
github.com/hyperledger/fabric-chaincode-go/contractapi/contract_chaincode.go:51.84,57.37 4 1
github.com/hyperledger/fabric-chaincode-go/contractapi/contract_chaincode.go:70.2,77.16 5 1
github.com/hyperledger/fabric-chaincode-go/contractapi/contract_chaincode.go:81.2,85.16 3 1
github.com/hyperledger/fabric-chaincode-go/contractapi/contract_chaincode.go:57.37,59.65 2 1
github.com/hyperledger/fabric-chaincode-go/contractapi/contract_chaincode.go:63.3,65.17 2 1
github.com/hyperledger/fabric-chaincode-go/contractapi/contract_chaincode.go:59.65,61.4 1 1
github.com/hyperledger/fabric-chaincode-go/contractapi/contract_chaincode.go:65.17,67.4 1 1
github.com/hyperledger/fabric-chaincode-go/contractapi/contract_chaincode.go:77.16,79.3 1 0
github.com/hyperledger/fabric-chaincode-go/contractapi/contract_chaincode.go:89.44,91.2 1 1
github.com/hyperledger/fabric-chaincode-go/contractapi/contract_chaincode.go:94.53,96.2 1 1
github.com/hyperledger/fabric-chaincode-go/contractapi/contract_chaincode.go:99.57,101.2 1 1
github.com/hyperledger/fabric-chaincode-go/contractapi/contract_chaincode.go:104.62,106.2 1 1
github.com/hyperledger/fabric-chaincode-go/contractapi/contract_chaincode.go:111.83,113.17 2 1
github.com/hyperledger/fabric-chaincode-go/contractapi/contract_chaincode.go:117.2,117.24 1 1
github.com/hyperledger/fabric-chaincode-go/contractapi/contract_chaincode.go:113.17,115.3 1 1
github.com/hyperledger/fabric-chaincode-go/contractapi/contract_chaincode.go:138.85,146.14 5 1
github.com/hyperledger/fabric-chaincode-go/contractapi/contract_chaincode.go:154.2,154.36 1 1
github.com/hyperledger/fabric-chaincode-go/contractapi/contract_chaincode.go:158.2,166.30 6 1
github.com/hyperledger/fabric-chaincode-go/contractapi/contract_chaincode.go:174.2,178.44 4 1
github.com/hyperledger/fabric-chaincode-go/contractapi/contract_chaincode.go:198.2,198.24 1 1
github.com/hyperledger/fabric-chaincode-go/contractapi/contract_chaincode.go:202.2,204.29 2 1
github.com/hyperledger/fabric-chaincode-go/contractapi/contract_chaincode.go:212.2,212.44 1 1
github.com/hyperledger/fabric-chaincode-go/contractapi/contract_chaincode.go:146.14,149.3 2 1
github.com/hyperledger/fabric-chaincode-go/contractapi/contract_chaincode.go:149.8,152.3 2 1
github.com/hyperledger/fabric-chaincode-go/contractapi/contract_chaincode.go:154.36,156.3 1 1
github.com/hyperledger/fabric-chaincode-go/contractapi/contract_chaincode.go:166.30,169.20 2 1
github.com/hyperledger/fabric-chaincode-go/contractapi/contract_chaincode.go:169.20,171.4 1 1
github.com/hyperledger/fabric-chaincode-go/contractapi/contract_chaincode.go:178.44,180.32 2 1
github.com/hyperledger/fabric-chaincode-go/contractapi/contract_chaincode.go:184.3,184.79 1 1
github.com/hyperledger/fabric-chaincode-go/contractapi/contract_chaincode.go:180.32,182.4 1 1
github.com/hyperledger/fabric-chaincode-go/contractapi/contract_chaincode.go:185.8,188.60 2 1
github.com/hyperledger/fabric-chaincode-go/contractapi/contract_chaincode.go:195.3,195.135 1 1
github.com/hyperledger/fabric-chaincode-go/contractapi/contract_chaincode.go:188.60,189.20 1 1
github.com/hyperledger/fabric-chaincode-go/contractapi/contract_chaincode.go:189.20,191.10 2 1
github.com/hyperledger/fabric-chaincode-go/contractapi/contract_chaincode.go:198.24,200.3 1 1
github.com/hyperledger/fabric-chaincode-go/contractapi/contract_chaincode.go:204.29,207.20 2 1
github.com/hyperledger/fabric-chaincode-go/contractapi/contract_chaincode.go:207.20,209.4 1 1
github.com/hyperledger/fabric-chaincode-go/contractapi/contract_chaincode.go:215.99,218.14 2 1
github.com/hyperledger/fabric-chaincode-go/contractapi/contract_chaincode.go:222.2,222.35 1 1
github.com/hyperledger/fabric-chaincode-go/contractapi/contract_chaincode.go:226.2,232.23 6 1
github.com/hyperledger/fabric-chaincode-go/contractapi/contract_chaincode.go:236.2,241.15 4 1
github.com/hyperledger/fabric-chaincode-go/contractapi/contract_chaincode.go:250.2,252.15 2 1
github.com/hyperledger/fabric-chaincode-go/contractapi/contract_chaincode.go:261.2,263.15 2 1
github.com/hyperledger/fabric-chaincode-go/contractapi/contract_chaincode.go:272.2,274.59 2 1
github.com/hyperledger/fabric-chaincode-go/contractapi/contract_chaincode.go:278.2,278.48 1 1
github.com/hyperledger/fabric-chaincode-go/contractapi/contract_chaincode.go:299.2,301.30 2 1
github.com/hyperledger/fabric-chaincode-go/contractapi/contract_chaincode.go:305.2,305.12 1 1
github.com/hyperledger/fabric-chaincode-go/contractapi/contract_chaincode.go:218.14,220.3 1 1
github.com/hyperledger/fabric-chaincode-go/contractapi/contract_chaincode.go:222.35,224.3 1 1
github.com/hyperledger/fabric-chaincode-go/contractapi/contract_chaincode.go:232.23,234.3 1 1
github.com/hyperledger/fabric-chaincode-go/contractapi/contract_chaincode.go:241.15,245.17 3 1
github.com/hyperledger/fabric-chaincode-go/contractapi/contract_chaincode.go:245.17,247.4 1 1
github.com/hyperledger/fabric-chaincode-go/contractapi/contract_chaincode.go:252.15,256.17 3 1
github.com/hyperledger/fabric-chaincode-go/contractapi/contract_chaincode.go:256.17,258.4 1 1
github.com/hyperledger/fabric-chaincode-go/contractapi/contract_chaincode.go:263.15,267.17 3 1
github.com/hyperledger/fabric-chaincode-go/contractapi/contract_chaincode.go:267.17,269.4 1 1
github.com/hyperledger/fabric-chaincode-go/contractapi/contract_chaincode.go:274.59,276.3 1 1
github.com/hyperledger/fabric-chaincode-go/contractapi/contract_chaincode.go:278.48,282.58 3 1
github.com/hyperledger/fabric-chaincode-go/contractapi/contract_chaincode.go:282.58,287.61 3 1
github.com/hyperledger/fabric-chaincode-go/contractapi/contract_chaincode.go:291.4,293.18 2 1
github.com/hyperledger/fabric-chaincode-go/contractapi/contract_chaincode.go:287.61,289.5 1 1
github.com/hyperledger/fabric-chaincode-go/contractapi/contract_chaincode.go:293.18,295.5 1 1
github.com/hyperledger/fabric-chaincode-go/contractapi/contract_chaincode.go:301.30,303.3 1 1
github.com/hyperledger/fabric-chaincode-go/contractapi/contract_chaincode.go:308.83,315.42 6 1
github.com/hyperledger/fabric-chaincode-go/contractapi/contract_chaincode.go:319.2,319.40 1 1
github.com/hyperledger/fabric-chaincode-go/contractapi/contract_chaincode.go:323.2,323.42 1 1
github.com/hyperledger/fabric-chaincode-go/contractapi/contract_chaincode.go:342.2,342.26 1 1
github.com/hyperledger/fabric-chaincode-go/contractapi/contract_chaincode.go:315.42,317.3 1 1
github.com/hyperledger/fabric-chaincode-go/contractapi/contract_chaincode.go:319.40,321.3 1 1
github.com/hyperledger/fabric-chaincode-go/contractapi/contract_chaincode.go:323.42,329.43 5 1
github.com/hyperledger/fabric-chaincode-go/contractapi/contract_chaincode.go:335.3,335.65 1 1
github.com/hyperledger/fabric-chaincode-go/contractapi/contract_chaincode.go:339.3,339.54 1 1
github.com/hyperledger/fabric-chaincode-go/contractapi/contract_chaincode.go:329.43,333.4 2 1
github.com/hyperledger/fabric-chaincode-go/contractapi/contract_chaincode.go:335.65,337.4 1 1
github.com/hyperledger/fabric-chaincode-go/contractapi/contract_chaincode.go:345.54,348.87 2 1
github.com/hyperledger/fabric-chaincode-go/contractapi/contract_chaincode.go:352.2,358.12 4 1
github.com/hyperledger/fabric-chaincode-go/contractapi/contract_chaincode.go:348.87,350.3 1 0
github.com/hyperledger/fabric-chaincode-go/contractapi/contract_chaincode.go:361.30,369.47 6 1
github.com/hyperledger/fabric-chaincode-go/contractapi/contract_chaincode.go:375.2,375.18 1 1
github.com/hyperledger/fabric-chaincode-go/contractapi/contract_chaincode.go:369.47,370.50 1 1
github.com/hyperledger/fabric-chaincode-go/contractapi/contract_chaincode.go:370.50,372.4 1 1
github.com/hyperledger/fabric-chaincode-go/contractapi/system_contract.go:12.56,14.2 1 1
github.com/hyperledger/fabric-chaincode-go/contractapi/system_contract.go:20.48,22.2 1 1
github.com/hyperledger/fabric-chaincode-go/contractapi/system_contract.go:28.62,30.2 1 1
github.com/hyperledger/fabric-chaincode-go/contractapi/transaction_context.go:30.74,32.2 1 1
github.com/hyperledger/fabric-chaincode-go/contractapi/transaction_context.go:35.70,37.2 1 1
github.com/hyperledger/fabric-chaincode-go/shimtest/mockstub.go:79.40,81.2 1 1
github.com/hyperledger/fabric-chaincode-go/shimtest/mockstub.go:84.45,86.2 1 1
github.com/hyperledger/fabric-chaincode-go/shimtest/mockstub.go:89.42,91.2 1 1
github.com/hyperledger/fabric-chaincode-go/shimtest/mockstub.go:94.48,97.28 3 1
github.com/hyperledger/fabric-chaincode-go/shimtest/mockstub.go:100.2,100.16 1 1
github.com/hyperledger/fabric-chaincode-go/shimtest/mockstub.go:97.28,99.3 1 0
github.com/hyperledger/fabric-chaincode-go/shimtest/mockstub.go:104.85,108.23 4 1
github.com/hyperledger/fabric-chaincode-go/shimtest/mockstub.go:112.2,112.8 1 1
github.com/hyperledger/fabric-chaincode-go/shimtest/mockstub.go:108.23,111.3 2 0
github.com/hyperledger/fabric-chaincode-go/shimtest/mockstub.go:118.57,122.2 3 1
github.com/hyperledger/fabric-chaincode-go/shimtest/mockstub.go:125.55,128.2 2 1
github.com/hyperledger/fabric-chaincode-go/shimtest/mockstub.go:134.109,136.19 1 1
github.com/hyperledger/fabric-chaincode-go/shimtest/mockstub.go:139.2,139.53 1 1
github.com/hyperledger/fabric-chaincode-go/shimtest/mockstub.go:136.19,138.3 1 1
github.com/hyperledger/fabric-chaincode-go/shimtest/mockstub.go:143.72,149.2 5 1
github.com/hyperledger/fabric-chaincode-go/shimtest/mockstub.go:152.74,158.2 5 1
github.com/hyperledger/fabric-chaincode-go/shimtest/mockstub.go:161.58,163.2 1 0
github.com/hyperledger/fabric-chaincode-go/shimtest/mockstub.go:166.115,173.2 6 1
github.com/hyperledger/fabric-chaincode-go/shimtest/mockstub.go:176.85,179.9 2 0
github.com/hyperledger/fabric-chaincode-go/shimtest/mockstub.go:183.2,183.20 1 0
github.com/hyperledger/fabric-chaincode-go/shimtest/mockstub.go:179.9,181.3 1 0
github.com/hyperledger/fabric-chaincode-go/shimtest/mockstub.go:187.82,189.2 1 0
github.com/hyperledger/fabric-chaincode-go/shimtest/mockstub.go:192.89,194.9 2 0
github.com/hyperledger/fabric-chaincode-go/shimtest/mockstub.go:199.2,201.12 2 0
github.com/hyperledger/fabric-chaincode-go/shimtest/mockstub.go:194.9,197.3 2 0
github.com/hyperledger/fabric-chaincode-go/shimtest/mockstub.go:205.75,207.2 1 0
github.com/hyperledger/fabric-chaincode-go/shimtest/mockstub.go:210.124,212.2 1 0
github.com/hyperledger/fabric-chaincode-go/shimtest/mockstub.go:215.153,217.2 1 0
github.com/hyperledger/fabric-chaincode-go/shimtest/mockstub.go:220.117,225.2 1 0
github.com/hyperledger/fabric-chaincode-go/shimtest/mockstub.go:228.60,231.2 2 1
github.com/hyperledger/fabric-chaincode-go/shimtest/mockstub.go:234.64,235.21 1 1
github.com/hyperledger/fabric-chaincode-go/shimtest/mockstub.go:241.2,241.21 1 1
github.com/hyperledger/fabric-chaincode-go/shimtest/mockstub.go:244.2,247.65 2 1
github.com/hyperledger/fabric-chaincode-go/shimtest/mockstub.go:267.2,267.26 1 1
github.com/hyperledger/fabric-chaincode-go/shimtest/mockstub.go:271.2,271.12 1 1
github.com/hyperledger/fabric-chaincode-go/shimtest/mockstub.go:235.21,238.3 2 0
github.com/hyperledger/fabric-chaincode-go/shimtest/mockstub.go:241.21,243.3 1 1
github.com/hyperledger/fabric-chaincode-go/shimtest/mockstub.go:247.65,250.15 3 1
github.com/hyperledger/fabric-chaincode-go/shimtest/mockstub.go:250.15,253.9 2 1
github.com/hyperledger/fabric-chaincode-go/shimtest/mockstub.go:254.9,254.23 1 1
github.com/hyperledger/fabric-chaincode-go/shimtest/mockstub.go:254.23,256.9 1 0
github.com/hyperledger/fabric-chaincode-go/shimtest/mockstub.go:257.9,259.26 1 1
github.com/hyperledger/fabric-chaincode-go/shimtest/mockstub.go:259.26,261.10 2 1
github.com/hyperledger/fabric-chaincode-go/shimtest/mockstub.go:267.26,269.3 1 1
github.com/hyperledger/fabric-chaincode-go/shimtest/mockstub.go:275.50,278.65 2 1
github.com/hyperledger/fabric-chaincode-go/shimtest/mockstub.go:284.2,284.12 1 1
github.com/hyperledger/fabric-chaincode-go/shimtest/mockstub.go:278.65,279.53 1 1
github.com/hyperledger/fabric-chaincode-go/shimtest/mockstub.go:279.53,281.4 1 1
github.com/hyperledger/fabric-chaincode-go/shimtest/mockstub.go:288.106,289.61 1 1
github.com/hyperledger/fabric-chaincode-go/shimtest/mockstub.go:292.2,292.68 1 1
github.com/hyperledger/fabric-chaincode-go/shimtest/mockstub.go:289.61,291.3 1 0
github.com/hyperledger/fabric-chaincode-go/shimtest/mockstub.go:299.53,300.33 1 1
github.com/hyperledger/fabric-chaincode-go/shimtest/mockstub.go:305.2,305.12 1 1
github.com/hyperledger/fabric-chaincode-go/shimtest/mockstub.go:300.33,301.57 1 1
github.com/hyperledger/fabric-chaincode-go/shimtest/mockstub.go:301.57,303.4 1 0
github.com/hyperledger/fabric-chaincode-go/shimtest/mockstub.go:313.94,318.2 1 1
github.com/hyperledger/fabric-chaincode-go/shimtest/mockstub.go:322.96,324.2 1 1
github.com/hyperledger/fabric-chaincode-go/shimtest/mockstub.go:332.135,334.16 2 1
github.com/hyperledger/fabric-chaincode-go/shimtest/mockstub.go:337.2,337.113 1 1
github.com/hyperledger/fabric-chaincode-go/shimtest/mockstub.go:334.16,336.3 1 0
github.com/hyperledger/fabric-chaincode-go/shimtest/mockstub.go:342.98,344.2 1 1
github.com/hyperledger/fabric-chaincode-go/shimtest/mockstub.go:348.88,350.2 1 1
github.com/hyperledger/fabric-chaincode-go/shimtest/mockstub.go:352.71,355.41 3 1
github.com/hyperledger/fabric-chaincode-go/shimtest/mockstub.go:361.2,361.43 1 1
github.com/hyperledger/fabric-chaincode-go/shimtest/mockstub.go:355.41,356.45 1 1
github.com/hyperledger/fabric-chaincode-go/shimtest/mockstub.go:356.45,359.4 2 1
github.com/hyperledger/fabric-chaincode-go/shimtest/mockstub.go:366.88,368.2 1 0
github.com/hyperledger/fabric-chaincode-go/shimtest/mockstub.go:372.104,374.2 1 0
github.com/hyperledger/fabric-chaincode-go/shimtest/mockstub.go:378.88,380.2 1 0
github.com/hyperledger/fabric-chaincode-go/shimtest/mockstub.go:386.104,388.19 1 1
github.com/hyperledger/fabric-chaincode-go/shimtest/mockstub.go:392.2,395.12 3 1
github.com/hyperledger/fabric-chaincode-go/shimtest/mockstub.go:388.19,390.3 1 1
github.com/hyperledger/fabric-chaincode-go/shimtest/mockstub.go:399.52,401.2 1 1
github.com/hyperledger/fabric-chaincode-go/shimtest/mockstub.go:404.65,406.2 1 1
github.com/hyperledger/fabric-chaincode-go/shimtest/mockstub.go:409.52,411.2 1 1
github.com/hyperledger/fabric-chaincode-go/shimtest/mockstub.go:414.71,416.2 1 1
github.com/hyperledger/fabric-chaincode-go/shimtest/mockstub.go:418.64,420.2 1 1
github.com/hyperledger/fabric-chaincode-go/shimtest/mockstub.go:423.54,425.2 1 1
github.com/hyperledger/fabric-chaincode-go/shimtest/mockstub.go:427.65,429.2 1 1
github.com/hyperledger/fabric-chaincode-go/shimtest/mockstub.go:432.70,433.29 1 1
github.com/hyperledger/fabric-chaincode-go/shimtest/mockstub.go:436.2,436.30 1 1
github.com/hyperledger/fabric-chaincode-go/shimtest/mockstub.go:433.29,435.3 1 0
github.com/hyperledger/fabric-chaincode-go/shimtest/mockstub.go:440.67,443.2 2 1
github.com/hyperledger/fabric-chaincode-go/shimtest/mockstub.go:446.80,448.2 1 0
github.com/hyperledger/fabric-chaincode-go/shimtest/mockstub.go:451.79,453.2 1 0
github.com/hyperledger/fabric-chaincode-go/shimtest/mockstub.go:456.98,458.9 2 0
github.com/hyperledger/fabric-chaincode-go/shimtest/mockstub.go:463.2,464.12 2 0
github.com/hyperledger/fabric-chaincode-go/shimtest/mockstub.go:458.9,461.3 2 0
github.com/hyperledger/fabric-chaincode-go/shimtest/mockstub.go:468.97,471.9 2 0
github.com/hyperledger/fabric-chaincode-go/shimtest/mockstub.go:475.2,475.20 1 0
github.com/hyperledger/fabric-chaincode-go/shimtest/mockstub.go:471.9,473.3 1 0
github.com/hyperledger/fabric-chaincode-go/shimtest/mockstub.go:479.60,492.2 11 1
github.com/hyperledger/fabric-chaincode-go/shimtest/mockstub.go:509.57,510.17 1 1
github.com/hyperledger/fabric-chaincode-go/shimtest/mockstub.go:515.2,515.25 1 1
github.com/hyperledger/fabric-chaincode-go/shimtest/mockstub.go:519.2,520.21 2 1
github.com/hyperledger/fabric-chaincode-go/shimtest/mockstub.go:535.2,535.14 1 0
github.com/hyperledger/fabric-chaincode-go/shimtest/mockstub.go:510.17,513.3 1 0
github.com/hyperledger/fabric-chaincode-go/shimtest/mockstub.go:515.25,517.3 1 1
github.com/hyperledger/fabric-chaincode-go/shimtest/mockstub.go:520.21,522.47 1 1
github.com/hyperledger/fabric-chaincode-go/shimtest/mockstub.go:525.3,527.17 3 1
github.com/hyperledger/fabric-chaincode-go/shimtest/mockstub.go:533.3,533.27 1 1
github.com/hyperledger/fabric-chaincode-go/shimtest/mockstub.go:522.47,524.4 1 1
github.com/hyperledger/fabric-chaincode-go/shimtest/mockstub.go:527.17,528.17 1 1
github.com/hyperledger/fabric-chaincode-go/shimtest/mockstub.go:531.4,531.16 1 1
github.com/hyperledger/fabric-chaincode-go/shimtest/mockstub.go:528.17,530.5 1 1
github.com/hyperledger/fabric-chaincode-go/shimtest/mockstub.go:539.74,540.25 1 1
github.com/hyperledger/fabric-chaincode-go/shimtest/mockstub.go:545.2,545.29 1 1
github.com/hyperledger/fabric-chaincode-go/shimtest/mockstub.go:550.2,550.26 1 1
github.com/hyperledger/fabric-chaincode-go/shimtest/mockstub.go:563.2,564.17 2 0
github.com/hyperledger/fabric-chaincode-go/shimtest/mockstub.go:540.25,543.3 2 0
github.com/hyperledger/fabric-chaincode-go/shimtest/mockstub.go:545.29,548.3 2 0
github.com/hyperledger/fabric-chaincode-go/shimtest/mockstub.go:550.26,555.78 3 1
github.com/hyperledger/fabric-chaincode-go/shimtest/mockstub.go:561.3,561.37 1 1
github.com/hyperledger/fabric-chaincode-go/shimtest/mockstub.go:555.78,560.4 4 1
github.com/hyperledger/fabric-chaincode-go/shimtest/mockstub.go:569.56,570.25 1 1
github.com/hyperledger/fabric-chaincode-go/shimtest/mockstub.go:575.2,576.12 2 1
github.com/hyperledger/fabric-chaincode-go/shimtest/mockstub.go:570.25,573.3 2 0
github.com/hyperledger/fabric-chaincode-go/shimtest/mockstub.go:580.114,588.2 7 1
github.com/hyperledger/fabric-chaincode-go/shimtest/mockstub.go:590.56,593.25 3 1
github.com/hyperledger/fabric-chaincode-go/shimtest/mockstub.go:596.2,596.14 1 1
github.com/hyperledger/fabric-chaincode-go/shimtest/mockstub.go:593.25,595.3 1 1
github.com/hyperledger/fabric-chaincode-go/shimtest/mockstub.go:599.53,602.34 3 1
github.com/hyperledger/fabric-chaincode-go/shimtest/mockstub.go:605.2,605.23 1 1
github.com/hyperledger/fabric-chaincode-go/shimtest/mockstub.go:602.34,604.3 1 0
github.com/hyperledger/fabric-chaincode-go/shim/handler.go:52.36,53.19 1 1
github.com/hyperledger/fabric-chaincode-go/shim/handler.go:56.2,56.18 1 0
github.com/hyperledger/fabric-chaincode-go/shim/handler.go:53.19,55.3 1 1
github.com/hyperledger/fabric-chaincode-go/shim/handler.go:60.62,65.2 3 1
github.com/hyperledger/fabric-chaincode-go/shim/handler.go:70.80,71.12 1 1
github.com/hyperledger/fabric-chaincode-go/shim/handler.go:71.12,73.3 1 1
github.com/hyperledger/fabric-chaincode-go/shim/handler.go:78.56,80.2 1 1
github.com/hyperledger/fabric-chaincode-go/shim/handler.go:82.101,86.31 3 1
github.com/hyperledger/fabric-chaincode-go/shim/handler.go:90.2,91.40 2 1
github.com/hyperledger/fabric-chaincode-go/shim/handler.go:95.2,97.26 3 1
github.com/hyperledger/fabric-chaincode-go/shim/handler.go:86.31,88.3 1 1
github.com/hyperledger/fabric-chaincode-go/shim/handler.go:91.40,93.3 1 0
github.com/hyperledger/fabric-chaincode-go/shim/handler.go:100.65,103.31 3 1
github.com/hyperledger/fabric-chaincode-go/shim/handler.go:103.31,106.3 2 1
github.com/hyperledger/fabric-chaincode-go/shim/handler.go:109.66,113.31 3 1
github.com/hyperledger/fabric-chaincode-go/shim/handler.go:117.2,119.23 3 1
github.com/hyperledger/fabric-chaincode-go/shim/handler.go:122.2,123.12 2 1
github.com/hyperledger/fabric-chaincode-go/shim/handler.go:113.31,115.3 1 0
github.com/hyperledger/fabric-chaincode-go/shim/handler.go:119.23,121.3 1 1
github.com/hyperledger/fabric-chaincode-go/shim/handler.go:130.127,132.16 2 1
github.com/hyperledger/fabric-chaincode-go/shim/handler.go:136.2,137.20 2 1
github.com/hyperledger/fabric-chaincode-go/shim/handler.go:132.16,134.3 1 0
github.com/hyperledger/fabric-chaincode-go/shim/handler.go:141.92,148.2 1 1
github.com/hyperledger/fabric-chaincode-go/shim/handler.go:152.111,154.16 2 1
github.com/hyperledger/fabric-chaincode-go/shim/handler.go:157.2,157.31 1 1
github.com/hyperledger/fabric-chaincode-go/shim/handler.go:154.16,156.3 1 1
github.com/hyperledger/fabric-chaincode-go/shim/handler.go:161.86,165.16 3 1
github.com/hyperledger/fabric-chaincode-go/shim/handler.go:170.2,171.16 2 1
github.com/hyperledger/fabric-chaincode-go/shim/handler.go:175.2,176.25 2 1
github.com/hyperledger/fabric-chaincode-go/shim/handler.go:180.2,181.16 2 1
github.com/hyperledger/fabric-chaincode-go/shim/handler.go:185.2,185.170 1 1
github.com/hyperledger/fabric-chaincode-go/shim/handler.go:165.16,167.3 1 1
github.com/hyperledger/fabric-chaincode-go/shim/handler.go:171.16,173.3 1 0
github.com/hyperledger/fabric-chaincode-go/shim/handler.go:176.25,178.3 1 0
github.com/hyperledger/fabric-chaincode-go/shim/handler.go:181.16,183.3 1 0
github.com/hyperledger/fabric-chaincode-go/shim/handler.go:189.93,193.16 3 1
github.com/hyperledger/fabric-chaincode-go/shim/handler.go:198.2,199.16 2 1
github.com/hyperledger/fabric-chaincode-go/shim/handler.go:203.2,207.16 3 1
github.com/hyperledger/fabric-chaincode-go/shim/handler.go:211.2,211.170 1 1
github.com/hyperledger/fabric-chaincode-go/shim/handler.go:193.16,195.3 1 1
github.com/hyperledger/fabric-chaincode-go/shim/handler.go:199.16,201.3 1 0
github.com/hyperledger/fabric-chaincode-go/shim/handler.go:207.16,209.3 1 0
github.com/hyperledger/fabric-chaincode-go/shim/handler.go:216.123,219.16 2 1
github.com/hyperledger/fabric-chaincode-go/shim/handler.go:222.2,224.37 2 1
github.com/hyperledger/fabric-chaincode-go/shim/handler.go:219.16,221.3 1 1
github.com/hyperledger/fabric-chaincode-go/shim/handler.go:228.112,234.16 4 1
github.com/hyperledger/fabric-chaincode-go/shim/handler.go:238.2,238.54 1 1
github.com/hyperledger/fabric-chaincode-go/shim/handler.go:242.2,242.51 1 1
github.com/hyperledger/fabric-chaincode-go/shim/handler.go:248.2,248.196 1 0
github.com/hyperledger/fabric-chaincode-go/shim/handler.go:234.16,236.3 1 1
github.com/hyperledger/fabric-chaincode-go/shim/handler.go:238.54,241.3 1 1
github.com/hyperledger/fabric-chaincode-go/shim/handler.go:242.51,245.3 1 1
github.com/hyperledger/fabric-chaincode-go/shim/handler.go:251.122,257.16 4 1
github.com/hyperledger/fabric-chaincode-go/shim/handler.go:261.2,261.54 1 1
github.com/hyperledger/fabric-chaincode-go/shim/handler.go:265.2,265.51 1 1
github.com/hyperledger/fabric-chaincode-go/shim/handler.go:271.2,271.196 1 0
github.com/hyperledger/fabric-chaincode-go/shim/handler.go:257.16,259.3 1 1
github.com/hyperledger/fabric-chaincode-go/shim/handler.go:261.54,264.3 1 1
github.com/hyperledger/fabric-chaincode-go/shim/handler.go:265.51,268.3 1 1
github.com/hyperledger/fabric-chaincode-go/shim/handler.go:274.131,280.16 4 1
github.com/hyperledger/fabric-chaincode-go/shim/handler.go:284.2,284.54 1 1
github.com/hyperledger/fabric-chaincode-go/shim/handler.go:298.2,298.51 1 1
github.com/hyperledger/fabric-chaincode-go/shim/handler.go:304.2,304.196 1 0
github.com/hyperledger/fabric-chaincode-go/shim/handler.go:280.16,282.3 1 1
github.com/hyperledger/fabric-chaincode-go/shim/handler.go:284.54,288.17 3 1
github.com/hyperledger/fabric-chaincode-go/shim/handler.go:291.3,292.39 2 1
github.com/hyperledger/fabric-chaincode-go/shim/handler.go:296.3,296.23 1 1
github.com/hyperledger/fabric-chaincode-go/shim/handler.go:288.17,290.4 1 0
github.com/hyperledger/fabric-chaincode-go/shim/handler.go:292.39,294.4 1 1
github.com/hyperledger/fabric-chaincode-go/shim/handler.go:298.51,301.3 1 1
github.com/hyperledger/fabric-chaincode-go/shim/handler.go:308.116,316.16 4 1
github.com/hyperledger/fabric-chaincode-go/shim/handler.go:320.2,320.54 1 1
github.com/hyperledger/fabric-chaincode-go/shim/handler.go:325.2,325.51 1 1
github.com/hyperledger/fabric-chaincode-go/shim/handler.go:331.2,331.191 1 0
github.com/hyperledger/fabric-chaincode-go/shim/handler.go:316.16,318.3 1 1
github.com/hyperledger/fabric-chaincode-go/shim/handler.go:320.54,323.3 1 1
github.com/hyperledger/fabric-chaincode-go/shim/handler.go:325.51,328.3 1 1
github.com/hyperledger/fabric-chaincode-go/shim/handler.go:334.148,342.16 5 1
github.com/hyperledger/fabric-chaincode-go/shim/handler.go:346.2,346.54 1 1
github.com/hyperledger/fabric-chaincode-go/shim/handler.go:351.2,351.51 1 1
github.com/hyperledger/fabric-chaincode-go/shim/handler.go:357.2,357.190 1 0
github.com/hyperledger/fabric-chaincode-go/shim/handler.go:342.16,344.3 1 1
github.com/hyperledger/fabric-chaincode-go/shim/handler.go:346.54,349.3 1 1
github.com/hyperledger/fabric-chaincode-go/shim/handler.go:351.51,354.3 1 1
github.com/hyperledger/fabric-chaincode-go/shim/handler.go:361.102,366.16 4 1
github.com/hyperledger/fabric-chaincode-go/shim/handler.go:370.2,370.54 1 1
github.com/hyperledger/fabric-chaincode-go/shim/handler.go:374.2,374.51 1 1
github.com/hyperledger/fabric-chaincode-go/shim/handler.go:380.2,380.191 1 0
github.com/hyperledger/fabric-chaincode-go/shim/handler.go:366.16,368.3 1 1
github.com/hyperledger/fabric-chaincode-go/shim/handler.go:370.54,373.3 1 1
github.com/hyperledger/fabric-chaincode-go/shim/handler.go:374.51,377.3 1 1
github.com/hyperledger/fabric-chaincode-go/shim/handler.go:384.60,389.16 4 1
github.com/hyperledger/fabric-chaincode-go/shim/handler.go:393.2,393.54 1 1
github.com/hyperledger/fabric-chaincode-go/shim/handler.go:403.2,403.51 1 1
github.com/hyperledger/fabric-chaincode-go/shim/handler.go:409.2,409.162 1 0
github.com/hyperledger/fabric-chaincode-go/shim/handler.go:389.16,391.3 1 1
github.com/hyperledger/fabric-chaincode-go/shim/handler.go:393.54,397.17 3 1
github.com/hyperledger/fabric-chaincode-go/shim/handler.go:401.3,401.33 1 1
github.com/hyperledger/fabric-chaincode-go/shim/handler.go:397.17,399.4 1 0
github.com/hyperledger/fabric-chaincode-go/shim/handler.go:403.51,406.3 1 1
github.com/hyperledger/fabric-chaincode-go/shim/handler.go:412.95,415.16 2 1
github.com/hyperledger/fabric-chaincode-go/shim/handler.go:418.2,427.65 5 1
github.com/hyperledger/fabric-chaincode-go/shim/handler.go:431.2,431.54 1 1
github.com/hyperledger/fabric-chaincode-go/shim/handler.go:440.2,440.51 1 1
github.com/hyperledger/fabric-chaincode-go/shim/handler.go:446.2,446.162 1 0
github.com/hyperledger/fabric-chaincode-go/shim/handler.go:415.16,417.3 1 1
github.com/hyperledger/fabric-chaincode-go/shim/handler.go:427.65,429.3 1 0
github.com/hyperledger/fabric-chaincode-go/shim/handler.go:431.54,434.76 2 1
github.com/hyperledger/fabric-chaincode-go/shim/handler.go:438.3,438.28 1 1
github.com/hyperledger/fabric-chaincode-go/shim/handler.go:434.76,436.4 1 0
github.com/hyperledger/fabric-chaincode-go/shim/handler.go:440.51,443.3 1 1
github.com/hyperledger/fabric-chaincode-go/shim/handler.go:449.96,452.16 2 1
github.com/hyperledger/fabric-chaincode-go/shim/handler.go:455.2,464.65 5 1
github.com/hyperledger/fabric-chaincode-go/shim/handler.go:468.2,468.54 1 1
github.com/hyperledger/fabric-chaincode-go/shim/handler.go:477.2,477.51 1 1
github.com/hyperledger/fabric-chaincode-go/shim/handler.go:483.2,483.162 1 0
github.com/hyperledger/fabric-chaincode-go/shim/handler.go:452.16,454.3 1 1
github.com/hyperledger/fabric-chaincode-go/shim/handler.go:464.65,466.3 1 0
github.com/hyperledger/fabric-chaincode-go/shim/handler.go:468.54,471.76 2 1
github.com/hyperledger/fabric-chaincode-go/shim/handler.go:475.3,475.28 1 1
github.com/hyperledger/fabric-chaincode-go/shim/handler.go:471.76,473.4 1 0
github.com/hyperledger/fabric-chaincode-go/shim/handler.go:477.51,480.3 1 1
github.com/hyperledger/fabric-chaincode-go/shim/handler.go:487.60,492.16 4 1
github.com/hyperledger/fabric-chaincode-go/shim/handler.go:496.2,496.54 1 1
github.com/hyperledger/fabric-chaincode-go/shim/handler.go:505.2,505.51 1 1
github.com/hyperledger/fabric-chaincode-go/shim/handler.go:511.2,511.162 1 0
github.com/hyperledger/fabric-chaincode-go/shim/handler.go:492.16,494.3 1 1
github.com/hyperledger/fabric-chaincode-go/shim/handler.go:496.54,499.83 2 1
github.com/hyperledger/fabric-chaincode-go/shim/handler.go:503.3,503.35 1 1
github.com/hyperledger/fabric-chaincode-go/shim/handler.go:499.83,501.4 1 0
github.com/hyperledger/fabric-chaincode-go/shim/handler.go:505.51,508.3 1 1
github.com/hyperledger/fabric-chaincode-go/shim/handler.go:514.112,517.16 2 1
github.com/hyperledger/fabric-chaincode-go/shim/handler.go:520.2,528.65 5 1
github.com/hyperledger/fabric-chaincode-go/shim/handler.go:532.2,532.54 1 1
github.com/hyperledger/fabric-chaincode-go/shim/handler.go:541.2,541.51 1 1
github.com/hyperledger/fabric-chaincode-go/shim/handler.go:547.2,547.162 1 0
github.com/hyperledger/fabric-chaincode-go/shim/handler.go:517.16,519.3 1 1
github.com/hyperledger/fabric-chaincode-go/shim/handler.go:528.65,530.3 1 0
github.com/hyperledger/fabric-chaincode-go/shim/handler.go:532.54,535.87 2 1
github.com/hyperledger/fabric-chaincode-go/shim/handler.go:539.3,539.39 1 1
github.com/hyperledger/fabric-chaincode-go/shim/handler.go:535.87,537.4 1 0
github.com/hyperledger/fabric-chaincode-go/shim/handler.go:541.51,544.3 1 1
github.com/hyperledger/fabric-chaincode-go/shim/handler.go:550.76,552.2 1 1
github.com/hyperledger/fabric-chaincode-go/shim/handler.go:555.121,560.16 3 1
github.com/hyperledger/fabric-chaincode-go/shim/handler.go:563.2,570.65 4 1
github.com/hyperledger/fabric-chaincode-go/shim/handler.go:575.2,575.54 1 1
github.com/hyperledger/fabric-chaincode-go/shim/handler.go:591.2,591.51 1 1
github.com/hyperledger/fabric-chaincode-go/shim/handler.go:597.2,597.225 1 0
github.com/hyperledger/fabric-chaincode-go/shim/handler.go:560.16,562.3 1 0
github.com/hyperledger/fabric-chaincode-go/shim/handler.go:570.65,573.3 2 0
github.com/hyperledger/fabric-chaincode-go/shim/handler.go:575.54,578.71 2 1
github.com/hyperledger/fabric-chaincode-go/shim/handler.go:581.3,581.52 1 1
github.com/hyperledger/fabric-chaincode-go/shim/handler.go:589.3,589.54 1 0
github.com/hyperledger/fabric-chaincode-go/shim/handler.go:578.71,580.4 1 0
github.com/hyperledger/fabric-chaincode-go/shim/handler.go:581.52,584.63 2 1
github.com/hyperledger/fabric-chaincode-go/shim/handler.go:587.4,587.15 1 1
github.com/hyperledger/fabric-chaincode-go/shim/handler.go:584.63,586.5 1 0
github.com/hyperledger/fabric-chaincode-go/shim/handler.go:591.51,594.3 1 1
github.com/hyperledger/fabric-chaincode-go/shim/handler.go:601.80,602.18 1 1
github.com/hyperledger/fabric-chaincode-go/shim/handler.go:603.63,604.47 1 1
github.com/hyperledger/fabric-chaincode-go/shim/handler.go:607.3,607.13 1 0
github.com/hyperledger/fabric-chaincode-go/shim/handler.go:609.32,611.13 2 1
github.com/hyperledger/fabric-chaincode-go/shim/handler.go:613.39,615.13 2 1
github.com/hyperledger/fabric-chaincode-go/shim/handler.go:617.10,618.115 1 1
github.com/hyperledger/fabric-chaincode-go/shim/handler.go:604.47,606.4 1 1
github.com/hyperledger/fabric-chaincode-go/shim/handler.go:623.86,624.43 1 1
github.com/hyperledger/fabric-chaincode-go/shim/handler.go:628.2,629.12 2 1
github.com/hyperledger/fabric-chaincode-go/shim/handler.go:624.43,626.3 1 1
github.com/hyperledger/fabric-chaincode-go/shim/handler.go:633.82,634.48 1 1
github.com/hyperledger/fabric-chaincode-go/shim/handler.go:638.2,639.12 2 1
github.com/hyperledger/fabric-chaincode-go/shim/handler.go:634.48,636.3 1 1
github.com/hyperledger/fabric-chaincode-go/shim/handler.go:643.82,644.47 1 1
github.com/hyperledger/fabric-chaincode-go/shim/handler.go:648.2,650.17 2 1
github.com/hyperledger/fabric-chaincode-go/shim/handler.go:661.2,661.16 1 1
github.com/hyperledger/fabric-chaincode-go/shim/handler.go:668.2,668.12 1 1
github.com/hyperledger/fabric-chaincode-go/shim/handler.go:644.47,647.3 2 1
github.com/hyperledger/fabric-chaincode-go/shim/handler.go:651.13,652.33 1 1
github.com/hyperledger/fabric-chaincode-go/shim/handler.go:653.19,654.39 1 1
github.com/hyperledger/fabric-chaincode-go/shim/handler.go:655.15,656.35 1 1
github.com/hyperledger/fabric-chaincode-go/shim/handler.go:657.10,658.59 1 0
github.com/hyperledger/fabric-chaincode-go/shim/handler.go:661.16,666.3 4 1
github.com/hyperledger/fabric-chaincode-go/shim/handler.go:673.47,675.16 2 1
github.com/hyperledger/fabric-chaincode-go/shim/handler.go:678.2,678.14 1 1
github.com/hyperledger/fabric-chaincode-go/shim/handler.go:675.16,676.59 1 0
github.com/hyperledger/fabric-chaincode-go/shim/response.go:23.42,28.2 1 1
github.com/hyperledger/fabric-chaincode-go/shim/response.go:31.36,36.2 1 0
github.com/hyperledger/fabric-chaincode-go/shim/shim.go:38.74,39.24 1 1
github.com/hyperledger/fabric-chaincode-go/shim/shim.go:43.2,44.16 2 1
github.com/hyperledger/fabric-chaincode-go/shim/shim.go:48.2,49.16 2 1
github.com/hyperledger/fabric-chaincode-go/shim/shim.go:53.2,53.41 1 0
github.com/hyperledger/fabric-chaincode-go/shim/shim.go:39.24,41.3 1 1
github.com/hyperledger/fabric-chaincode-go/shim/shim.go:44.16,46.3 1 1
github.com/hyperledger/fabric-chaincode-go/shim/shim.go:49.16,51.3 1 1
github.com/hyperledger/fabric-chaincode-go/shim/shim.go:57.32,60.25 3 1
github.com/hyperledger/fabric-chaincode-go/shim/shim.go:65.2,65.25 1 1
github.com/hyperledger/fabric-chaincode-go/shim/shim.go:69.2,70.16 2 1
github.com/hyperledger/fabric-chaincode-go/shim/shim.go:74.2,76.12 2 1
github.com/hyperledger/fabric-chaincode-go/shim/shim.go:60.25,62.3 1 1
github.com/hyperledger/fabric-chaincode-go/shim/shim.go:65.25,67.3 1 1
github.com/hyperledger/fabric-chaincode-go/shim/shim.go:70.16,72.3 1 1
github.com/hyperledger/fabric-chaincode-go/shim/shim.go:81.88,83.2 1 0
github.com/hyperledger/fabric-chaincode-go/shim/shim.go:85.89,93.16 5 1
github.com/hyperledger/fabric-chaincode-go/shim/shim.go:98.2,98.126 1 1
github.com/hyperledger/fabric-chaincode-go/shim/shim.go:104.2,111.27 4 1
github.com/hyperledger/fabric-chaincode-go/shim/shim.go:116.2,117.6 2 1
github.com/hyperledger/fabric-chaincode-go/shim/shim.go:93.16,95.3 1 0
github.com/hyperledger/fabric-chaincode-go/shim/shim.go:98.126,101.3 1 0
github.com/hyperledger/fabric-chaincode-go/shim/shim.go:111.27,114.3 2 1
github.com/hyperledger/fabric-chaincode-go/shim/shim.go:117.6,118.10 1 1
github.com/hyperledger/fabric-chaincode-go/shim/shim.go:119.27,120.11 1 1
github.com/hyperledger/fabric-chaincode-go/shim/shim.go:139.26,140.22 1 0
github.com/hyperledger/fabric-chaincode-go/shim/shim.go:121.28,122.63 1 1
github.com/hyperledger/fabric-chaincode-go/shim/shim.go:123.25,125.15 2 1
github.com/hyperledger/fabric-chaincode-go/shim/shim.go:126.25,128.15 2 1
github.com/hyperledger/fabric-chaincode-go/shim/shim.go:129.12,131.19 2 1
github.com/hyperledger/fabric-chaincode-go/shim/shim.go:136.5,136.24 1 0
github.com/hyperledger/fabric-chaincode-go/shim/shim.go:131.19,134.6 2 1
github.com/hyperledger/fabric-chaincode-go/shim/shim.go:140.22,143.5 2 0
github.com/hyperledger/fabric-chaincode-go/shim/stub.go:42.150,56.27 2 1
github.com/hyperledger/fabric-chaincode-go/shim/stub.go:117.2,117.18 1 1
github.com/hyperledger/fabric-chaincode-go/shim/stub.go:56.27,61.17 4 1
github.com/hyperledger/fabric-chaincode-go/shim/stub.go:67.3,67.42 1 1
github.com/hyperledger/fabric-chaincode-go/shim/stub.go:72.3,73.73 2 1
github.com/hyperledger/fabric-chaincode-go/shim/stub.go:78.3,79.66 2 1
github.com/hyperledger/fabric-chaincode-go/shim/stub.go:82.3,86.53 2 1
github.com/hyperledger/fabric-chaincode-go/shim/stub.go:96.3,97.73 2 1
github.com/hyperledger/fabric-chaincode-go/shim/stub.go:100.3,104.78 3 1
github.com/hyperledger/fabric-chaincode-go/shim/stub.go:107.3,113.27 5 1
github.com/hyperledger/fabric-chaincode-go/shim/stub.go:61.17,64.4 1 1
github.com/hyperledger/fabric-chaincode-go/shim/stub.go:67.42,69.4 1 1
github.com/hyperledger/fabric-chaincode-go/shim/stub.go:73.73,75.4 1 0
github.com/hyperledger/fabric-chaincode-go/shim/stub.go:79.66,81.4 1 0
github.com/hyperledger/fabric-chaincode-go/shim/stub.go:86.53,93.4 1 1
github.com/hyperledger/fabric-chaincode-go/shim/stub.go:97.73,99.4 1 0
github.com/hyperledger/fabric-chaincode-go/shim/stub.go:104.78,106.4 1 0
github.com/hyperledger/fabric-chaincode-go/shim/stub.go:121.42,123.2 1 1
github.com/hyperledger/fabric-chaincode-go/shim/stub.go:126.47,128.2 1 1
github.com/hyperledger/fabric-chaincode-go/shim/stub.go:131.60,133.2 1 1
github.com/hyperledger/fabric-chaincode-go/shim/stub.go:138.106,140.19 1 1
github.com/hyperledger/fabric-chaincode-go/shim/stub.go:143.2,143.82 1 1
github.com/hyperledger/fabric-chaincode-go/shim/stub.go:140.19,142.3 1 1
github.com/hyperledger/fabric-chaincode-go/shim/stub.go:149.62,153.2 2 1
github.com/hyperledger/fabric-chaincode-go/shim/stub.go:156.82,158.2 1 1
github.com/hyperledger/fabric-chaincode-go/shim/stub.go:161.81,163.16 2 1
github.com/hyperledger/fabric-chaincode-go/shim/stub.go:166.2,166.52 1 1
github.com/hyperledger/fabric-chaincode-go/shim/stub.go:169.2,169.17 1 0
github.com/hyperledger/fabric-chaincode-go/shim/stub.go:163.16,165.3 1 1
github.com/hyperledger/fabric-chaincode-go/shim/stub.go:166.52,168.3 1 1
github.com/hyperledger/fabric-chaincode-go/shim/stub.go:173.66,174.15 1 1
github.com/hyperledger/fabric-chaincode-go/shim/stub.go:178.2,179.78 2 1
github.com/hyperledger/fabric-chaincode-go/shim/stub.go:174.15,176.3 1 0
github.com/hyperledger/fabric-chaincode-go/shim/stub.go:182.98,192.2 1 1
github.com/hyperledger/fabric-chaincode-go/shim/stub.go:195.91,202.2 3 1
github.com/hyperledger/fabric-chaincode-go/shim/stub.go:205.52,209.2 2 1
github.com/hyperledger/fabric-chaincode-go/shim/stub.go:214.87,215.22 1 1
github.com/hyperledger/fabric-chaincode-go/shim/stub.go:218.2,218.71 1 1
github.com/hyperledger/fabric-chaincode-go/shim/stub.go:215.22,217.3 1 1
github.com/hyperledger/fabric-chaincode-go/shim/stub.go:222.91,223.22 1 1
github.com/hyperledger/fabric-chaincode-go/shim/stub.go:226.2,226.81 1 1
github.com/hyperledger/fabric-chaincode-go/shim/stub.go:223.22,225.3 1 1
github.com/hyperledger/fabric-chaincode-go/shim/stub.go:230.91,231.22 1 1
github.com/hyperledger/fabric-chaincode-go/shim/stub.go:234.2,234.15 1 1
github.com/hyperledger/fabric-chaincode-go/shim/stub.go:237.2,237.78 1 1
github.com/hyperledger/fabric-chaincode-go/shim/stub.go:231.22,233.3 1 1
github.com/hyperledger/fabric-chaincode-go/shim/stub.go:234.15,236.3 1 1
github.com/hyperledger/fabric-chaincode-go/shim/stub.go:241.77,242.22 1 1
github.com/hyperledger/fabric-chaincode-go/shim/stub.go:245.2,245.71 1 1
github.com/hyperledger/fabric-chaincode-go/shim/stub.go:242.22,244.3 1 1
github.com/hyperledger/fabric-chaincode-go/shim/stub.go:249.121,250.22 1 1
github.com/hyperledger/fabric-chaincode-go/shim/stub.go:253.2,253.20 1 1
github.com/hyperledger/fabric-chaincode-go/shim/stub.go:256.2,256.61 1 1
github.com/hyperledger/fabric-chaincode-go/shim/stub.go:260.2,262.22 2 1
github.com/hyperledger/fabric-chaincode-go/shim/stub.go:250.22,252.3 1 1
github.com/hyperledger/fabric-chaincode-go/shim/stub.go:253.20,255.3 1 1
github.com/hyperledger/fabric-chaincode-go/shim/stub.go:256.61,258.3 1 0
github.com/hyperledger/fabric-chaincode-go/shim/stub.go:265.127,267.16 2 1
github.com/hyperledger/fabric-chaincode-go/shim/stub.go:270.2,273.30 3 1
github.com/hyperledger/fabric-chaincode-go/shim/stub.go:267.16,269.3 1 0
github.com/hyperledger/fabric-chaincode-go/shim/stub.go:277.150,278.22 1 1
github.com/hyperledger/fabric-chaincode-go/shim/stub.go:282.2,283.16 2 1
github.com/hyperledger/fabric-chaincode-go/shim/stub.go:287.2,289.22 2 1
github.com/hyperledger/fabric-chaincode-go/shim/stub.go:278.22,280.3 1 1
github.com/hyperledger/fabric-chaincode-go/shim/stub.go:283.16,285.3 1 0
github.com/hyperledger/fabric-chaincode-go/shim/stub.go:293.114,294.22 1 1
github.com/hyperledger/fabric-chaincode-go/shim/stub.go:298.2,300.22 2 1
github.com/hyperledger/fabric-chaincode-go/shim/stub.go:294.22,296.3 1 1
github.com/hyperledger/fabric-chaincode-go/shim/stub.go:304.99,306.16 2 1
github.com/hyperledger/fabric-chaincode-go/shim/stub.go:309.2,309.52 1 1
github.com/hyperledger/fabric-chaincode-go/shim/stub.go:312.2,312.17 1 0
github.com/hyperledger/fabric-chaincode-go/shim/stub.go:306.16,308.3 1 0
github.com/hyperledger/fabric-chaincode-go/shim/stub.go:309.52,311.3 1 1
github.com/hyperledger/fabric-chaincode-go/shim/stub.go:316.100,318.2 1 1
github.com/hyperledger/fabric-chaincode-go/shim/stub.go:354.91,357.16 3 1
github.com/hyperledger/fabric-chaincode-go/shim/stub.go:361.2,361.22 1 1
github.com/hyperledger/fabric-chaincode-go/shim/stub.go:357.16,359.3 1 0
github.com/hyperledger/fabric-chaincode-go/shim/stub.go:365.83,368.16 2 1
github.com/hyperledger/fabric-chaincode-go/shim/stub.go:372.2,374.16 3 1
github.com/hyperledger/fabric-chaincode-go/shim/stub.go:378.2,378.40 1 1
github.com/hyperledger/fabric-chaincode-go/shim/stub.go:368.16,370.3 1 1
github.com/hyperledger/fabric-chaincode-go/shim/stub.go:374.16,376.3 1 0
github.com/hyperledger/fabric-chaincode-go/shim/stub.go:382.83,385.16 2 1
github.com/hyperledger/fabric-chaincode-go/shim/stub.go:389.2,391.16 3 1
github.com/hyperledger/fabric-chaincode-go/shim/stub.go:395.2,395.40 1 1
github.com/hyperledger/fabric-chaincode-go/shim/stub.go:385.16,387.3 1 1
github.com/hyperledger/fabric-chaincode-go/shim/stub.go:391.16,393.3 1 0
github.com/hyperledger/fabric-chaincode-go/shim/stub.go:399.103,400.20 1 1
github.com/hyperledger/fabric-chaincode-go/shim/stub.go:403.2,403.61 1 1
github.com/hyperledger/fabric-chaincode-go/shim/stub.go:406.2,411.22 3 1
github.com/hyperledger/fabric-chaincode-go/shim/stub.go:400.20,402.3 1 1
github.com/hyperledger/fabric-chaincode-go/shim/stub.go:403.61,405.3 1 0
github.com/hyperledger/fabric-chaincode-go/shim/stub.go:415.93,417.16 2 1
github.com/hyperledger/fabric-chaincode-go/shim/stub.go:420.2,420.113 1 1
github.com/hyperledger/fabric-chaincode-go/shim/stub.go:417.16,419.3 1 1
github.com/hyperledger/fabric-chaincode-go/shim/stub.go:424.100,426.2 1 1
github.com/hyperledger/fabric-chaincode-go/shim/stub.go:429.90,431.2 1 0
github.com/hyperledger/fabric-chaincode-go/shim/stub.go:434.81,435.66 1 1
github.com/hyperledger/fabric-chaincode-go/shim/stub.go:438.2,439.33 2 1
github.com/hyperledger/fabric-chaincode-go/shim/stub.go:445.2,445.16 1 1
github.com/hyperledger/fabric-chaincode-go/shim/stub.go:435.66,437.3 1 0
github.com/hyperledger/fabric-chaincode-go/shim/stub.go:439.33,440.60 1 1
github.com/hyperledger/fabric-chaincode-go/shim/stub.go:443.3,443.42 1 1
github.com/hyperledger/fabric-chaincode-go/shim/stub.go:440.60,442.4 1 0
github.com/hyperledger/fabric-chaincode-go/shim/stub.go:448.71,451.41 3 0
github.com/hyperledger/fabric-chaincode-go/shim/stub.go:457.2,457.43 1 0
github.com/hyperledger/fabric-chaincode-go/shim/stub.go:451.41,452.45 1 0
github.com/hyperledger/fabric-chaincode-go/shim/stub.go:452.45,455.4 2 0
github.com/hyperledger/fabric-chaincode-go/shim/stub.go:460.54,461.28 1 1
github.com/hyperledger/fabric-chaincode-go/shim/stub.go:464.2,464.36 1 1
github.com/hyperledger/fabric-chaincode-go/shim/stub.go:470.2,470.12 1 1
github.com/hyperledger/fabric-chaincode-go/shim/stub.go:461.28,463.3 1 0
github.com/hyperledger/fabric-chaincode-go/shim/stub.go:464.36,465.75 1 1
github.com/hyperledger/fabric-chaincode-go/shim/stub.go:465.75,468.4 1 0
github.com/hyperledger/fabric-chaincode-go/shim/stub.go:477.53,478.33 1 1
github.com/hyperledger/fabric-chaincode-go/shim/stub.go:483.2,483.12 1 1
github.com/hyperledger/fabric-chaincode-go/shim/stub.go:478.33,479.57 1 1
github.com/hyperledger/fabric-chaincode-go/shim/stub.go:479.57,481.4 1 0
github.com/hyperledger/fabric-chaincode-go/shim/stub.go:492.132,495.16 3 1
github.com/hyperledger/fabric-chaincode-go/shim/stub.go:499.2,501.22 2 1
github.com/hyperledger/fabric-chaincode-go/shim/stub.go:495.16,497.3 1 0
github.com/hyperledger/fabric-chaincode-go/shim/stub.go:504.75,508.16 3 1
github.com/hyperledger/fabric-chaincode-go/shim/stub.go:511.2,511.27 1 1
github.com/hyperledger/fabric-chaincode-go/shim/stub.go:508.16,510.3 1 0
github.com/hyperledger/fabric-chaincode-go/shim/stub.go:516.83,518.20 1 1
github.com/hyperledger/fabric-chaincode-go/shim/stub.go:521.2,521.61 1 1
github.com/hyperledger/fabric-chaincode-go/shim/stub.go:525.2,528.16 3 1
github.com/hyperledger/fabric-chaincode-go/shim/stub.go:532.2,532.72 1 1
github.com/hyperledger/fabric-chaincode-go/shim/stub.go:518.20,520.3 1 1
github.com/hyperledger/fabric-chaincode-go/shim/stub.go:521.61,523.3 1 0
github.com/hyperledger/fabric-chaincode-go/shim/stub.go:528.16,530.3 1 0
github.com/hyperledger/fabric-chaincode-go/shim/stub.go:537.99,542.16 3 1
github.com/hyperledger/fabric-chaincode-go/shim/stub.go:546.2,547.16 2 1
github.com/hyperledger/fabric-chaincode-go/shim/stub.go:550.2,550.72 1 1
github.com/hyperledger/fabric-chaincode-go/shim/stub.go:542.16,544.3 1 0
github.com/hyperledger/fabric-chaincode-go/shim/stub.go:547.16,549.3 1 0
github.com/hyperledger/fabric-chaincode-go/shim/stub.go:555.83,560.16 3 1
github.com/hyperledger/fabric-chaincode-go/shim/stub.go:563.2,563.60 1 1
github.com/hyperledger/fabric-chaincode-go/shim/stub.go:560.16,562.3 1 0
github.com/hyperledger/fabric-chaincode-go/shim/stub.go:567.65,569.16 2 1
github.com/hyperledger/fabric-chaincode-go/shim/stub.go:572.2,572.38 1 1
github.com/hyperledger/fabric-chaincode-go/shim/stub.go:569.16,571.3 1 0
github.com/hyperledger/fabric-chaincode-go/shim/stub.go:576.80,578.16 2 1
github.com/hyperledger/fabric-chaincode-go/shim/stub.go:581.2,581.51 1 1
github.com/hyperledger/fabric-chaincode-go/shim/stub.go:578.16,580.3 1 0
github.com/hyperledger/fabric-chaincode-go/shim/stub.go:585.44,586.75 1 1
github.com/hyperledger/fabric-chaincode-go/shim/stub.go:589.2,589.14 1 1
github.com/hyperledger/fabric-chaincode-go/shim/stub.go:586.75,588.3 1 1
github.com/hyperledger/fabric-chaincode-go/shim/stub.go:597.41,599.31 1 1
github.com/hyperledger/fabric-chaincode-go/shim/stub.go:613.2,613.45 1 0
github.com/hyperledger/fabric-chaincode-go/shim/stub.go:599.31,601.89 2 1
github.com/hyperledger/fabric-chaincode-go/shim/stub.go:604.3,604.31 1 1
github.com/hyperledger/fabric-chaincode-go/shim/stub.go:601.89,603.4 1 0
github.com/hyperledger/fabric-chaincode-go/shim/stub.go:606.8,606.40 1 1
github.com/hyperledger/fabric-chaincode-go/shim/stub.go:606.40,608.91 2 1
github.com/hyperledger/fabric-chaincode-go/shim/stub.go:611.3,611.33 1 1
github.com/hyperledger/fabric-chaincode-go/shim/stub.go:608.91,610.4 1 0
github.com/hyperledger/fabric-chaincode-go/shim/stub.go:616.58,618.16 2 1
github.com/hyperledger/fabric-chaincode-go/shim/stub.go:621.2,623.12 3 1
github.com/hyperledger/fabric-chaincode-go/shim/stub.go:618.16,620.3 1 0
github.com/hyperledger/fabric-chaincode-go/shim/stub.go:629.79,630.50 1 1
github.com/hyperledger/fabric-chaincode-go/shim/stub.go:653.2,653.50 1 0
github.com/hyperledger/fabric-chaincode-go/shim/stub.go:630.50,633.17 2 1
github.com/hyperledger/fabric-chaincode-go/shim/stub.go:636.3,638.77 2 1
github.com/hyperledger/fabric-chaincode-go/shim/stub.go:645.3,645.26 1 1
github.com/hyperledger/fabric-chaincode-go/shim/stub.go:633.17,635.4 1 0
github.com/hyperledger/fabric-chaincode-go/shim/stub.go:638.77,640.53 1 1
github.com/hyperledger/fabric-chaincode-go/shim/stub.go:640.53,642.5 1 0
github.com/hyperledger/fabric-chaincode-go/shim/stub.go:646.8,646.35 1 0
github.com/hyperledger/fabric-chaincode-go/shim/stub.go:646.35,649.3 1 0
github.com/hyperledger/fabric-chaincode-go/shim/stub.go:657.43,660.2 2 1
github.com/hyperledger/fabric-chaincode-go/shim/stub.go:663.44,665.2 1 1
github.com/hyperledger/fabric-chaincode-go/shim/stub.go:668.50,671.28 3 1
github.com/hyperledger/fabric-chaincode-go/shim/stub.go:674.2,674.16 1 1
github.com/hyperledger/fabric-chaincode-go/shim/stub.go:671.28,673.3 1 1
github.com/hyperledger/fabric-chaincode-go/shim/stub.go:678.87,682.23 4 1
github.com/hyperledger/fabric-chaincode-go/shim/stub.go:686.2,686.8 1 1
github.com/hyperledger/fabric-chaincode-go/shim/stub.go:682.23,685.3 2 1
github.com/hyperledger/fabric-chaincode-go/shim/stub.go:690.54,692.2 1 1
github.com/hyperledger/fabric-chaincode-go/shim/stub.go:695.67,697.2 1 1
github.com/hyperledger/fabric-chaincode-go/shim/stub.go:700.54,702.2 1 1
github.com/hyperledger/fabric-chaincode-go/shim/stub.go:705.73,707.2 1 1
github.com/hyperledger/fabric-chaincode-go/shim/stub.go:710.56,713.28 3 1
github.com/hyperledger/fabric-chaincode-go/shim/stub.go:716.2,716.17 1 1
github.com/hyperledger/fabric-chaincode-go/shim/stub.go:713.28,715.3 1 1
github.com/hyperledger/fabric-chaincode-go/shim/stub.go:720.72,722.64 2 1
github.com/hyperledger/fabric-chaincode-go/shim/stub.go:726.2,727.65 2 1
github.com/hyperledger/fabric-chaincode-go/shim/stub.go:731.2,731.33 1 1
github.com/hyperledger/fabric-chaincode-go/shim/stub.go:722.64,724.3 1 1
github.com/hyperledger/fabric-chaincode-go/shim/stub.go:727.65,729.3 1 1
github.com/hyperledger/fabric-chaincode-go/shim/stub.go:737.69,738.16 1 1
github.com/hyperledger/fabric-chaincode-go/shim/stub.go:741.2,742.12 2 1
github.com/hyperledger/fabric-chaincode-go/shim/stub.go:738.16,740.3 1 1
github.com/hyperledger/fabric-chaincode-go/shim/internal/client.go:28.29,40.20 2 1
github.com/hyperledger/fabric-chaincode-go/shim/internal/client.go:47.2,49.52 3 1
github.com/hyperledger/fabric-chaincode-go/shim/internal/client.go:40.20,43.3 2 0
github.com/hyperledger/fabric-chaincode-go/shim/internal/client.go:43.8,45.3 1 1
github.com/hyperledger/fabric-chaincode-go/shim/internal/client.go:53.95,55.2 1 1
github.com/hyperledger/fabric-chaincode-go/shim/internal/config.go:28.35,30.16 2 1
github.com/hyperledger/fabric-chaincode-go/shim/internal/config.go:34.2,44.17 2 1
github.com/hyperledger/fabric-chaincode-go/shim/internal/config.go:48.2,49.16 2 1
github.com/hyperledger/fabric-chaincode-go/shim/internal/config.go:52.2,53.16 2 1
github.com/hyperledger/fabric-chaincode-go/shim/internal/config.go:56.2,57.16 2 1
github.com/hyperledger/fabric-chaincode-go/shim/internal/config.go:60.2,61.16 2 1
github.com/hyperledger/fabric-chaincode-go/shim/internal/config.go:64.2,65.16 2 1
github.com/hyperledger/fabric-chaincode-go/shim/internal/config.go:69.2,70.54 2 1
github.com/hyperledger/fabric-chaincode-go/shim/internal/config.go:73.2,74.16 2 1
github.com/hyperledger/fabric-chaincode-go/shim/internal/config.go:78.2,84.18 2 1
github.com/hyperledger/fabric-chaincode-go/shim/internal/config.go:30.16,32.3 1 1
github.com/hyperledger/fabric-chaincode-go/shim/internal/config.go:44.17,46.3 1 1
github.com/hyperledger/fabric-chaincode-go/shim/internal/config.go:49.16,51.3 1 1
github.com/hyperledger/fabric-chaincode-go/shim/internal/config.go:53.16,55.3 1 1
github.com/hyperledger/fabric-chaincode-go/shim/internal/config.go:57.16,59.3 1 1
github.com/hyperledger/fabric-chaincode-go/shim/internal/config.go:61.16,63.3 1 1
github.com/hyperledger/fabric-chaincode-go/shim/internal/config.go:65.16,67.3 1 1
github.com/hyperledger/fabric-chaincode-go/shim/internal/config.go:70.54,72.3 1 1
github.com/hyperledger/fabric-chaincode-go/shim/internal/config.go:74.16,76.3 1 1
