mode: set
github.com/hyperledger/fabric-chaincode-go/contractapi/internal/contract_function.go:51.192,54.16 2 0
github.com/hyperledger/fabric-chaincode-go/contractapi/internal/contract_function.go:58.2,60.37 2 0
github.com/hyperledger/fabric-chaincode-go/contractapi/internal/contract_function.go:54.16,56.3 1 0
github.com/hyperledger/fabric-chaincode-go/contractapi/internal/contract_function.go:64.134,71.37 5 0
github.com/hyperledger/fabric-chaincode-go/contractapi/internal/contract_function.go:75.2,77.45 2 0
github.com/hyperledger/fabric-chaincode-go/contractapi/internal/contract_function.go:87.2,87.31 1 0
github.com/hyperledger/fabric-chaincode-go/contractapi/internal/contract_function.go:93.2,93.28 1 0
github.com/hyperledger/fabric-chaincode-go/contractapi/internal/contract_function.go:71.37,73.3 1 0
github.com/hyperledger/fabric-chaincode-go/contractapi/internal/contract_function.go:77.45,85.3 5 0
github.com/hyperledger/fabric-chaincode-go/contractapi/internal/contract_function.go:87.31,91.3 2 0
github.com/hyperledger/fabric-chaincode-go/contractapi/internal/contract_function.go:96.162,104.2 6 0
github.com/hyperledger/fabric-chaincode-go/contractapi/internal/contract_function.go:107.129,111.35 3 0
github.com/hyperledger/fabric-chaincode-go/contractapi/internal/contract_function.go:115.2,121.16 5 0
github.com/hyperledger/fabric-chaincode-go/contractapi/internal/contract_function.go:125.2,125.81 1 0
github.com/hyperledger/fabric-chaincode-go/contractapi/internal/contract_function.go:111.35,113.3 1 0
github.com/hyperledger/fabric-chaincode-go/contractapi/internal/contract_function.go:121.16,123.3 1 0
github.com/hyperledger/fabric-chaincode-go/contractapi/internal/contract_function.go:129.170,132.16 2 0
github.com/hyperledger/fabric-chaincode-go/contractapi/internal/contract_function.go:136.2,136.85 1 0
github.com/hyperledger/fabric-chaincode-go/contractapi/internal/contract_function.go:132.16,134.3 1 0
github.com/hyperledger/fabric-chaincode-go/contractapi/internal/contract_function.go:141.135,144.16 2 0
github.com/hyperledger/fabric-chaincode-go/contractapi/internal/contract_function.go:148.2,150.16 2 0
github.com/hyperledger/fabric-chaincode-go/contractapi/internal/contract_function.go:154.2,154.53 1 0
github.com/hyperledger/fabric-chaincode-go/contractapi/internal/contract_function.go:144.16,146.3 1 0
github.com/hyperledger/fabric-chaincode-go/contractapi/internal/contract_function.go:150.16,152.3 1 0
github.com/hyperledger/fabric-chaincode-go/contractapi/internal/contract_function.go:157.129,167.22 6 1
github.com/hyperledger/fabric-chaincode-go/contractapi/internal/contract_function.go:172.2,172.38 1 1
github.com/hyperledger/fabric-chaincode-go/contractapi/internal/contract_function.go:203.2,204.32 2 1
github.com/hyperledger/fabric-chaincode-go/contractapi/internal/contract_function.go:167.22,170.3 2 1
github.com/hyperledger/fabric-chaincode-go/contractapi/internal/contract_function.go:172.38,179.90 4 1
github.com/hyperledger/fabric-chaincode-go/contractapi/internal/contract_function.go:192.3,192.23 1 1
github.com/hyperledger/fabric-chaincode-go/contractapi/internal/contract_function.go:179.90,184.18 3 1
github.com/hyperledger/fabric-chaincode-go/contractapi/internal/contract_function.go:188.4,189.19 2 1
github.com/hyperledger/fabric-chaincode-go/contractapi/internal/contract_function.go:184.18,186.5 1 1
github.com/hyperledger/fabric-chaincode-go/contractapi/internal/contract_function.go:192.23,194.4 1 1
github.com/hyperledger/fabric-chaincode-go/contractapi/internal/contract_function.go:194.9,194.38 1 1
github.com/hyperledger/fabric-chaincode-go/contractapi/internal/contract_function.go:194.38,196.4 1 1
github.com/hyperledger/fabric-chaincode-go/contractapi/internal/contract_function.go:196.9,196.19 1 1
github.com/hyperledger/fabric-chaincode-go/contractapi/internal/contract_function.go:196.19,198.4 1 1
github.com/hyperledger/fabric-chaincode-go/contractapi/internal/contract_function.go:198.9,200.4 1 1
github.com/hyperledger/fabric-chaincode-go/contractapi/internal/contract_function.go:207.98,212.22 3 0
github.com/hyperledger/fabric-chaincode-go/contractapi/internal/contract_function.go:216.2,216.16 1 0
github.com/hyperledger/fabric-chaincode-go/contractapi/internal/contract_function.go:243.2,243.49 1 0
github.com/hyperledger/fabric-chaincode-go/contractapi/internal/contract_function.go:212.22,214.3 1 0
github.com/hyperledger/fabric-chaincode-go/contractapi/internal/contract_function.go:216.16,218.3 1 0
github.com/hyperledger/fabric-chaincode-go/contractapi/internal/contract_function.go:218.8,218.24 1 0
github.com/hyperledger/fabric-chaincode-go/contractapi/internal/contract_function.go:218.24,225.23 4 0
github.com/hyperledger/fabric-chaincode-go/contractapi/internal/contract_function.go:230.3,230.54 1 0
github.com/hyperledger/fabric-chaincode-go/contractapi/internal/contract_function.go:225.23,227.4 1 0
github.com/hyperledger/fabric-chaincode-go/contractapi/internal/contract_function.go:227.9,227.34 1 0
github.com/hyperledger/fabric-chaincode-go/contractapi/internal/contract_function.go:227.34,229.4 1 0
github.com/hyperledger/fabric-chaincode-go/contractapi/internal/contract_function.go:231.8,231.24 1 0
github.com/hyperledger/fabric-chaincode-go/contractapi/internal/contract_function.go:231.24,236.28 4 0
github.com/hyperledger/fabric-chaincode-go/contractapi/internal/contract_function.go:241.3,241.54 1 0
github.com/hyperledger/fabric-chaincode-go/contractapi/internal/contract_function.go:236.28,238.4 1 0
github.com/hyperledger/fabric-chaincode-go/contractapi/internal/contract_function.go:238.9,238.43 1 0
github.com/hyperledger/fabric-chaincode-go/contractapi/internal/contract_function.go:238.43,240.4 1 0
github.com/hyperledger/fabric-chaincode-go/contractapi/internal/contract_function.go:247.192,252.34 3 0
github.com/hyperledger/fabric-chaincode-go/contractapi/internal/contract_function.go:260.2,262.30 2 0
github.com/hyperledger/fabric-chaincode-go/contractapi/internal/contract_function.go:266.2,266.29 1 0
github.com/hyperledger/fabric-chaincode-go/contractapi/internal/contract_function.go:270.2,270.33 1 0
github.com/hyperledger/fabric-chaincode-go/contractapi/internal/contract_function.go:309.2,309.20 1 0
github.com/hyperledger/fabric-chaincode-go/contractapi/internal/contract_function.go:252.34,255.57 2 0
github.com/hyperledger/fabric-chaincode-go/contractapi/internal/contract_function.go:255.57,257.4 1 0
github.com/hyperledger/fabric-chaincode-go/contractapi/internal/contract_function.go:262.30,264.3 1 0
github.com/hyperledger/fabric-chaincode-go/contractapi/internal/contract_function.go:266.29,268.3 1 0
github.com/hyperledger/fabric-chaincode-go/contractapi/internal/contract_function.go:270.33,276.35 3 0
github.com/hyperledger/fabric-chaincode-go/contractapi/internal/contract_function.go:280.3,282.17 2 0
github.com/hyperledger/fabric-chaincode-go/contractapi/internal/contract_function.go:286.3,286.21 1 0
github.com/hyperledger/fabric-chaincode-go/contractapi/internal/contract_function.go:306.3,306.37 1 0
github.com/hyperledger/fabric-chaincode-go/contractapi/internal/contract_function.go:276.35,278.4 1 0
github.com/hyperledger/fabric-chaincode-go/contractapi/internal/contract_function.go:282.17,284.4 1 0
github.com/hyperledger/fabric-chaincode-go/contractapi/internal/contract_function.go:286.21,291.124 3 0
github.com/hyperledger/fabric-chaincode-go/contractapi/internal/contract_function.go:299.4,301.18 2 0
github.com/hyperledger/fabric-chaincode-go/contractapi/internal/contract_function.go:291.124,295.5 3 0
github.com/hyperledger/fabric-chaincode-go/contractapi/internal/contract_function.go:295.10,297.5 1 0
github.com/hyperledger/fabric-chaincode-go/contractapi/internal/contract_function.go:301.18,303.5 1 0
github.com/hyperledger/fabric-chaincode-go/contractapi/internal/contract_function.go:312.93,317.16 3 0
github.com/hyperledger/fabric-chaincode-go/contractapi/internal/contract_function.go:321.2,321.24 1 0
github.com/hyperledger/fabric-chaincode-go/contractapi/internal/contract_function.go:317.16,319.3 1 0
github.com/hyperledger/fabric-chaincode-go/contractapi/internal/contract_function.go:324.83,328.231 3 0
github.com/hyperledger/fabric-chaincode-go/contractapi/internal/contract_function.go:334.2,334.16 1 0
github.com/hyperledger/fabric-chaincode-go/contractapi/internal/contract_function.go:338.2,338.23 1 0
github.com/hyperledger/fabric-chaincode-go/contractapi/internal/contract_function.go:328.231,330.3 1 0
github.com/hyperledger/fabric-chaincode-go/contractapi/internal/contract_function.go:330.8,332.3 1 0
github.com/hyperledger/fabric-chaincode-go/contractapi/internal/contract_function.go:334.16,336.3 1 0
github.com/hyperledger/fabric-chaincode-go/contractapi/internal/contract_function.go:341.139,352.16 8 0
github.com/hyperledger/fabric-chaincode-go/contractapi/internal/contract_function.go:356.2,358.21 2 0
github.com/hyperledger/fabric-chaincode-go/contractapi/internal/contract_function.go:362.2,362.12 1 0
github.com/hyperledger/fabric-chaincode-go/contractapi/internal/contract_function.go:352.16,354.3 1 0
github.com/hyperledger/fabric-chaincode-go/contractapi/internal/contract_function.go:358.21,360.3 1 0
github.com/hyperledger/fabric-chaincode-go/contractapi/internal/contract_function.go:365.103,370.46 3 0
github.com/hyperledger/fabric-chaincode-go/contractapi/internal/contract_function.go:376.2,376.37 1 0
github.com/hyperledger/fabric-chaincode-go/contractapi/internal/contract_function.go:414.2,414.90 1 0
github.com/hyperledger/fabric-chaincode-go/contractapi/internal/contract_function.go:370.46,372.3 1 0
github.com/hyperledger/fabric-chaincode-go/contractapi/internal/contract_function.go:372.8,372.53 1 0
github.com/hyperledger/fabric-chaincode-go/contractapi/internal/contract_function.go:372.53,374.3 1 0
github.com/hyperledger/fabric-chaincode-go/contractapi/internal/contract_function.go:376.37,381.47 3 0
github.com/hyperledger/fabric-chaincode-go/contractapi/internal/contract_function.go:390.3,394.32 4 0
github.com/hyperledger/fabric-chaincode-go/contractapi/internal/contract_function.go:407.3,407.56 1 0
github.com/hyperledger/fabric-chaincode-go/contractapi/internal/contract_function.go:411.3,411.42 1 0
github.com/hyperledger/fabric-chaincode-go/contractapi/internal/contract_function.go:381.47,384.4 2 0
github.com/hyperledger/fabric-chaincode-go/contractapi/internal/contract_function.go:384.9,384.28 1 0
github.com/hyperledger/fabric-chaincode-go/contractapi/internal/contract_function.go:384.28,386.4 1 0
github.com/hyperledger/fabric-chaincode-go/contractapi/internal/contract_function.go:386.9,386.36 1 0
github.com/hyperledger/fabric-chaincode-go/contractapi/internal/contract_function.go:386.36,388.4 1 0
github.com/hyperledger/fabric-chaincode-go/contractapi/internal/contract_function.go:394.32,395.75 1 0
github.com/hyperledger/fabric-chaincode-go/contractapi/internal/contract_function.go:404.4,404.39 1 0
github.com/hyperledger/fabric-chaincode-go/contractapi/internal/contract_function.go:395.75,396.153 1 0
github.com/hyperledger/fabric-chaincode-go/contractapi/internal/contract_function.go:396.153,399.6 2 0
github.com/hyperledger/fabric-chaincode-go/contractapi/internal/contract_function.go:399.11,401.6 1 0
github.com/hyperledger/fabric-chaincode-go/contractapi/internal/contract_function.go:407.56,409.4 1 0
github.com/hyperledger/fabric-chaincode-go/contractapi/internal/text_handling.go:8.50,10.2 1 1
github.com/hyperledger/fabric-chaincode-go/contractapi/internal/transaction_handler.go:26.60,27.13 1 0
github.com/hyperledger/fabric-chaincode-go/contractapi/internal/transaction_handler.go:28.36,29.23 1 0
github.com/hyperledger/fabric-chaincode-go/contractapi/internal/transaction_handler.go:30.35,31.22 1 0
github.com/hyperledger/fabric-chaincode-go/contractapi/internal/transaction_handler.go:32.37,33.24 1 0
github.com/hyperledger/fabric-chaincode-go/contractapi/internal/transaction_handler.go:34.10,35.60 1 0
github.com/hyperledger/fabric-chaincode-go/contractapi/internal/transaction_handler.go:47.101,50.30 2 0
github.com/hyperledger/fabric-chaincode-go/contractapi/internal/transaction_handler.go:54.2,54.81 1 0
github.com/hyperledger/fabric-chaincode-go/contractapi/internal/transaction_handler.go:62.2,64.54 2 0
github.com/hyperledger/fabric-chaincode-go/contractapi/internal/transaction_handler.go:50.30,52.3 1 0
github.com/hyperledger/fabric-chaincode-go/contractapi/internal/transaction_handler.go:54.81,55.18 1 0
github.com/hyperledger/fabric-chaincode-go/contractapi/internal/transaction_handler.go:55.18,57.4 1 0
github.com/hyperledger/fabric-chaincode-go/contractapi/internal/transaction_handler.go:57.9,59.4 1 0
github.com/hyperledger/fabric-chaincode-go/contractapi/internal/transaction_handler.go:68.142,71.16 2 0
github.com/hyperledger/fabric-chaincode-go/contractapi/internal/transaction_handler.go:82.2,87.17 2 0
github.com/hyperledger/fabric-chaincode-go/contractapi/internal/transaction_handler.go:71.16,73.3 1 0
github.com/hyperledger/fabric-chaincode-go/contractapi/internal/transaction_handler.go:73.8,73.84 1 0
github.com/hyperledger/fabric-chaincode-go/contractapi/internal/transaction_handler.go:73.84,76.3 2 0
github.com/hyperledger/fabric-chaincode-go/contractapi/internal/transaction_handler.go:76.8,76.84 1 0
github.com/hyperledger/fabric-chaincode-go/contractapi/internal/transaction_handler.go:76.84,78.3 1 0
github.com/hyperledger/fabric-chaincode-go/contractapi/internal/transaction_handler.go:78.8,78.136 1 0
github.com/hyperledger/fabric-chaincode-go/contractapi/internal/transaction_handler.go:78.136,80.3 1 0
github.com/hyperledger/fabric-chaincode-go/contractapi/internal/types_handler.go:14.35,17.35 2 1
github.com/hyperledger/fabric-chaincode-go/contractapi/internal/types_handler.go:20.2,22.17 2 1
github.com/hyperledger/fabric-chaincode-go/contractapi/internal/types_handler.go:17.35,19.3 1 1
github.com/hyperledger/fabric-chaincode-go/contractapi/internal/types_handler.go:25.30,27.2 1 1
github.com/hyperledger/fabric-chaincode-go/contractapi/internal/types_handler.go:29.82,30.21 1 0
github.com/hyperledger/fabric-chaincode-go/contractapi/internal/types_handler.go:34.2,34.60 1 0
github.com/hyperledger/fabric-chaincode-go/contractapi/internal/types_handler.go:30.21,32.3 1 0
github.com/hyperledger/fabric-chaincode-go/contractapi/internal/types_handler.go:37.80,38.31 1 1
github.com/hyperledger/fabric-chaincode-go/contractapi/internal/types_handler.go:42.2,42.38 1 1
github.com/hyperledger/fabric-chaincode-go/contractapi/internal/types_handler.go:50.2,50.12 1 1
github.com/hyperledger/fabric-chaincode-go/contractapi/internal/types_handler.go:38.31,40.3 1 1
github.com/hyperledger/fabric-chaincode-go/contractapi/internal/types_handler.go:42.38,45.17 2 1
github.com/hyperledger/fabric-chaincode-go/contractapi/internal/types_handler.go:45.17,47.4 1 0
github.com/hyperledger/fabric-chaincode-go/contractapi/internal/types_handler.go:53.60,54.25 1 1
github.com/hyperledger/fabric-chaincode-go/contractapi/internal/types_handler.go:59.2,59.14 1 1
github.com/hyperledger/fabric-chaincode-go/contractapi/internal/types_handler.go:54.25,55.13 1 0
github.com/hyperledger/fabric-chaincode-go/contractapi/internal/types_handler.go:55.13,57.4 1 0
github.com/hyperledger/fabric-chaincode-go/contractapi/internal/types_handler.go:62.72,65.37 2 1
github.com/hyperledger/fabric-chaincode-go/contractapi/internal/types_handler.go:69.2,69.31 1 1
github.com/hyperledger/fabric-chaincode-go/contractapi/internal/types_handler.go:91.2,91.12 1 1
github.com/hyperledger/fabric-chaincode-go/contractapi/internal/types_handler.go:65.37,67.3 1 0
github.com/hyperledger/fabric-chaincode-go/contractapi/internal/types_handler.go:69.31,72.3 2 0
github.com/hyperledger/fabric-chaincode-go/contractapi/internal/types_handler.go:72.8,72.38 1 1
github.com/hyperledger/fabric-chaincode-go/contractapi/internal/types_handler.go:72.38,75.3 2 0
github.com/hyperledger/fabric-chaincode-go/contractapi/internal/types_handler.go:75.8,75.36 1 1
github.com/hyperledger/fabric-chaincode-go/contractapi/internal/types_handler.go:75.36,76.39 1 0
github.com/hyperledger/fabric-chaincode-go/contractapi/internal/types_handler.go:80.3,80.49 1 0
github.com/hyperledger/fabric-chaincode-go/contractapi/internal/types_handler.go:76.39,78.4 1 0
github.com/hyperledger/fabric-chaincode-go/contractapi/internal/types_handler.go:81.8,81.143 1 1
github.com/hyperledger/fabric-chaincode-go/contractapi/internal/types_handler.go:81.143,83.3 1 1
github.com/hyperledger/fabric-chaincode-go/contractapi/internal/types_handler.go:83.8,83.158 1 1
github.com/hyperledger/fabric-chaincode-go/contractapi/internal/types_handler.go:83.158,84.31 1 1
github.com/hyperledger/fabric-chaincode-go/contractapi/internal/types_handler.go:88.3,88.149 1 1
github.com/hyperledger/fabric-chaincode-go/contractapi/internal/types_handler.go:84.31,86.4 1 0
github.com/hyperledger/fabric-chaincode-go/contractapi/internal/types_handler.go:94.45,96.2 1 0
github.com/hyperledger/fabric-chaincode-go/contractapi/internal/types_handler.go:98.47,100.2 1 0
github.com/hyperledger/fabric-chaincode-go/contractapi/internal/types_handler.go:102.75,103.39 1 1
github.com/hyperledger/fabric-chaincode-go/contractapi/internal/types_handler.go:107.2,107.41 1 1
github.com/hyperledger/fabric-chaincode-go/contractapi/internal/types_handler.go:147.2,147.12 1 1
github.com/hyperledger/fabric-chaincode-go/contractapi/internal/types_handler.go:103.39,105.3 1 0
github.com/hyperledger/fabric-chaincode-go/contractapi/internal/types_handler.go:107.41,111.14 3 1
github.com/hyperledger/fabric-chaincode-go/contractapi/internal/types_handler.go:115.3,118.31 3 1
github.com/hyperledger/fabric-chaincode-go/contractapi/internal/types_handler.go:122.3,122.35 1 1
github.com/hyperledger/fabric-chaincode-go/contractapi/internal/types_handler.go:131.3,133.33 3 1
github.com/hyperledger/fabric-chaincode-go/contractapi/internal/types_handler.go:137.3,137.36 1 1
github.com/hyperledger/fabric-chaincode-go/contractapi/internal/types_handler.go:111.14,113.4 1 1
github.com/hyperledger/fabric-chaincode-go/contractapi/internal/types_handler.go:118.31,120.4 1 0
github.com/hyperledger/fabric-chaincode-go/contractapi/internal/types_handler.go:122.35,126.40 3 1
github.com/hyperledger/fabric-chaincode-go/contractapi/internal/types_handler.go:126.40,128.5 1 0
github.com/hyperledger/fabric-chaincode-go/contractapi/internal/types_handler.go:133.33,135.4 1 0
github.com/hyperledger/fabric-chaincode-go/contractapi/internal/types_handler.go:137.36,141.42 3 1
github.com/hyperledger/fabric-chaincode-go/contractapi/internal/types_handler.go:141.42,143.5 1 0
