mode: set
github.com/hyperledger/fabric-chaincode-go/contractapi/internal/types/types.go:19.68,21.2 1 1
github.com/hyperledger/fabric-chaincode-go/contractapi/internal/types/types.go:23.48,25.2 1 1
github.com/hyperledger/fabric-chaincode-go/contractapi/internal/types/types.go:29.66,32.17 3 1
github.com/hyperledger/fabric-chaincode-go/contractapi/internal/types/types.go:40.2,40.38 1 1
github.com/hyperledger/fabric-chaincode-go/contractapi/internal/types/types.go:32.17,35.17 2 1
github.com/hyperledger/fabric-chaincode-go/contractapi/internal/types/types.go:35.17,37.4 1 1
github.com/hyperledger/fabric-chaincode-go/contractapi/internal/types/types.go:43.46,45.2 1 1
github.com/hyperledger/fabric-chaincode-go/contractapi/internal/types/types.go:49.65,52.17 3 1
github.com/hyperledger/fabric-chaincode-go/contractapi/internal/types/types.go:60.2,60.37 1 1
github.com/hyperledger/fabric-chaincode-go/contractapi/internal/types/types.go:52.17,55.17 2 1
github.com/hyperledger/fabric-chaincode-go/contractapi/internal/types/types.go:55.17,57.4 1 1
github.com/hyperledger/fabric-chaincode-go/contractapi/internal/types/types.go:63.45,65.2 1 1
github.com/hyperledger/fabric-chaincode-go/contractapi/internal/types/types.go:69.66,71.17 2 1
github.com/hyperledger/fabric-chaincode-go/contractapi/internal/types/types.go:81.2,81.37 1 1
github.com/hyperledger/fabric-chaincode-go/contractapi/internal/types/types.go:71.17,74.17 2 1
github.com/hyperledger/fabric-chaincode-go/contractapi/internal/types/types.go:78.3,78.26 1 1
github.com/hyperledger/fabric-chaincode-go/contractapi/internal/types/types.go:74.17,76.4 1 1
github.com/hyperledger/fabric-chaincode-go/contractapi/internal/types/types.go:84.46,86.2 1 1
github.com/hyperledger/fabric-chaincode-go/contractapi/internal/types/types.go:90.67,92.17 2 1
github.com/hyperledger/fabric-chaincode-go/contractapi/internal/types/types.go:102.2,102.37 1 1
github.com/hyperledger/fabric-chaincode-go/contractapi/internal/types/types.go:92.17,95.17 2 1
github.com/hyperledger/fabric-chaincode-go/contractapi/internal/types/types.go:99.3,99.27 1 1
github.com/hyperledger/fabric-chaincode-go/contractapi/internal/types/types.go:95.17,97.4 1 1
github.com/hyperledger/fabric-chaincode-go/contractapi/internal/types/types.go:105.47,107.2 1 1
github.com/hyperledger/fabric-chaincode-go/contractapi/internal/types/types.go:111.67,113.17 2 1
github.com/hyperledger/fabric-chaincode-go/contractapi/internal/types/types.go:123.2,123.37 1 1
github.com/hyperledger/fabric-chaincode-go/contractapi/internal/types/types.go:113.17,116.17 2 1
github.com/hyperledger/fabric-chaincode-go/contractapi/internal/types/types.go:120.3,120.27 1 1
github.com/hyperledger/fabric-chaincode-go/contractapi/internal/types/types.go:116.17,118.4 1 1
github.com/hyperledger/fabric-chaincode-go/contractapi/internal/types/types.go:126.47,128.2 1 1
github.com/hyperledger/fabric-chaincode-go/contractapi/internal/types/types.go:132.67,135.17 3 1
github.com/hyperledger/fabric-chaincode-go/contractapi/internal/types/types.go:143.2,143.37 1 1
github.com/hyperledger/fabric-chaincode-go/contractapi/internal/types/types.go:135.17,138.17 2 1
github.com/hyperledger/fabric-chaincode-go/contractapi/internal/types/types.go:138.17,140.4 1 1
github.com/hyperledger/fabric-chaincode-go/contractapi/internal/types/types.go:146.47,148.2 1 1
github.com/hyperledger/fabric-chaincode-go/contractapi/internal/types/types.go:152.66,154.17 2 1
github.com/hyperledger/fabric-chaincode-go/contractapi/internal/types/types.go:164.2,164.38 1 1
github.com/hyperledger/fabric-chaincode-go/contractapi/internal/types/types.go:154.17,157.17 2 1
github.com/hyperledger/fabric-chaincode-go/contractapi/internal/types/types.go:161.3,161.28 1 1
github.com/hyperledger/fabric-chaincode-go/contractapi/internal/types/types.go:157.17,159.4 1 1
github.com/hyperledger/fabric-chaincode-go/contractapi/internal/types/types.go:167.46,177.2 8 1
github.com/hyperledger/fabric-chaincode-go/contractapi/internal/types/types.go:181.67,183.17 2 1
github.com/hyperledger/fabric-chaincode-go/contractapi/internal/types/types.go:193.2,193.38 1 1
github.com/hyperledger/fabric-chaincode-go/contractapi/internal/types/types.go:183.17,186.17 2 1
github.com/hyperledger/fabric-chaincode-go/contractapi/internal/types/types.go:190.3,190.29 1 1
github.com/hyperledger/fabric-chaincode-go/contractapi/internal/types/types.go:186.17,188.4 1 1
github.com/hyperledger/fabric-chaincode-go/contractapi/internal/types/types.go:196.47,203.2 6 1
github.com/hyperledger/fabric-chaincode-go/contractapi/internal/types/types.go:207.68,209.17 2 1
github.com/hyperledger/fabric-chaincode-go/contractapi/internal/types/types.go:219.2,219.38 1 1
github.com/hyperledger/fabric-chaincode-go/contractapi/internal/types/types.go:209.17,212.17 2 1
github.com/hyperledger/fabric-chaincode-go/contractapi/internal/types/types.go:216.3,216.30 1 1
github.com/hyperledger/fabric-chaincode-go/contractapi/internal/types/types.go:212.17,214.4 1 1
github.com/hyperledger/fabric-chaincode-go/contractapi/internal/types/types.go:222.48,229.2 6 1
github.com/hyperledger/fabric-chaincode-go/contractapi/internal/types/types.go:233.68,235.17 2 1
github.com/hyperledger/fabric-chaincode-go/contractapi/internal/types/types.go:245.2,245.38 1 1
github.com/hyperledger/fabric-chaincode-go/contractapi/internal/types/types.go:235.17,238.17 2 1
github.com/hyperledger/fabric-chaincode-go/contractapi/internal/types/types.go:242.3,242.30 1 1
github.com/hyperledger/fabric-chaincode-go/contractapi/internal/types/types.go:238.17,240.4 1 1
github.com/hyperledger/fabric-chaincode-go/contractapi/internal/types/types.go:248.48,255.2 6 1
github.com/hyperledger/fabric-chaincode-go/contractapi/internal/types/types.go:259.68,262.17 3 1
github.com/hyperledger/fabric-chaincode-go/contractapi/internal/types/types.go:270.2,270.38 1 1
github.com/hyperledger/fabric-chaincode-go/contractapi/internal/types/types.go:262.17,265.17 2 1
github.com/hyperledger/fabric-chaincode-go/contractapi/internal/types/types.go:265.17,267.4 1 1
github.com/hyperledger/fabric-chaincode-go/contractapi/internal/types/types.go:273.48,282.2 8 1
github.com/hyperledger/fabric-chaincode-go/contractapi/internal/types/types.go:286.69,288.17 2 1
github.com/hyperledger/fabric-chaincode-go/contractapi/internal/types/types.go:298.2,298.39 1 1
github.com/hyperledger/fabric-chaincode-go/contractapi/internal/types/types.go:288.17,291.17 2 1
github.com/hyperledger/fabric-chaincode-go/contractapi/internal/types/types.go:295.3,295.33 1 1
github.com/hyperledger/fabric-chaincode-go/contractapi/internal/types/types.go:291.17,293.4 1 1
github.com/hyperledger/fabric-chaincode-go/contractapi/internal/types/types.go:301.49,303.2 1 1
github.com/hyperledger/fabric-chaincode-go/contractapi/internal/types/types.go:307.69,310.17 3 1
github.com/hyperledger/fabric-chaincode-go/contractapi/internal/types/types.go:318.2,318.39 1 1
github.com/hyperledger/fabric-chaincode-go/contractapi/internal/types/types.go:310.17,313.17 2 1
github.com/hyperledger/fabric-chaincode-go/contractapi/internal/types/types.go:313.17,315.4 1 1
github.com/hyperledger/fabric-chaincode-go/contractapi/internal/types/types.go:321.49,323.2 1 1
github.com/hyperledger/fabric-chaincode-go/contractapi/internal/types/types.go:327.71,329.2 1 1
github.com/hyperledger/fabric-chaincode-go/contractapi/internal/types/types.go:331.51,333.2 1 1
github.com/hyperledger/fabric-chaincode-go/contractapi/internal/utils/utils.go:12.74,15.47 2 1
github.com/hyperledger/fabric-chaincode-go/contractapi/internal/utils/utils.go:19.2,19.30 1 1
github.com/hyperledger/fabric-chaincode-go/contractapi/internal/utils/utils.go:23.2,23.37 1 1
github.com/hyperledger/fabric-chaincode-go/contractapi/internal/utils/utils.go:15.47,17.3 1 1
github.com/hyperledger/fabric-chaincode-go/contractapi/internal/utils/utils.go:19.30,21.3 1 1
github.com/hyperledger/fabric-chaincode-go/contractapi/internal/utils/utils.go:27.50,28.25 1 1
github.com/hyperledger/fabric-chaincode-go/contractapi/internal/utils/utils.go:33.2,33.14 1 1
github.com/hyperledger/fabric-chaincode-go/contractapi/internal/utils/utils.go:28.25,29.13 1 1
github.com/hyperledger/fabric-chaincode-go/contractapi/internal/utils/utils.go:29.13,31.4 1 1
github.com/hyperledger/fabric-chaincode-go/contractapi/serializer/json_transaction_serializer.go:23.160,26.16 2 1
github.com/hyperledger/fabric-chaincode-go/contractapi/serializer/json_transaction_serializer.go:30.2,30.19 1 1
github.com/hyperledger/fabric-chaincode-go/contractapi/serializer/json_transaction_serializer.go:48.2,48.23 1 1
github.com/hyperledger/fabric-chaincode-go/contractapi/serializer/json_transaction_serializer.go:26.16,28.3 1 1
github.com/hyperledger/fabric-chaincode-go/contractapi/serializer/json_transaction_serializer.go:30.19,33.123 2 1
github.com/hyperledger/fabric-chaincode-go/contractapi/serializer/json_transaction_serializer.go:41.3,43.17 2 1
github.com/hyperledger/fabric-chaincode-go/contractapi/serializer/json_transaction_serializer.go:33.123,37.4 3 1
github.com/hyperledger/fabric-chaincode-go/contractapi/serializer/json_transaction_serializer.go:37.9,39.4 1 1
github.com/hyperledger/fabric-chaincode-go/contractapi/serializer/json_transaction_serializer.go:43.17,45.4 1 1
github.com/hyperledger/fabric-chaincode-go/contractapi/serializer/json_transaction_serializer.go:54.160,57.55 2 1
github.com/hyperledger/fabric-chaincode-go/contractapi/serializer/json_transaction_serializer.go:66.2,66.17 1 1
github.com/hyperledger/fabric-chaincode-go/contractapi/serializer/json_transaction_serializer.go:57.55,58.114 1 1
github.com/hyperledger/fabric-chaincode-go/contractapi/serializer/json_transaction_serializer.go:58.114,61.4 2 1
github.com/hyperledger/fabric-chaincode-go/contractapi/serializer/json_transaction_serializer.go:61.9,63.4 1 1
github.com/hyperledger/fabric-chaincode-go/contractapi/serializer/json_transaction_serializer.go:69.93,74.16 3 1
github.com/hyperledger/fabric-chaincode-go/contractapi/serializer/json_transaction_serializer.go:78.2,78.24 1 1
github.com/hyperledger/fabric-chaincode-go/contractapi/serializer/json_transaction_serializer.go:74.16,76.3 1 1
github.com/hyperledger/fabric-chaincode-go/contractapi/serializer/json_transaction_serializer.go:81.83,85.231 3 1
github.com/hyperledger/fabric-chaincode-go/contractapi/serializer/json_transaction_serializer.go:91.2,91.16 1 1
github.com/hyperledger/fabric-chaincode-go/contractapi/serializer/json_transaction_serializer.go:95.2,95.23 1 1
github.com/hyperledger/fabric-chaincode-go/contractapi/serializer/json_transaction_serializer.go:85.231,87.3 1 1
github.com/hyperledger/fabric-chaincode-go/contractapi/serializer/json_transaction_serializer.go:87.8,89.3 1 1
github.com/hyperledger/fabric-chaincode-go/contractapi/serializer/json_transaction_serializer.go:91.16,93.3 1 1
github.com/hyperledger/fabric-chaincode-go/contractapi/serializer/json_transaction_serializer.go:98.140,109.16 8 1
github.com/hyperledger/fabric-chaincode-go/contractapi/serializer/json_transaction_serializer.go:113.2,115.21 2 1
github.com/hyperledger/fabric-chaincode-go/contractapi/serializer/json_transaction_serializer.go:119.2,119.12 1 1
github.com/hyperledger/fabric-chaincode-go/contractapi/serializer/json_transaction_serializer.go:109.16,111.3 1 1
github.com/hyperledger/fabric-chaincode-go/contractapi/serializer/json_transaction_serializer.go:115.21,117.3 1 1
github.com/hyperledger/fabric-chaincode-go/contractapi/serializer/json_transaction_serializer.go:122.45,124.2 1 1
github.com/hyperledger/fabric-chaincode-go/contractapi/serializer/json_transaction_serializer.go:126.47,128.2 1 1
github.com/hyperledger/fabric-chaincode-go/contractapi/metadata/ioutils.go:19.64,21.2 1 1
github.com/hyperledger/fabric-chaincode-go/contractapi/metadata/ioutils.go:25.54,33.2 4 1
github.com/hyperledger/fabric-chaincode-go/contractapi/metadata/metadata.go:34.47,36.2 1 0
github.com/hyperledger/fabric-chaincode-go/contractapi/metadata/metadata.go:38.57,40.2 1 0
github.com/hyperledger/fabric-chaincode-go/contractapi/metadata/metadata.go:42.45,44.2 1 0
github.com/hyperledger/fabric-chaincode-go/contractapi/metadata/metadata.go:49.38,52.16 2 1
github.com/hyperledger/fabric-chaincode-go/contractapi/metadata/metadata.go:56.2,56.18 1 1
github.com/hyperledger/fabric-chaincode-go/contractapi/metadata/metadata.go:52.16,54.3 1 1
github.com/hyperledger/fabric-chaincode-go/contractapi/metadata/metadata.go:101.80,102.46 1 1
github.com/hyperledger/fabric-chaincode-go/contractapi/metadata/metadata.go:106.2,106.29 1 1
github.com/hyperledger/fabric-chaincode-go/contractapi/metadata/metadata.go:116.2,116.60 1 1
github.com/hyperledger/fabric-chaincode-go/contractapi/metadata/metadata.go:102.46,104.3 1 1
github.com/hyperledger/fabric-chaincode-go/contractapi/metadata/metadata.go:106.29,107.27 1 1
github.com/hyperledger/fabric-chaincode-go/contractapi/metadata/metadata.go:111.3,111.44 1 1
github.com/hyperledger/fabric-chaincode-go/contractapi/metadata/metadata.go:107.27,109.4 1 1
github.com/hyperledger/fabric-chaincode-go/contractapi/metadata/metadata.go:111.44,113.4 1 1
github.com/hyperledger/fabric-chaincode-go/contractapi/metadata/metadata.go:116.60,118.3 1 1
github.com/hyperledger/fabric-chaincode-go/contractapi/metadata/metadata.go:122.60,127.20 3 1
github.com/hyperledger/fabric-chaincode-go/contractapi/metadata/metadata.go:130.2,135.27 4 1
github.com/hyperledger/fabric-chaincode-go/contractapi/metadata/metadata.go:139.2,143.16 3 1
github.com/hyperledger/fabric-chaincode-go/contractapi/metadata/metadata.go:147.2,149.26 2 1
github.com/hyperledger/fabric-chaincode-go/contractapi/metadata/metadata.go:127.20,129.3 1 1
github.com/hyperledger/fabric-chaincode-go/contractapi/metadata/metadata.go:135.27,137.3 1 1
github.com/hyperledger/fabric-chaincode-go/contractapi/metadata/metadata.go:143.16,145.3 1 1
github.com/hyperledger/fabric-chaincode-go/contractapi/metadata/metadata.go:154.70,157.16 2 1
github.com/hyperledger/fabric-chaincode-go/contractapi/metadata/metadata.go:161.2,170.21 6 1
github.com/hyperledger/fabric-chaincode-go/contractapi/metadata/metadata.go:174.2,174.12 1 1
github.com/hyperledger/fabric-chaincode-go/contractapi/metadata/metadata.go:157.16,159.3 1 1
github.com/hyperledger/fabric-chaincode-go/contractapi/metadata/metadata.go:170.21,172.3 1 1
github.com/hyperledger/fabric-chaincode-go/contractapi/metadata/schema.go:16.89,20.51 3 1
github.com/hyperledger/fabric-chaincode-go/contractapi/metadata/schema.go:36.2,36.16 1 1
github.com/hyperledger/fabric-chaincode-go/contractapi/metadata/schema.go:40.2,40.20 1 1
github.com/hyperledger/fabric-chaincode-go/contractapi/metadata/schema.go:20.51,21.36 1 1
github.com/hyperledger/fabric-chaincode-go/contractapi/metadata/schema.go:21.36,23.4 1 1
github.com/hyperledger/fabric-chaincode-go/contractapi/metadata/schema.go:23.9,23.43 1 1
github.com/hyperledger/fabric-chaincode-go/contractapi/metadata/schema.go:23.43,25.4 1 1
github.com/hyperledger/fabric-chaincode-go/contractapi/metadata/schema.go:25.9,25.41 1 1
github.com/hyperledger/fabric-chaincode-go/contractapi/metadata/schema.go:25.41,27.4 1 1
github.com/hyperledger/fabric-chaincode-go/contractapi/metadata/schema.go:27.9,27.118 1 1
github.com/hyperledger/fabric-chaincode-go/contractapi/metadata/schema.go:27.118,29.4 1 1
github.com/hyperledger/fabric-chaincode-go/contractapi/metadata/schema.go:29.9,31.4 1 1
github.com/hyperledger/fabric-chaincode-go/contractapi/metadata/schema.go:32.8,34.3 1 1
github.com/hyperledger/fabric-chaincode-go/contractapi/metadata/schema.go:36.16,38.3 1 1
github.com/hyperledger/fabric-chaincode-go/contractapi/metadata/schema.go:43.97,44.21 1 1
github.com/hyperledger/fabric-chaincode-go/contractapi/metadata/schema.go:48.2,50.16 2 1
github.com/hyperledger/fabric-chaincode-go/contractapi/metadata/schema.go:54.2,54.45 1 1
github.com/hyperledger/fabric-chaincode-go/contractapi/metadata/schema.go:44.21,46.3 1 1
github.com/hyperledger/fabric-chaincode-go/contractapi/metadata/schema.go:50.16,52.3 1 1
github.com/hyperledger/fabric-chaincode-go/contractapi/metadata/schema.go:57.97,58.21 1 1
github.com/hyperledger/fabric-chaincode-go/contractapi/metadata/schema.go:62.2,64.16 2 1
github.com/hyperledger/fabric-chaincode-go/contractapi/metadata/schema.go:68.2,68.45 1 1
github.com/hyperledger/fabric-chaincode-go/contractapi/metadata/schema.go:58.21,60.3 1 1
github.com/hyperledger/fabric-chaincode-go/contractapi/metadata/schema.go:64.16,66.3 1 1
github.com/hyperledger/fabric-chaincode-go/contractapi/metadata/schema.go:71.94,74.16 2 1
github.com/hyperledger/fabric-chaincode-go/contractapi/metadata/schema.go:78.2,78.43 1 1
github.com/hyperledger/fabric-chaincode-go/contractapi/metadata/schema.go:74.16,76.3 1 1
github.com/hyperledger/fabric-chaincode-go/contractapi/metadata/schema.go:81.85,82.31 1 1
github.com/hyperledger/fabric-chaincode-go/contractapi/metadata/schema.go:86.2,86.49 1 1
github.com/hyperledger/fabric-chaincode-go/contractapi/metadata/schema.go:90.2,95.38 5 1
github.com/hyperledger/fabric-chaincode-go/contractapi/metadata/schema.go:119.2,119.31 1 1
github.com/hyperledger/fabric-chaincode-go/contractapi/metadata/schema.go:123.2,125.12 2 1
github.com/hyperledger/fabric-chaincode-go/contractapi/metadata/schema.go:82.31,84.3 1 1
github.com/hyperledger/fabric-chaincode-go/contractapi/metadata/schema.go:86.49,88.3 1 1
github.com/hyperledger/fabric-chaincode-go/contractapi/metadata/schema.go:95.38,96.79 1 1
github.com/hyperledger/fabric-chaincode-go/contractapi/metadata/schema.go:100.3,102.17 2 1
github.com/hyperledger/fabric-chaincode-go/contractapi/metadata/schema.go:106.3,110.17 3 1
github.com/hyperledger/fabric-chaincode-go/contractapi/metadata/schema.go:114.3,116.40 2 1
github.com/hyperledger/fabric-chaincode-go/contractapi/metadata/schema.go:96.79,97.9 1 1
github.com/hyperledger/fabric-chaincode-go/contractapi/metadata/schema.go:102.17,104.4 1 1
github.com/hyperledger/fabric-chaincode-go/contractapi/metadata/schema.go:110.17,112.4 1 1
github.com/hyperledger/fabric-chaincode-go/contractapi/metadata/schema.go:119.31,121.3 1 1
github.com/hyperledger/fabric-chaincode-go/contractapi/metadata/schema.go:128.95,129.31 1 1
github.com/hyperledger/fabric-chaincode-go/contractapi/metadata/schema.go:133.2,135.16 2 1
github.com/hyperledger/fabric-chaincode-go/contractapi/metadata/schema.go:139.2,139.66 1 1
github.com/hyperledger/fabric-chaincode-go/contractapi/metadata/schema.go:129.31,131.3 1 1
github.com/hyperledger/fabric-chaincode-go/contractapi/metadata/schema.go:135.16,137.3 1 1
github.com/hyperledger/fabric-chaincode-go/contractapi/contract.go:93.47,95.2 1 1
github.com/hyperledger/fabric-chaincode-go/contractapi/contract.go:98.40,100.2 1 1
github.com/hyperledger/fabric-chaincode-go/contractapi/contract.go:103.58,105.2 1 1
github.com/hyperledger/fabric-chaincode-go/contractapi/contract.go:108.56,110.2 1 1
github.com/hyperledger/fabric-chaincode-go/contractapi/contract.go:113.57,115.2 1 1
github.com/hyperledger/fabric-chaincode-go/contractapi/contract.go:118.55,120.2 1 1
github.com/hyperledger/fabric-chaincode-go/contractapi/contract.go:123.56,125.2 1 1
github.com/hyperledger/fabric-chaincode-go/contractapi/contract.go:128.54,130.2 1 1
github.com/hyperledger/fabric-chaincode-go/contractapi/contract.go:133.41,135.2 1 1
github.com/hyperledger/fabric-chaincode-go/contractapi/contract.go:139.37,141.2 1 1
github.com/hyperledger/fabric-chaincode-go/contractapi/contract.go:145.90,147.2 1 1
github.com/hyperledger/fabric-chaincode-go/contractapi/contract.go:151.87,152.29 1 1
github.com/hyperledger/fabric-chaincode-go/contractapi/contract.go:156.2,156.25 1 1
github.com/hyperledger/fabric-chaincode-go/contractapi/contract.go:152.29,154.3 1 1
github.com/hyperledger/fabric-chaincode-go/contractapi/contract.go:163.51,165.2 1 1
github.com/hyperledger/fabric-chaincode-go/contractapi/contract_chaincode.go:56.84,62.37 4 1
github.com/hyperledger/fabric-chaincode-go/contractapi/contract_chaincode.go:75.2,82.16 5 1
github.com/hyperledger/fabric-chaincode-go/contractapi/contract_chaincode.go:86.2,92.16 4 1
github.com/hyperledger/fabric-chaincode-go/contractapi/contract_chaincode.go:62.37,64.65 2 1
github.com/hyperledger/fabric-chaincode-go/contractapi/contract_chaincode.go:68.3,70.17 2 1
github.com/hyperledger/fabric-chaincode-go/contractapi/contract_chaincode.go:64.65,66.4 1 1
github.com/hyperledger/fabric-chaincode-go/contractapi/contract_chaincode.go:70.17,72.4 1 1
github.com/hyperledger/fabric-chaincode-go/contractapi/contract_chaincode.go:82.16,84.3 1 0
github.com/hyperledger/fabric-chaincode-go/contractapi/contract_chaincode.go:96.44,98.2 1 1
github.com/hyperledger/fabric-chaincode-go/contractapi/contract_chaincode.go:101.53,103.2 1 1
github.com/hyperledger/fabric-chaincode-go/contractapi/contract_chaincode.go:106.57,108.2 1 1
github.com/hyperledger/fabric-chaincode-go/contractapi/contract_chaincode.go:111.62,113.2 1 1
github.com/hyperledger/fabric-chaincode-go/contractapi/contract_chaincode.go:117.92,119.2 1 1
github.com/hyperledger/fabric-chaincode-go/contractapi/contract_chaincode.go:124.83,126.17 2 1
github.com/hyperledger/fabric-chaincode-go/contractapi/contract_chaincode.go:130.2,130.24 1 1
github.com/hyperledger/fabric-chaincode-go/contractapi/contract_chaincode.go:126.17,128.3 1 1
github.com/hyperledger/fabric-chaincode-go/contractapi/contract_chaincode.go:152.85,160.14 5 1
github.com/hyperledger/fabric-chaincode-go/contractapi/contract_chaincode.go:168.2,168.36 1 1
github.com/hyperledger/fabric-chaincode-go/contractapi/contract_chaincode.go:172.2,183.30 8 1
github.com/hyperledger/fabric-chaincode-go/contractapi/contract_chaincode.go:191.2,197.44 5 1
github.com/hyperledger/fabric-chaincode-go/contractapi/contract_chaincode.go:217.2,217.24 1 1
github.com/hyperledger/fabric-chaincode-go/contractapi/contract_chaincode.go:221.2,223.29 2 1
github.com/hyperledger/fabric-chaincode-go/contractapi/contract_chaincode.go:231.2,231.44 1 1
github.com/hyperledger/fabric-chaincode-go/contractapi/contract_chaincode.go:160.14,163.3 2 1
github.com/hyperledger/fabric-chaincode-go/contractapi/contract_chaincode.go:163.8,166.3 2 1
github.com/hyperledger/fabric-chaincode-go/contractapi/contract_chaincode.go:168.36,170.3 1 1
github.com/hyperledger/fabric-chaincode-go/contractapi/contract_chaincode.go:183.30,186.20 2 1
github.com/hyperledger/fabric-chaincode-go/contractapi/contract_chaincode.go:186.20,188.4 1 1
github.com/hyperledger/fabric-chaincode-go/contractapi/contract_chaincode.go:197.44,199.32 2 1
github.com/hyperledger/fabric-chaincode-go/contractapi/contract_chaincode.go:203.3,203.91 1 1
github.com/hyperledger/fabric-chaincode-go/contractapi/contract_chaincode.go:199.32,201.4 1 1
github.com/hyperledger/fabric-chaincode-go/contractapi/contract_chaincode.go:204.8,207.60 2 1
github.com/hyperledger/fabric-chaincode-go/contractapi/contract_chaincode.go:214.3,214.147 1 1
github.com/hyperledger/fabric-chaincode-go/contractapi/contract_chaincode.go:207.60,208.20 1 1
github.com/hyperledger/fabric-chaincode-go/contractapi/contract_chaincode.go:208.20,210.10 2 1
github.com/hyperledger/fabric-chaincode-go/contractapi/contract_chaincode.go:217.24,219.3 1 1
github.com/hyperledger/fabric-chaincode-go/contractapi/contract_chaincode.go:223.29,226.20 2 1
github.com/hyperledger/fabric-chaincode-go/contractapi/contract_chaincode.go:226.20,228.4 1 1
github.com/hyperledger/fabric-chaincode-go/contractapi/contract_chaincode.go:234.99,237.14 2 1
github.com/hyperledger/fabric-chaincode-go/contractapi/contract_chaincode.go:241.2,241.35 1 1
github.com/hyperledger/fabric-chaincode-go/contractapi/contract_chaincode.go:245.2,251.23 6 1
github.com/hyperledger/fabric-chaincode-go/contractapi/contract_chaincode.go:255.2,260.15 4 1
github.com/hyperledger/fabric-chaincode-go/contractapi/contract_chaincode.go:269.2,271.15 2 1
github.com/hyperledger/fabric-chaincode-go/contractapi/contract_chaincode.go:280.2,282.15 2 1
github.com/hyperledger/fabric-chaincode-go/contractapi/contract_chaincode.go:291.2,293.59 2 1
github.com/hyperledger/fabric-chaincode-go/contractapi/contract_chaincode.go:297.2,297.48 1 1
github.com/hyperledger/fabric-chaincode-go/contractapi/contract_chaincode.go:318.2,320.30 2 1
github.com/hyperledger/fabric-chaincode-go/contractapi/contract_chaincode.go:324.2,324.12 1 1
github.com/hyperledger/fabric-chaincode-go/contractapi/contract_chaincode.go:237.14,239.3 1 1
github.com/hyperledger/fabric-chaincode-go/contractapi/contract_chaincode.go:241.35,243.3 1 1
github.com/hyperledger/fabric-chaincode-go/contractapi/contract_chaincode.go:251.23,253.3 1 1
github.com/hyperledger/fabric-chaincode-go/contractapi/contract_chaincode.go:260.15,264.17 3 1
github.com/hyperledger/fabric-chaincode-go/contractapi/contract_chaincode.go:264.17,266.4 1 1
github.com/hyperledger/fabric-chaincode-go/contractapi/contract_chaincode.go:271.15,275.17 3 1
github.com/hyperledger/fabric-chaincode-go/contractapi/contract_chaincode.go:275.17,277.4 1 1
github.com/hyperledger/fabric-chaincode-go/contractapi/contract_chaincode.go:282.15,286.17 3 1
github.com/hyperledger/fabric-chaincode-go/contractapi/contract_chaincode.go:286.17,288.4 1 1
github.com/hyperledger/fabric-chaincode-go/contractapi/contract_chaincode.go:293.59,295.3 1 1
github.com/hyperledger/fabric-chaincode-go/contractapi/contract_chaincode.go:297.48,301.58 3 1
github.com/hyperledger/fabric-chaincode-go/contractapi/contract_chaincode.go:301.58,306.61 3 1
github.com/hyperledger/fabric-chaincode-go/contractapi/contract_chaincode.go:310.4,312.18 2 1
github.com/hyperledger/fabric-chaincode-go/contractapi/contract_chaincode.go:306.61,308.5 1 1
github.com/hyperledger/fabric-chaincode-go/contractapi/contract_chaincode.go:312.18,314.5 1 1
github.com/hyperledger/fabric-chaincode-go/contractapi/contract_chaincode.go:320.30,322.3 1 1
github.com/hyperledger/fabric-chaincode-go/contractapi/contract_chaincode.go:327.83,334.42 6 1
github.com/hyperledger/fabric-chaincode-go/contractapi/contract_chaincode.go:338.2,338.40 1 1
github.com/hyperledger/fabric-chaincode-go/contractapi/contract_chaincode.go:342.2,342.42 1 1
github.com/hyperledger/fabric-chaincode-go/contractapi/contract_chaincode.go:361.2,361.26 1 1
github.com/hyperledger/fabric-chaincode-go/contractapi/contract_chaincode.go:334.42,336.3 1 1
github.com/hyperledger/fabric-chaincode-go/contractapi/contract_chaincode.go:338.40,340.3 1 1
github.com/hyperledger/fabric-chaincode-go/contractapi/contract_chaincode.go:342.42,348.43 5 1
github.com/hyperledger/fabric-chaincode-go/contractapi/contract_chaincode.go:354.3,354.65 1 1
github.com/hyperledger/fabric-chaincode-go/contractapi/contract_chaincode.go:358.3,358.54 1 1
github.com/hyperledger/fabric-chaincode-go/contractapi/contract_chaincode.go:348.43,352.4 2 1
github.com/hyperledger/fabric-chaincode-go/contractapi/contract_chaincode.go:354.65,356.4 1 1
github.com/hyperledger/fabric-chaincode-go/contractapi/contract_chaincode.go:364.54,367.87 2 1
github.com/hyperledger/fabric-chaincode-go/contractapi/contract_chaincode.go:371.2,377.16 4 1
github.com/hyperledger/fabric-chaincode-go/contractapi/contract_chaincode.go:381.2,383.12 2 1
github.com/hyperledger/fabric-chaincode-go/contractapi/contract_chaincode.go:367.87,369.3 1 0
github.com/hyperledger/fabric-chaincode-go/contractapi/contract_chaincode.go:377.16,379.3 1 0
github.com/hyperledger/fabric-chaincode-go/contractapi/contract_chaincode.go:386.30,394.47 6 1
github.com/hyperledger/fabric-chaincode-go/contractapi/contract_chaincode.go:400.2,400.18 1 1
github.com/hyperledger/fabric-chaincode-go/contractapi/contract_chaincode.go:394.47,395.50 1 1
github.com/hyperledger/fabric-chaincode-go/contractapi/contract_chaincode.go:395.50,397.4 1 1
github.com/hyperledger/fabric-chaincode-go/contractapi/system_contract.go:12.56,14.2 1 1
github.com/hyperledger/fabric-chaincode-go/contractapi/system_contract.go:20.48,22.2 1 1
github.com/hyperledger/fabric-chaincode-go/contractapi/system_contract.go:28.62,30.2 1 1
github.com/hyperledger/fabric-chaincode-go/contractapi/transaction_context.go:47.74,49.2 1 1
github.com/hyperledger/fabric-chaincode-go/contractapi/transaction_context.go:52.73,54.2 1 1
github.com/hyperledger/fabric-chaincode-go/contractapi/transaction_context.go:57.70,59.2 1 1
github.com/hyperledger/fabric-chaincode-go/contractapi/transaction_context.go:62.71,64.2 1 1
github.com/hyperledger/fabric-chaincode-go/contractapi/internal/contract_function.go:47.237,50.16 2 1
github.com/hyperledger/fabric-chaincode-go/contractapi/internal/contract_function.go:54.2,56.49 2 1
github.com/hyperledger/fabric-chaincode-go/contractapi/internal/contract_function.go:50.16,52.3 1 1
github.com/hyperledger/fabric-chaincode-go/contractapi/internal/contract_function.go:60.134,67.37 5 1
github.com/hyperledger/fabric-chaincode-go/contractapi/internal/contract_function.go:71.2,73.45 2 1
github.com/hyperledger/fabric-chaincode-go/contractapi/internal/contract_function.go:83.2,83.31 1 1
github.com/hyperledger/fabric-chaincode-go/contractapi/internal/contract_function.go:89.2,89.28 1 1
github.com/hyperledger/fabric-chaincode-go/contractapi/internal/contract_function.go:67.37,69.3 1 1
github.com/hyperledger/fabric-chaincode-go/contractapi/internal/contract_function.go:73.45,81.3 5 1
github.com/hyperledger/fabric-chaincode-go/contractapi/internal/contract_function.go:83.31,87.3 2 1
github.com/hyperledger/fabric-chaincode-go/contractapi/internal/contract_function.go:92.162,100.2 6 1
github.com/hyperledger/fabric-chaincode-go/contractapi/internal/contract_function.go:103.129,107.35 3 1
github.com/hyperledger/fabric-chaincode-go/contractapi/internal/contract_function.go:111.2,117.16 5 1
github.com/hyperledger/fabric-chaincode-go/contractapi/internal/contract_function.go:121.2,121.81 1 1
github.com/hyperledger/fabric-chaincode-go/contractapi/internal/contract_function.go:107.35,109.3 1 1
github.com/hyperledger/fabric-chaincode-go/contractapi/internal/contract_function.go:117.16,119.3 1 1
github.com/hyperledger/fabric-chaincode-go/contractapi/internal/contract_function.go:125.170,128.16 2 1
github.com/hyperledger/fabric-chaincode-go/contractapi/internal/contract_function.go:132.2,132.85 1 1
github.com/hyperledger/fabric-chaincode-go/contractapi/internal/contract_function.go:128.16,130.3 1 1
github.com/hyperledger/fabric-chaincode-go/contractapi/internal/contract_function.go:137.135,140.16 2 1
github.com/hyperledger/fabric-chaincode-go/contractapi/internal/contract_function.go:144.2,146.16 2 1
github.com/hyperledger/fabric-chaincode-go/contractapi/internal/contract_function.go:150.2,150.53 1 1
github.com/hyperledger/fabric-chaincode-go/contractapi/internal/contract_function.go:140.16,142.3 1 1
github.com/hyperledger/fabric-chaincode-go/contractapi/internal/contract_function.go:146.16,148.3 1 1
github.com/hyperledger/fabric-chaincode-go/contractapi/internal/contract_function.go:153.129,163.22 6 1
github.com/hyperledger/fabric-chaincode-go/contractapi/internal/contract_function.go:168.2,168.38 1 1
github.com/hyperledger/fabric-chaincode-go/contractapi/internal/contract_function.go:198.2,199.32 2 1
github.com/hyperledger/fabric-chaincode-go/contractapi/internal/contract_function.go:163.22,166.3 2 1
github.com/hyperledger/fabric-chaincode-go/contractapi/internal/contract_function.go:168.38,175.90 4 1
github.com/hyperledger/fabric-chaincode-go/contractapi/internal/contract_function.go:187.3,187.33 1 1
github.com/hyperledger/fabric-chaincode-go/contractapi/internal/contract_function.go:175.90,180.18 3 1
github.com/hyperledger/fabric-chaincode-go/contractapi/internal/contract_function.go:184.4,184.16 1 1
github.com/hyperledger/fabric-chaincode-go/contractapi/internal/contract_function.go:180.18,182.5 1 1
github.com/hyperledger/fabric-chaincode-go/contractapi/internal/contract_function.go:187.33,189.4 1 1
github.com/hyperledger/fabric-chaincode-go/contractapi/internal/contract_function.go:189.9,189.38 1 1
github.com/hyperledger/fabric-chaincode-go/contractapi/internal/contract_function.go:189.38,191.4 1 1
github.com/hyperledger/fabric-chaincode-go/contractapi/internal/contract_function.go:191.9,191.19 1 1
github.com/hyperledger/fabric-chaincode-go/contractapi/internal/contract_function.go:191.19,193.4 1 1
github.com/hyperledger/fabric-chaincode-go/contractapi/internal/contract_function.go:193.9,195.4 1 1
github.com/hyperledger/fabric-chaincode-go/contractapi/internal/contract_function.go:202.98,207.22 3 1
github.com/hyperledger/fabric-chaincode-go/contractapi/internal/contract_function.go:211.2,211.16 1 1
github.com/hyperledger/fabric-chaincode-go/contractapi/internal/contract_function.go:238.2,238.49 1 1
github.com/hyperledger/fabric-chaincode-go/contractapi/internal/contract_function.go:207.22,209.3 1 1
github.com/hyperledger/fabric-chaincode-go/contractapi/internal/contract_function.go:211.16,213.3 1 1
github.com/hyperledger/fabric-chaincode-go/contractapi/internal/contract_function.go:213.8,213.24 1 1
github.com/hyperledger/fabric-chaincode-go/contractapi/internal/contract_function.go:213.24,220.23 4 1
github.com/hyperledger/fabric-chaincode-go/contractapi/internal/contract_function.go:225.3,225.54 1 1
github.com/hyperledger/fabric-chaincode-go/contractapi/internal/contract_function.go:220.23,222.4 1 1
github.com/hyperledger/fabric-chaincode-go/contractapi/internal/contract_function.go:222.9,222.34 1 1
github.com/hyperledger/fabric-chaincode-go/contractapi/internal/contract_function.go:222.34,224.4 1 1
github.com/hyperledger/fabric-chaincode-go/contractapi/internal/contract_function.go:226.8,226.24 1 1
github.com/hyperledger/fabric-chaincode-go/contractapi/internal/contract_function.go:226.24,231.28 4 1
github.com/hyperledger/fabric-chaincode-go/contractapi/internal/contract_function.go:236.3,236.54 1 1
github.com/hyperledger/fabric-chaincode-go/contractapi/internal/contract_function.go:231.28,233.4 1 1
github.com/hyperledger/fabric-chaincode-go/contractapi/internal/contract_function.go:233.9,233.43 1 1
github.com/hyperledger/fabric-chaincode-go/contractapi/internal/contract_function.go:233.43,235.4 1 1
github.com/hyperledger/fabric-chaincode-go/contractapi/internal/contract_function.go:242.237,245.34 2 1
github.com/hyperledger/fabric-chaincode-go/contractapi/internal/contract_function.go:251.2,253.30 2 1
github.com/hyperledger/fabric-chaincode-go/contractapi/internal/contract_function.go:257.2,257.29 1 1
github.com/hyperledger/fabric-chaincode-go/contractapi/internal/contract_function.go:261.2,261.33 1 1
github.com/hyperledger/fabric-chaincode-go/contractapi/internal/contract_function.go:283.2,283.20 1 1
github.com/hyperledger/fabric-chaincode-go/contractapi/internal/contract_function.go:245.34,246.57 1 1
github.com/hyperledger/fabric-chaincode-go/contractapi/internal/contract_function.go:246.57,248.4 1 1
github.com/hyperledger/fabric-chaincode-go/contractapi/internal/contract_function.go:253.30,255.3 1 1
github.com/hyperledger/fabric-chaincode-go/contractapi/internal/contract_function.go:257.29,259.3 1 1
github.com/hyperledger/fabric-chaincode-go/contractapi/internal/contract_function.go:261.33,269.35 4 1
github.com/hyperledger/fabric-chaincode-go/contractapi/internal/contract_function.go:274.3,276.17 2 1
github.com/hyperledger/fabric-chaincode-go/contractapi/internal/contract_function.go:280.3,280.37 1 1
github.com/hyperledger/fabric-chaincode-go/contractapi/internal/contract_function.go:269.35,272.4 2 1
github.com/hyperledger/fabric-chaincode-go/contractapi/internal/contract_function.go:276.17,278.4 1 1
github.com/hyperledger/fabric-chaincode-go/contractapi/internal/contract_function.go:286.148,291.46 3 1
github.com/hyperledger/fabric-chaincode-go/contractapi/internal/contract_function.go:297.2,297.37 1 1
github.com/hyperledger/fabric-chaincode-go/contractapi/internal/contract_function.go:335.2,335.90 1 1
github.com/hyperledger/fabric-chaincode-go/contractapi/internal/contract_function.go:291.46,293.3 1 1
github.com/hyperledger/fabric-chaincode-go/contractapi/internal/contract_function.go:293.8,293.53 1 1
github.com/hyperledger/fabric-chaincode-go/contractapi/internal/contract_function.go:293.53,295.3 1 1
github.com/hyperledger/fabric-chaincode-go/contractapi/internal/contract_function.go:297.37,302.47 3 1
github.com/hyperledger/fabric-chaincode-go/contractapi/internal/contract_function.go:311.3,315.32 4 1
github.com/hyperledger/fabric-chaincode-go/contractapi/internal/contract_function.go:328.3,328.56 1 1
github.com/hyperledger/fabric-chaincode-go/contractapi/internal/contract_function.go:332.3,332.42 1 1
github.com/hyperledger/fabric-chaincode-go/contractapi/internal/contract_function.go:302.47,305.4 2 1
github.com/hyperledger/fabric-chaincode-go/contractapi/internal/contract_function.go:305.9,305.28 1 1
github.com/hyperledger/fabric-chaincode-go/contractapi/internal/contract_function.go:305.28,307.4 1 1
github.com/hyperledger/fabric-chaincode-go/contractapi/internal/contract_function.go:307.9,307.36 1 1
github.com/hyperledger/fabric-chaincode-go/contractapi/internal/contract_function.go:307.36,309.4 1 1
github.com/hyperledger/fabric-chaincode-go/contractapi/internal/contract_function.go:315.32,316.25 1 1
github.com/hyperledger/fabric-chaincode-go/contractapi/internal/contract_function.go:325.4,325.39 1 1
github.com/hyperledger/fabric-chaincode-go/contractapi/internal/contract_function.go:316.25,320.19 3 1
github.com/hyperledger/fabric-chaincode-go/contractapi/internal/contract_function.go:320.19,322.6 1 1
github.com/hyperledger/fabric-chaincode-go/contractapi/internal/contract_function.go:328.56,330.4 1 1
github.com/hyperledger/fabric-chaincode-go/contractapi/internal/text_handling.go:8.50,10.2 1 1
github.com/hyperledger/fabric-chaincode-go/contractapi/internal/transaction_handler.go:27.60,28.13 1 1
github.com/hyperledger/fabric-chaincode-go/contractapi/internal/transaction_handler.go:29.36,30.23 1 1
github.com/hyperledger/fabric-chaincode-go/contractapi/internal/transaction_handler.go:31.35,32.22 1 1
github.com/hyperledger/fabric-chaincode-go/contractapi/internal/transaction_handler.go:33.37,34.24 1 1
github.com/hyperledger/fabric-chaincode-go/contractapi/internal/transaction_handler.go:35.10,36.60 1 1
github.com/hyperledger/fabric-chaincode-go/contractapi/internal/transaction_handler.go:48.146,51.30 2 1
github.com/hyperledger/fabric-chaincode-go/contractapi/internal/transaction_handler.go:55.2,55.81 1 1
github.com/hyperledger/fabric-chaincode-go/contractapi/internal/transaction_handler.go:63.2,65.66 2 1
github.com/hyperledger/fabric-chaincode-go/contractapi/internal/transaction_handler.go:51.30,53.3 1 1
github.com/hyperledger/fabric-chaincode-go/contractapi/internal/transaction_handler.go:55.81,56.18 1 1
github.com/hyperledger/fabric-chaincode-go/contractapi/internal/transaction_handler.go:56.18,58.4 1 1
github.com/hyperledger/fabric-chaincode-go/contractapi/internal/transaction_handler.go:58.9,60.4 1 1
github.com/hyperledger/fabric-chaincode-go/contractapi/internal/transaction_handler.go:69.142,72.16 2 1
github.com/hyperledger/fabric-chaincode-go/contractapi/internal/transaction_handler.go:84.2,89.17 2 1
github.com/hyperledger/fabric-chaincode-go/contractapi/internal/transaction_handler.go:72.16,75.3 2 1
github.com/hyperledger/fabric-chaincode-go/contractapi/internal/transaction_handler.go:75.8,75.84 1 1
github.com/hyperledger/fabric-chaincode-go/contractapi/internal/transaction_handler.go:75.84,78.3 2 1
github.com/hyperledger/fabric-chaincode-go/contractapi/internal/transaction_handler.go:78.8,78.84 1 1
github.com/hyperledger/fabric-chaincode-go/contractapi/internal/transaction_handler.go:78.84,80.3 1 1
github.com/hyperledger/fabric-chaincode-go/contractapi/internal/transaction_handler.go:80.8,80.136 1 1
github.com/hyperledger/fabric-chaincode-go/contractapi/internal/transaction_handler.go:80.136,82.3 1 1
github.com/hyperledger/fabric-chaincode-go/contractapi/internal/types_handler.go:14.35,17.35 2 1
github.com/hyperledger/fabric-chaincode-go/contractapi/internal/types_handler.go:20.2,22.17 2 1
github.com/hyperledger/fabric-chaincode-go/contractapi/internal/types_handler.go:17.35,19.3 1 1
github.com/hyperledger/fabric-chaincode-go/contractapi/internal/types_handler.go:25.30,27.2 1 1
github.com/hyperledger/fabric-chaincode-go/contractapi/internal/types_handler.go:29.82,30.21 1 1
github.com/hyperledger/fabric-chaincode-go/contractapi/internal/types_handler.go:34.2,34.60 1 1
github.com/hyperledger/fabric-chaincode-go/contractapi/internal/types_handler.go:30.21,32.3 1 1
github.com/hyperledger/fabric-chaincode-go/contractapi/internal/types_handler.go:37.80,38.31 1 1
github.com/hyperledger/fabric-chaincode-go/contractapi/internal/types_handler.go:42.2,42.38 1 1
github.com/hyperledger/fabric-chaincode-go/contractapi/internal/types_handler.go:50.2,50.12 1 1
github.com/hyperledger/fabric-chaincode-go/contractapi/internal/types_handler.go:38.31,40.3 1 1
github.com/hyperledger/fabric-chaincode-go/contractapi/internal/types_handler.go:42.38,45.17 2 1
github.com/hyperledger/fabric-chaincode-go/contractapi/internal/types_handler.go:45.17,47.4 1 1
github.com/hyperledger/fabric-chaincode-go/contractapi/internal/types_handler.go:53.60,54.25 1 1
github.com/hyperledger/fabric-chaincode-go/contractapi/internal/types_handler.go:59.2,59.14 1 1
github.com/hyperledger/fabric-chaincode-go/contractapi/internal/types_handler.go:54.25,55.13 1 1
github.com/hyperledger/fabric-chaincode-go/contractapi/internal/types_handler.go:55.13,57.4 1 1
github.com/hyperledger/fabric-chaincode-go/contractapi/internal/types_handler.go:62.72,65.37 2 1
github.com/hyperledger/fabric-chaincode-go/contractapi/internal/types_handler.go:69.2,69.31 1 1
github.com/hyperledger/fabric-chaincode-go/contractapi/internal/types_handler.go:91.2,91.12 1 1
github.com/hyperledger/fabric-chaincode-go/contractapi/internal/types_handler.go:65.37,67.3 1 1
github.com/hyperledger/fabric-chaincode-go/contractapi/internal/types_handler.go:69.31,72.3 2 1
github.com/hyperledger/fabric-chaincode-go/contractapi/internal/types_handler.go:72.8,72.38 1 1
github.com/hyperledger/fabric-chaincode-go/contractapi/internal/types_handler.go:72.38,75.3 2 1
github.com/hyperledger/fabric-chaincode-go/contractapi/internal/types_handler.go:75.8,75.36 1 1
github.com/hyperledger/fabric-chaincode-go/contractapi/internal/types_handler.go:75.36,76.39 1 1
github.com/hyperledger/fabric-chaincode-go/contractapi/internal/types_handler.go:80.3,80.49 1 1
github.com/hyperledger/fabric-chaincode-go/contractapi/internal/types_handler.go:76.39,78.4 1 1
github.com/hyperledger/fabric-chaincode-go/contractapi/internal/types_handler.go:81.8,81.143 1 1
github.com/hyperledger/fabric-chaincode-go/contractapi/internal/types_handler.go:81.143,83.3 1 1
github.com/hyperledger/fabric-chaincode-go/contractapi/internal/types_handler.go:83.8,83.158 1 1
github.com/hyperledger/fabric-chaincode-go/contractapi/internal/types_handler.go:83.158,84.31 1 1
github.com/hyperledger/fabric-chaincode-go/contractapi/internal/types_handler.go:88.3,88.149 1 1
github.com/hyperledger/fabric-chaincode-go/contractapi/internal/types_handler.go:84.31,86.4 1 1
github.com/hyperledger/fabric-chaincode-go/contractapi/internal/types_handler.go:94.75,95.39 1 1
github.com/hyperledger/fabric-chaincode-go/contractapi/internal/types_handler.go:99.2,99.41 1 1
github.com/hyperledger/fabric-chaincode-go/contractapi/internal/types_handler.go:139.2,139.12 1 1
github.com/hyperledger/fabric-chaincode-go/contractapi/internal/types_handler.go:95.39,97.3 1 1
github.com/hyperledger/fabric-chaincode-go/contractapi/internal/types_handler.go:99.41,103.14 3 1
github.com/hyperledger/fabric-chaincode-go/contractapi/internal/types_handler.go:107.3,110.31 3 1
github.com/hyperledger/fabric-chaincode-go/contractapi/internal/types_handler.go:114.3,114.35 1 1
github.com/hyperledger/fabric-chaincode-go/contractapi/internal/types_handler.go:123.3,125.33 3 1
github.com/hyperledger/fabric-chaincode-go/contractapi/internal/types_handler.go:129.3,129.36 1 1
github.com/hyperledger/fabric-chaincode-go/contractapi/internal/types_handler.go:103.14,105.4 1 1
github.com/hyperledger/fabric-chaincode-go/contractapi/internal/types_handler.go:110.31,112.4 1 1
github.com/hyperledger/fabric-chaincode-go/contractapi/internal/types_handler.go:114.35,118.40 3 1
github.com/hyperledger/fabric-chaincode-go/contractapi/internal/types_handler.go:118.40,120.5 1 1
github.com/hyperledger/fabric-chaincode-go/contractapi/internal/types_handler.go:125.33,127.4 1 1
github.com/hyperledger/fabric-chaincode-go/contractapi/internal/types_handler.go:129.36,133.42 3 1
github.com/hyperledger/fabric-chaincode-go/contractapi/internal/types_handler.go:133.42,135.5 1 1
