mode: set
github.com/hyperledger/fabric-chaincode-go/contractapi/contract.go:90.47,92.2 1 0
github.com/hyperledger/fabric-chaincode-go/contractapi/contract.go:95.40,97.2 1 0
github.com/hyperledger/fabric-chaincode-go/contractapi/contract.go:100.58,102.2 1 0
github.com/hyperledger/fabric-chaincode-go/contractapi/contract.go:105.56,107.2 1 0
github.com/hyperledger/fabric-chaincode-go/contractapi/contract.go:110.57,112.2 1 0
github.com/hyperledger/fabric-chaincode-go/contractapi/contract.go:115.55,117.2 1 0
github.com/hyperledger/fabric-chaincode-go/contractapi/contract.go:120.56,122.2 1 0
github.com/hyperledger/fabric-chaincode-go/contractapi/contract.go:125.54,127.2 1 0
github.com/hyperledger/fabric-chaincode-go/contractapi/contract.go:130.41,132.2 1 0
github.com/hyperledger/fabric-chaincode-go/contractapi/contract.go:136.37,138.2 1 0
github.com/hyperledger/fabric-chaincode-go/contractapi/contract.go:142.90,144.2 1 0
github.com/hyperledger/fabric-chaincode-go/contractapi/contract.go:148.87,149.29 1 0
github.com/hyperledger/fabric-chaincode-go/contractapi/contract.go:153.2,153.25 1 0
github.com/hyperledger/fabric-chaincode-go/contractapi/contract.go:149.29,151.3 1 0
github.com/hyperledger/fabric-chaincode-go/contractapi/contract.go:160.51,162.2 1 0
github.com/hyperledger/fabric-chaincode-go/contractapi/contract_chaincode.go:52.84,58.37 4 0
github.com/hyperledger/fabric-chaincode-go/contractapi/contract_chaincode.go:71.2,78.16 5 0
github.com/hyperledger/fabric-chaincode-go/contractapi/contract_chaincode.go:82.2,86.16 3 0
github.com/hyperledger/fabric-chaincode-go/contractapi/contract_chaincode.go:58.37,60.65 2 0
github.com/hyperledger/fabric-chaincode-go/contractapi/contract_chaincode.go:64.3,66.17 2 0
github.com/hyperledger/fabric-chaincode-go/contractapi/contract_chaincode.go:60.65,62.4 1 0
github.com/hyperledger/fabric-chaincode-go/contractapi/contract_chaincode.go:66.17,68.4 1 0
github.com/hyperledger/fabric-chaincode-go/contractapi/contract_chaincode.go:78.16,80.3 1 0
github.com/hyperledger/fabric-chaincode-go/contractapi/contract_chaincode.go:90.44,92.2 1 0
github.com/hyperledger/fabric-chaincode-go/contractapi/contract_chaincode.go:95.53,97.2 1 0
github.com/hyperledger/fabric-chaincode-go/contractapi/contract_chaincode.go:100.57,102.2 1 0
github.com/hyperledger/fabric-chaincode-go/contractapi/contract_chaincode.go:105.62,107.2 1 0
github.com/hyperledger/fabric-chaincode-go/contractapi/contract_chaincode.go:112.83,114.17 2 0
github.com/hyperledger/fabric-chaincode-go/contractapi/contract_chaincode.go:118.2,118.24 1 0
github.com/hyperledger/fabric-chaincode-go/contractapi/contract_chaincode.go:114.17,116.3 1 0
github.com/hyperledger/fabric-chaincode-go/contractapi/contract_chaincode.go:139.85,147.14 5 0
github.com/hyperledger/fabric-chaincode-go/contractapi/contract_chaincode.go:155.2,155.36 1 0
github.com/hyperledger/fabric-chaincode-go/contractapi/contract_chaincode.go:159.2,170.30 8 0
github.com/hyperledger/fabric-chaincode-go/contractapi/contract_chaincode.go:178.2,182.44 4 0
github.com/hyperledger/fabric-chaincode-go/contractapi/contract_chaincode.go:202.2,202.24 1 0
github.com/hyperledger/fabric-chaincode-go/contractapi/contract_chaincode.go:206.2,208.29 2 0
github.com/hyperledger/fabric-chaincode-go/contractapi/contract_chaincode.go:216.2,216.44 1 0
github.com/hyperledger/fabric-chaincode-go/contractapi/contract_chaincode.go:147.14,150.3 2 0
github.com/hyperledger/fabric-chaincode-go/contractapi/contract_chaincode.go:150.8,153.3 2 0
github.com/hyperledger/fabric-chaincode-go/contractapi/contract_chaincode.go:155.36,157.3 1 0
github.com/hyperledger/fabric-chaincode-go/contractapi/contract_chaincode.go:170.30,173.20 2 0
github.com/hyperledger/fabric-chaincode-go/contractapi/contract_chaincode.go:173.20,175.4 1 0
github.com/hyperledger/fabric-chaincode-go/contractapi/contract_chaincode.go:182.44,184.32 2 0
github.com/hyperledger/fabric-chaincode-go/contractapi/contract_chaincode.go:188.3,188.79 1 0
github.com/hyperledger/fabric-chaincode-go/contractapi/contract_chaincode.go:184.32,186.4 1 0
github.com/hyperledger/fabric-chaincode-go/contractapi/contract_chaincode.go:189.8,192.60 2 0
github.com/hyperledger/fabric-chaincode-go/contractapi/contract_chaincode.go:199.3,199.135 1 0
github.com/hyperledger/fabric-chaincode-go/contractapi/contract_chaincode.go:192.60,193.20 1 0
github.com/hyperledger/fabric-chaincode-go/contractapi/contract_chaincode.go:193.20,195.10 2 0
github.com/hyperledger/fabric-chaincode-go/contractapi/contract_chaincode.go:202.24,204.3 1 0
github.com/hyperledger/fabric-chaincode-go/contractapi/contract_chaincode.go:208.29,211.20 2 0
github.com/hyperledger/fabric-chaincode-go/contractapi/contract_chaincode.go:211.20,213.4 1 0
github.com/hyperledger/fabric-chaincode-go/contractapi/contract_chaincode.go:219.99,222.14 2 0
github.com/hyperledger/fabric-chaincode-go/contractapi/contract_chaincode.go:226.2,226.35 1 0
github.com/hyperledger/fabric-chaincode-go/contractapi/contract_chaincode.go:230.2,236.23 6 0
github.com/hyperledger/fabric-chaincode-go/contractapi/contract_chaincode.go:240.2,245.15 4 0
github.com/hyperledger/fabric-chaincode-go/contractapi/contract_chaincode.go:254.2,256.15 2 0
github.com/hyperledger/fabric-chaincode-go/contractapi/contract_chaincode.go:265.2,267.15 2 0
github.com/hyperledger/fabric-chaincode-go/contractapi/contract_chaincode.go:276.2,278.59 2 0
github.com/hyperledger/fabric-chaincode-go/contractapi/contract_chaincode.go:282.2,282.48 1 0
github.com/hyperledger/fabric-chaincode-go/contractapi/contract_chaincode.go:303.2,305.30 2 0
github.com/hyperledger/fabric-chaincode-go/contractapi/contract_chaincode.go:309.2,309.12 1 0
github.com/hyperledger/fabric-chaincode-go/contractapi/contract_chaincode.go:222.14,224.3 1 0
github.com/hyperledger/fabric-chaincode-go/contractapi/contract_chaincode.go:226.35,228.3 1 0
github.com/hyperledger/fabric-chaincode-go/contractapi/contract_chaincode.go:236.23,238.3 1 0
github.com/hyperledger/fabric-chaincode-go/contractapi/contract_chaincode.go:245.15,249.17 3 0
github.com/hyperledger/fabric-chaincode-go/contractapi/contract_chaincode.go:249.17,251.4 1 0
github.com/hyperledger/fabric-chaincode-go/contractapi/contract_chaincode.go:256.15,260.17 3 0
github.com/hyperledger/fabric-chaincode-go/contractapi/contract_chaincode.go:260.17,262.4 1 0
github.com/hyperledger/fabric-chaincode-go/contractapi/contract_chaincode.go:267.15,271.17 3 0
github.com/hyperledger/fabric-chaincode-go/contractapi/contract_chaincode.go:271.17,273.4 1 0
github.com/hyperledger/fabric-chaincode-go/contractapi/contract_chaincode.go:278.59,280.3 1 0
github.com/hyperledger/fabric-chaincode-go/contractapi/contract_chaincode.go:282.48,286.58 3 0
github.com/hyperledger/fabric-chaincode-go/contractapi/contract_chaincode.go:286.58,291.61 3 0
github.com/hyperledger/fabric-chaincode-go/contractapi/contract_chaincode.go:295.4,297.18 2 0
github.com/hyperledger/fabric-chaincode-go/contractapi/contract_chaincode.go:291.61,293.5 1 0
github.com/hyperledger/fabric-chaincode-go/contractapi/contract_chaincode.go:297.18,299.5 1 0
github.com/hyperledger/fabric-chaincode-go/contractapi/contract_chaincode.go:305.30,307.3 1 0
github.com/hyperledger/fabric-chaincode-go/contractapi/contract_chaincode.go:312.83,319.42 6 0
github.com/hyperledger/fabric-chaincode-go/contractapi/contract_chaincode.go:323.2,323.40 1 0
github.com/hyperledger/fabric-chaincode-go/contractapi/contract_chaincode.go:327.2,327.42 1 0
github.com/hyperledger/fabric-chaincode-go/contractapi/contract_chaincode.go:346.2,346.26 1 0
github.com/hyperledger/fabric-chaincode-go/contractapi/contract_chaincode.go:319.42,321.3 1 0
github.com/hyperledger/fabric-chaincode-go/contractapi/contract_chaincode.go:323.40,325.3 1 0
github.com/hyperledger/fabric-chaincode-go/contractapi/contract_chaincode.go:327.42,333.43 5 0
github.com/hyperledger/fabric-chaincode-go/contractapi/contract_chaincode.go:339.3,339.65 1 0
github.com/hyperledger/fabric-chaincode-go/contractapi/contract_chaincode.go:343.3,343.54 1 0
github.com/hyperledger/fabric-chaincode-go/contractapi/contract_chaincode.go:333.43,337.4 2 0
github.com/hyperledger/fabric-chaincode-go/contractapi/contract_chaincode.go:339.65,341.4 1 0
github.com/hyperledger/fabric-chaincode-go/contractapi/contract_chaincode.go:349.54,352.87 2 0
github.com/hyperledger/fabric-chaincode-go/contractapi/contract_chaincode.go:356.2,362.16 4 0
github.com/hyperledger/fabric-chaincode-go/contractapi/contract_chaincode.go:366.2,368.12 2 0
github.com/hyperledger/fabric-chaincode-go/contractapi/contract_chaincode.go:352.87,354.3 1 0
github.com/hyperledger/fabric-chaincode-go/contractapi/contract_chaincode.go:362.16,364.3 1 0
github.com/hyperledger/fabric-chaincode-go/contractapi/contract_chaincode.go:371.30,379.47 6 0
github.com/hyperledger/fabric-chaincode-go/contractapi/contract_chaincode.go:385.2,385.18 1 0
github.com/hyperledger/fabric-chaincode-go/contractapi/contract_chaincode.go:379.47,380.50 1 0
github.com/hyperledger/fabric-chaincode-go/contractapi/contract_chaincode.go:380.50,382.4 1 0
github.com/hyperledger/fabric-chaincode-go/contractapi/system_contract.go:12.56,14.2 1 0
github.com/hyperledger/fabric-chaincode-go/contractapi/system_contract.go:20.48,22.2 1 0
github.com/hyperledger/fabric-chaincode-go/contractapi/system_contract.go:28.62,30.2 1 0
github.com/hyperledger/fabric-chaincode-go/contractapi/transaction_context.go:47.74,49.2 1 0
github.com/hyperledger/fabric-chaincode-go/contractapi/transaction_context.go:52.73,54.2 1 0
github.com/hyperledger/fabric-chaincode-go/contractapi/transaction_context.go:57.70,59.2 1 0
github.com/hyperledger/fabric-chaincode-go/contractapi/transaction_context.go:62.71,64.2 1 0
