mode: set
github.com/hyperledger/fabric-chaincode-go/contractapi/metadata/ioutils.go:19.64,21.2 1 1
github.com/hyperledger/fabric-chaincode-go/contractapi/metadata/ioutils.go:25.54,33.2 4 1
github.com/hyperledger/fabric-chaincode-go/contractapi/metadata/metadata.go:34.47,36.2 1 0
github.com/hyperledger/fabric-chaincode-go/contractapi/metadata/metadata.go:38.57,40.2 1 0
github.com/hyperledger/fabric-chaincode-go/contractapi/metadata/metadata.go:42.45,44.2 1 0
github.com/hyperledger/fabric-chaincode-go/contractapi/metadata/metadata.go:49.38,52.16 2 1
github.com/hyperledger/fabric-chaincode-go/contractapi/metadata/metadata.go:56.2,56.18 1 1
github.com/hyperledger/fabric-chaincode-go/contractapi/metadata/metadata.go:52.16,54.3 1 1
github.com/hyperledger/fabric-chaincode-go/contractapi/metadata/metadata.go:101.80,102.46 1 1
github.com/hyperledger/fabric-chaincode-go/contractapi/metadata/metadata.go:106.2,106.29 1 1
github.com/hyperledger/fabric-chaincode-go/contractapi/metadata/metadata.go:116.2,116.60 1 1
github.com/hyperledger/fabric-chaincode-go/contractapi/metadata/metadata.go:102.46,104.3 1 1
github.com/hyperledger/fabric-chaincode-go/contractapi/metadata/metadata.go:106.29,107.27 1 1
github.com/hyperledger/fabric-chaincode-go/contractapi/metadata/metadata.go:111.3,111.44 1 1
github.com/hyperledger/fabric-chaincode-go/contractapi/metadata/metadata.go:107.27,109.4 1 1
github.com/hyperledger/fabric-chaincode-go/contractapi/metadata/metadata.go:111.44,113.4 1 1
github.com/hyperledger/fabric-chaincode-go/contractapi/metadata/metadata.go:116.60,118.3 1 1
github.com/hyperledger/fabric-chaincode-go/contractapi/metadata/metadata.go:122.60,127.20 3 1
github.com/hyperledger/fabric-chaincode-go/contractapi/metadata/metadata.go:130.2,135.27 4 1
github.com/hyperledger/fabric-chaincode-go/contractapi/metadata/metadata.go:139.2,143.16 3 1
github.com/hyperledger/fabric-chaincode-go/contractapi/metadata/metadata.go:147.2,149.26 2 1
github.com/hyperledger/fabric-chaincode-go/contractapi/metadata/metadata.go:127.20,129.3 1 1
github.com/hyperledger/fabric-chaincode-go/contractapi/metadata/metadata.go:135.27,137.3 1 1
github.com/hyperledger/fabric-chaincode-go/contractapi/metadata/metadata.go:143.16,145.3 1 1
github.com/hyperledger/fabric-chaincode-go/contractapi/metadata/metadata.go:154.70,157.16 2 1
github.com/hyperledger/fabric-chaincode-go/contractapi/metadata/metadata.go:161.2,170.21 6 1
github.com/hyperledger/fabric-chaincode-go/contractapi/metadata/metadata.go:174.2,174.12 1 1
github.com/hyperledger/fabric-chaincode-go/contractapi/metadata/metadata.go:157.16,159.3 1 1
github.com/hyperledger/fabric-chaincode-go/contractapi/metadata/metadata.go:170.21,172.3 1 1
github.com/hyperledger/fabric-chaincode-go/contractapi/metadata/schema.go:16.89,20.51 3 1
github.com/hyperledger/fabric-chaincode-go/contractapi/metadata/schema.go:36.2,36.16 1 1
github.com/hyperledger/fabric-chaincode-go/contractapi/metadata/schema.go:40.2,40.20 1 1
github.com/hyperledger/fabric-chaincode-go/contractapi/metadata/schema.go:20.51,21.36 1 1
github.com/hyperledger/fabric-chaincode-go/contractapi/metadata/schema.go:21.36,23.4 1 1
github.com/hyperledger/fabric-chaincode-go/contractapi/metadata/schema.go:23.9,23.43 1 1
github.com/hyperledger/fabric-chaincode-go/contractapi/metadata/schema.go:23.43,25.4 1 1
github.com/hyperledger/fabric-chaincode-go/contractapi/metadata/schema.go:25.9,25.41 1 1
github.com/hyperledger/fabric-chaincode-go/contractapi/metadata/schema.go:25.41,27.4 1 1
github.com/hyperledger/fabric-chaincode-go/contractapi/metadata/schema.go:27.9,27.118 1 1
github.com/hyperledger/fabric-chaincode-go/contractapi/metadata/schema.go:27.118,29.4 1 1
github.com/hyperledger/fabric-chaincode-go/contractapi/metadata/schema.go:29.9,31.4 1 1
github.com/hyperledger/fabric-chaincode-go/contractapi/metadata/schema.go:32.8,34.3 1 1
github.com/hyperledger/fabric-chaincode-go/contractapi/metadata/schema.go:36.16,38.3 1 1
github.com/hyperledger/fabric-chaincode-go/contractapi/metadata/schema.go:43.97,44.21 1 1
github.com/hyperledger/fabric-chaincode-go/contractapi/metadata/schema.go:48.2,50.16 2 1
github.com/hyperledger/fabric-chaincode-go/contractapi/metadata/schema.go:54.2,54.45 1 1
github.com/hyperledger/fabric-chaincode-go/contractapi/metadata/schema.go:44.21,46.3 1 1
github.com/hyperledger/fabric-chaincode-go/contractapi/metadata/schema.go:50.16,52.3 1 1
github.com/hyperledger/fabric-chaincode-go/contractapi/metadata/schema.go:57.97,58.21 1 1
github.com/hyperledger/fabric-chaincode-go/contractapi/metadata/schema.go:62.2,64.16 2 1
github.com/hyperledger/fabric-chaincode-go/contractapi/metadata/schema.go:68.2,68.45 1 1
github.com/hyperledger/fabric-chaincode-go/contractapi/metadata/schema.go:58.21,60.3 1 1
github.com/hyperledger/fabric-chaincode-go/contractapi/metadata/schema.go:64.16,66.3 1 1
github.com/hyperledger/fabric-chaincode-go/contractapi/metadata/schema.go:71.94,74.16 2 1
github.com/hyperledger/fabric-chaincode-go/contractapi/metadata/schema.go:78.2,78.43 1 1
github.com/hyperledger/fabric-chaincode-go/contractapi/metadata/schema.go:74.16,76.3 1 1
github.com/hyperledger/fabric-chaincode-go/contractapi/metadata/schema.go:81.85,82.31 1 1
github.com/hyperledger/fabric-chaincode-go/contractapi/metadata/schema.go:86.2,86.49 1 1
github.com/hyperledger/fabric-chaincode-go/contractapi/metadata/schema.go:90.2,95.38 5 1
github.com/hyperledger/fabric-chaincode-go/contractapi/metadata/schema.go:119.2,121.12 2 1
github.com/hyperledger/fabric-chaincode-go/contractapi/metadata/schema.go:82.31,84.3 1 1
github.com/hyperledger/fabric-chaincode-go/contractapi/metadata/schema.go:86.49,88.3 1 1
github.com/hyperledger/fabric-chaincode-go/contractapi/metadata/schema.go:95.38,96.79 1 1
github.com/hyperledger/fabric-chaincode-go/contractapi/metadata/schema.go:100.3,102.17 2 1
github.com/hyperledger/fabric-chaincode-go/contractapi/metadata/schema.go:106.3,110.17 3 1
github.com/hyperledger/fabric-chaincode-go/contractapi/metadata/schema.go:114.3,116.40 2 1
github.com/hyperledger/fabric-chaincode-go/contractapi/metadata/schema.go:96.79,97.9 1 1
github.com/hyperledger/fabric-chaincode-go/contractapi/metadata/schema.go:102.17,104.4 1 1
github.com/hyperledger/fabric-chaincode-go/contractapi/metadata/schema.go:110.17,112.4 1 1
github.com/hyperledger/fabric-chaincode-go/contractapi/metadata/schema.go:124.95,125.31 1 1
github.com/hyperledger/fabric-chaincode-go/contractapi/metadata/schema.go:129.2,131.16 2 1
github.com/hyperledger/fabric-chaincode-go/contractapi/metadata/schema.go:135.2,135.66 1 1
github.com/hyperledger/fabric-chaincode-go/contractapi/metadata/schema.go:125.31,127.3 1 1
github.com/hyperledger/fabric-chaincode-go/contractapi/metadata/schema.go:131.16,133.3 1 1
